[info] Loading project definition from /home/valdis/scala-native/project
[info] Resolving key references (12160 settings) ...
[info] Set current project to scala-native (in build file:/home/valdis/scala-native/)
[success] Total time: 1 s, completed Oct 25, 2018 11:00:21 PM
[success] Total time: 0 s, completed Oct 25, 2018 11:00:21 PM
[success] Total time: 0 s, completed Oct 25, 2018 11:00:21 PM
[info] Fetching Scala source version 2.11.12 from /home/valdis/scala-2.11.11-only
[info] Updating {file:/home/valdis/scala-native/}nscplugin...
[info] Packaging /home/valdis/scala-native/nscplugin/target/scala-2.11/nscplugin_2.11.12-0.3.9-SNAPSHOT-sources.jar ...
[info] Done packaging.
[info] Wrote /home/valdis/scala-native/nscplugin/target/scala-2.11/nscplugin_2.11.12-0.3.9-SNAPSHOT.pom
[info] Resolving org.scala-lang#scala-compiler;2.11.12 ...
[info] Resolving org.scala-lang#scala-library;2.11.12 ...
[info] Resolving org.scala-lang#scala-reflect;2.11.12 ...
[info] Resolving org.scala-lang.modules#scala-xml_2.11;1.0.5 ...
[info] Resolving org.scala-lang.modules#scala-parser-combinators_2.11;1.0.4 ...
[info] Resolving jline#jline;2.14.3 ...
[info] Done updating.
[info] :: delivering :: org.scala-native#nscplugin_2.11.12;0.3.9-SNAPSHOT :: 0.3.9-SNAPSHOT :: integration :: Thu Oct 25 23:00:21 CEST 2018
[info] 	delivering ivy file to /home/valdis/scala-native/nscplugin/target/scala-2.11/ivy-0.3.9-SNAPSHOT.xml
[info] Main Scala API documentation to /home/valdis/scala-native/nscplugin/target/scala-2.11/api...
[info] Compiling 45 Scala sources to /home/valdis/scala-native/nscplugin/target/scala-2.11/classes...
[info] Checking out Scala source version 2.11.12
model contains 266 documentable templates
[warn] /home/valdis/scala-native/nir/src/main/scala/scala/scalanative/nir/Types.scala:24: match may not be exhaustive.
[warn] It would fail on the following inputs: Byte, Int, Long, Short, UByte, UInt, ULong, UShort
[warn]     def printType(ty: nir.Type): Unit = ty match {
[warn]                                         ^
[warn] /home/valdis/scala-native/nscplugin/src/main/scala/scala/scalanative/nscplugin/NirGenExpr.scala:1354: match may not be exhaustive.
[warn] It would fail on the following inputs: (Nothing, Double), (Nothing, Long), (Nothing, Short), (Nothing, ULong), (Nothing, Void)
[warn]         val conv = (fromty, toty) match {
[warn]                    ^
[info] Main Scala API documentation successful.
[info] Packaging /home/valdis/scala-native/nscplugin/target/scala-2.11/nscplugin_2.11.12-0.3.9-SNAPSHOT-javadoc.jar ...
[info] Done packaging.
[warn] there were two unchecked warnings; re-run with -unchecked for details
[warn] three warnings found
[info] Packaging /home/valdis/scala-native/nscplugin/target/scala-2.11/nscplugin_2.11.12-0.3.9-SNAPSHOT.jar ...
[info] Done packaging.
[info] 	published nscplugin_2.11.12 to /home/valdis/.ivy2/local/org.scala-native/nscplugin_2.11.12/0.3.9-SNAPSHOT/poms/nscplugin_2.11.12.pom
[info] 	published nscplugin_2.11.12 to /home/valdis/.ivy2/local/org.scala-native/nscplugin_2.11.12/0.3.9-SNAPSHOT/jars/nscplugin_2.11.12.jar
[info] 	published nscplugin_2.11.12 to /home/valdis/.ivy2/local/org.scala-native/nscplugin_2.11.12/0.3.9-SNAPSHOT/srcs/nscplugin_2.11.12-sources.jar
[info] 	published nscplugin_2.11.12 to /home/valdis/.ivy2/local/org.scala-native/nscplugin_2.11.12/0.3.9-SNAPSHOT/docs/nscplugin_2.11.12-javadoc.jar
[info] 	published ivy to /home/valdis/.ivy2/local/org.scala-native/nscplugin_2.11.12/0.3.9-SNAPSHOT/ivys/ivy.xml
[info] Packaging /home/valdis/scala-native/nativelib/target/scala-2.11/nativelib_native0.3.9-SNAPSHOT_2.11-0.3.9-SNAPSHOT-sources.jar ...
[info] Updating {file:/home/valdis/scala-native/}nativelib...
[info] Wrote /home/valdis/scala-native/nativelib/target/scala-2.11/nativelib_native0.3.9-SNAPSHOT_2.11-0.3.9-SNAPSHOT.pom
[info] Resolving org.scala-lang#scala-library;2.11.12 ...
[info] Resolving org.scala-lang#scala-reflect;2.11.12 ...
[info] Done packaging.
[info] Resolving org.scala-native#nscplugin_2.11.12;0.3.9-SNAPSHOT ...
[info] Resolving org.scala-native#nscplugin_2.11.12;0.3.9-SNAPSHOT ...
[info] Resolving org.scala-lang#scala-compiler;2.11.12 ...
[info] Resolving org.scala-lang.modules#scala-xml_2.11;1.0.5 ...
[info] Resolving org.scala-lang.modules#scala-parser-combinators_2.11;1.0.4 ...
[info] Resolving jline#jline;2.14.3 ...
[info] Done updating.
[info] :: delivering :: org.scala-native#nativelib_native0.3.9-SNAPSHOT_2.11;0.3.9-SNAPSHOT :: 0.3.9-SNAPSHOT :: integration :: Thu Oct 25 23:00:37 CEST 2018
[info] 	delivering ivy file to /home/valdis/scala-native/nativelib/target/scala-2.11/ivy-0.3.9-SNAPSHOT.xml
[info] Compiling 42 Scala sources to /home/valdis/scala-native/nativelib/target/scala-2.11/classes...
[info] Main Scala API documentation to /home/valdis/scala-native/nativelib/target/scala-2.11/api...
[warn] dropping dependency on node with no phase object: mixin
[warn] there were 25 feature warnings; re-run with -feature for details
model contains 200 documentable templates
[warn] one warning found
[info] Main Scala API documentation successful.
[info] Packaging /home/valdis/scala-native/nativelib/target/scala-2.11/nativelib_native0.3.9-SNAPSHOT_2.11-0.3.9-SNAPSHOT-javadoc.jar ...
[info] Done packaging.
[warn] there were 25 feature warnings; re-run with -feature for details
[warn] one warning found
[info] Because /home/valdis/scala-native/nativelib/src/main/scala/scala/scalanative/native/package.scala contains a macro definition, the following dependencies are invalidated unconditionally:
[info] 	/home/valdis/scala-native/nativelib/src/main/scala/java/lang/Class.scala
[info] 	/home/valdis/scala-native/nativelib/src/main/scala/java/lang/Object.scala
[info] 	/home/valdis/scala-native/nativelib/src/main/scala/scala/scalanative/native/Ptr.scala
[info] 	/home/valdis/scala-native/nativelib/src/main/scala/scala/scalanative/native/Zone.scala
[info] 	/home/valdis/scala-native/nativelib/src/main/scala/scala/scalanative/runtime/Arrays.scala
[info] 	/home/valdis/scala-native/nativelib/src/main/scala/scala/scalanative/runtime/Boxes.scala
[info] 	/home/valdis/scala-native/nativelib/src/main/scala/scala/scalanative/runtime/DeleteOnExit.scala
[info] 	/home/valdis/scala-native/nativelib/src/main/scala/scala/scalanative/runtime/GC.scala
[info] 	/home/valdis/scala-native/nativelib/src/main/scala/scala/scalanative/runtime/Intrinsics.scala
[info] 	/home/valdis/scala-native/nativelib/src/main/scala/scala/scalanative/runtime/Platform.scala
[info] 	/home/valdis/scala-native/nativelib/src/main/scala/scala/scalanative/runtime/Shutdown.scala
[info] 	/home/valdis/scala-native/nativelib/src/main/scala/scala/scalanative/runtime/libc.scala
[info] 	/home/valdis/scala-native/nativelib/src/main/scala/scala/scalanative/runtime/package.scala
[info] 	/home/valdis/scala-native/nativelib/src/main/scala/scala/scalanative/runtime/time.scala
[info] 	/home/valdis/scala-native/nativelib/src/main/scala/scala/scalanative/runtime/unwind.scala
[info] 	/home/valdis/scala-native/nativelib/src/main/scala/scala/scalanative/runtime/zlib.scala
[info] Packaging /home/valdis/scala-native/nativelib/target/scala-2.11/nativelib_native0.3.9-SNAPSHOT_2.11-0.3.9-SNAPSHOT.jar ...
[info] Done packaging.
[info] 	published nativelib_native0.3.9-SNAPSHOT_2.11 to /home/valdis/.ivy2/local/org.scala-native/nativelib_native0.3.9-SNAPSHOT_2.11/0.3.9-SNAPSHOT/poms/nativelib_native0.3.9-SNAPSHOT_2.11.pom
[info] 	published nativelib_native0.3.9-SNAPSHOT_2.11 to /home/valdis/.ivy2/local/org.scala-native/nativelib_native0.3.9-SNAPSHOT_2.11/0.3.9-SNAPSHOT/jars/nativelib_native0.3.9-SNAPSHOT_2.11.jar
[info] 	published nativelib_native0.3.9-SNAPSHOT_2.11 to /home/valdis/.ivy2/local/org.scala-native/nativelib_native0.3.9-SNAPSHOT_2.11/0.3.9-SNAPSHOT/srcs/nativelib_native0.3.9-SNAPSHOT_2.11-sources.jar
[info] 	published nativelib_native0.3.9-SNAPSHOT_2.11 to /home/valdis/.ivy2/local/org.scala-native/nativelib_native0.3.9-SNAPSHOT_2.11/0.3.9-SNAPSHOT/docs/nativelib_native0.3.9-SNAPSHOT_2.11-javadoc.jar
[info] 	published ivy to /home/valdis/.ivy2/local/org.scala-native/nativelib_native0.3.9-SNAPSHOT_2.11/0.3.9-SNAPSHOT/ivys/ivy.xml
[info] Packaging /home/valdis/scala-native/clib/target/scala-2.11/clib_native0.3.9-SNAPSHOT_2.11-0.3.9-SNAPSHOT-sources.jar ...
[info] Done packaging.
[info] Updating {file:/home/valdis/scala-native/}clib...
[info] Wrote /home/valdis/scala-native/clib/target/scala-2.11/clib_native0.3.9-SNAPSHOT_2.11-0.3.9-SNAPSHOT.pom
[info] Resolving org.scala-lang#scala-library;2.11.12 ...
[info] Resolving org.scala-native#nativelib_native0.3.9-SNAPSHOT_2.11;0.3.9-SNAPSHOT ...
[info] Resolving org.scala-lang#scala-reflect;2.11.12 ...
[info] Resolving org.scala-native#nscplugin_2.11.12;0.3.9-SNAPSHOT ...
[info] Resolving org.scala-native#nscplugin_2.11.12;0.3.9-SNAPSHOT ...
[info] Resolving org.scala-lang#scala-compiler;2.11.12 ...
[info] Resolving org.scala-lang.modules#scala-xml_2.11;1.0.5 ...
[info] Resolving org.scala-lang.modules#scala-parser-combinators_2.11;1.0.4 ...
[info] Resolving jline#jline;2.14.3 ...
[info] Done updating.
[info] :: delivering :: org.scala-native#clib_native0.3.9-SNAPSHOT_2.11;0.3.9-SNAPSHOT :: 0.3.9-SNAPSHOT :: integration :: Thu Oct 25 23:00:43 CEST 2018
[info] 	delivering ivy file to /home/valdis/scala-native/clib/target/scala-2.11/ivy-0.3.9-SNAPSHOT.xml
[info] Main Scala API documentation to /home/valdis/scala-native/clib/target/scala-2.11/api...
[info] Compiling 9 Scala sources to /home/valdis/scala-native/clib/target/scala-2.11/classes...
[warn] dropping dependency on node with no phase object: mixin
model contains 16 documentable templates
[info] Main Scala API documentation successful.
[info] Packaging /home/valdis/scala-native/clib/target/scala-2.11/clib_native0.3.9-SNAPSHOT_2.11-0.3.9-SNAPSHOT-javadoc.jar ...
[info] Done packaging.
[info] Packaging /home/valdis/scala-native/clib/target/scala-2.11/clib_native0.3.9-SNAPSHOT_2.11-0.3.9-SNAPSHOT.jar ...
[info] Done packaging.
[info] 	published clib_native0.3.9-SNAPSHOT_2.11 to /home/valdis/.ivy2/local/org.scala-native/clib_native0.3.9-SNAPSHOT_2.11/0.3.9-SNAPSHOT/poms/clib_native0.3.9-SNAPSHOT_2.11.pom
[info] 	published clib_native0.3.9-SNAPSHOT_2.11 to /home/valdis/.ivy2/local/org.scala-native/clib_native0.3.9-SNAPSHOT_2.11/0.3.9-SNAPSHOT/jars/clib_native0.3.9-SNAPSHOT_2.11.jar
[info] 	published clib_native0.3.9-SNAPSHOT_2.11 to /home/valdis/.ivy2/local/org.scala-native/clib_native0.3.9-SNAPSHOT_2.11/0.3.9-SNAPSHOT/srcs/clib_native0.3.9-SNAPSHOT_2.11-sources.jar
[info] 	published clib_native0.3.9-SNAPSHOT_2.11 to /home/valdis/.ivy2/local/org.scala-native/clib_native0.3.9-SNAPSHOT_2.11/0.3.9-SNAPSHOT/docs/clib_native0.3.9-SNAPSHOT_2.11-javadoc.jar
[info] 	published ivy to /home/valdis/.ivy2/local/org.scala-native/clib_native0.3.9-SNAPSHOT_2.11/0.3.9-SNAPSHOT/ivys/ivy.xml
[info] Packaging /home/valdis/scala-native/posixlib/target/scala-2.11/posixlib_native0.3.9-SNAPSHOT_2.11-0.3.9-SNAPSHOT-sources.jar ...
[info] Updating {file:/home/valdis/scala-native/}posixlib...
[info] Done packaging.
[info] Wrote /home/valdis/scala-native/posixlib/target/scala-2.11/posixlib_native0.3.9-SNAPSHOT_2.11-0.3.9-SNAPSHOT.pom
[info] Resolving org.scala-lang#scala-library;2.11.12 ...
[info] Resolving org.scala-native#clib_native0.3.9-SNAPSHOT_2.11;0.3.9-SNAPSHOT ...
[info] Resolving org.scala-native#nativelib_native0.3.9-SNAPSHOT_2.11;0.3.9-SNAPSHOT ...
[info] Resolving org.scala-lang#scala-reflect;2.11.12 ...
[info] Resolving org.scala-native#nscplugin_2.11.12;0.3.9-SNAPSHOT ...
[info] Resolving org.scala-native#nscplugin_2.11.12;0.3.9-SNAPSHOT ...
[info] Resolving org.scala-lang#scala-compiler;2.11.12 ...
[info] Resolving org.scala-lang.modules#scala-xml_2.11;1.0.5 ...
[info] Resolving org.scala-lang.modules#scala-parser-combinators_2.11;1.0.4 ...
[info] Resolving jline#jline;2.14.3 ...
[info] Done updating.
[info] :: delivering :: org.scala-native#posixlib_native0.3.9-SNAPSHOT_2.11;0.3.9-SNAPSHOT :: 0.3.9-SNAPSHOT :: integration :: Thu Oct 25 23:00:44 CEST 2018
[info] 	delivering ivy file to /home/valdis/scala-native/posixlib/target/scala-2.11/ivy-0.3.9-SNAPSHOT.xml
[info] Compiling 32 Scala sources to /home/valdis/scala-native/posixlib/target/scala-2.11/classes...
[info] Main Scala API documentation to /home/valdis/scala-native/posixlib/target/scala-2.11/api...
[warn] dropping dependency on node with no phase object: mixin
model contains 63 documentable templates
[info] Main Scala API documentation successful.
[info] Packaging /home/valdis/scala-native/posixlib/target/scala-2.11/posixlib_native0.3.9-SNAPSHOT_2.11-0.3.9-SNAPSHOT-javadoc.jar ...
[info] Done packaging.
[info] Packaging /home/valdis/scala-native/posixlib/target/scala-2.11/posixlib_native0.3.9-SNAPSHOT_2.11-0.3.9-SNAPSHOT.jar ...
[info] Done packaging.
[info] 	published posixlib_native0.3.9-SNAPSHOT_2.11 to /home/valdis/.ivy2/local/org.scala-native/posixlib_native0.3.9-SNAPSHOT_2.11/0.3.9-SNAPSHOT/poms/posixlib_native0.3.9-SNAPSHOT_2.11.pom
[info] 	published posixlib_native0.3.9-SNAPSHOT_2.11 to /home/valdis/.ivy2/local/org.scala-native/posixlib_native0.3.9-SNAPSHOT_2.11/0.3.9-SNAPSHOT/jars/posixlib_native0.3.9-SNAPSHOT_2.11.jar
[info] 	published posixlib_native0.3.9-SNAPSHOT_2.11 to /home/valdis/.ivy2/local/org.scala-native/posixlib_native0.3.9-SNAPSHOT_2.11/0.3.9-SNAPSHOT/srcs/posixlib_native0.3.9-SNAPSHOT_2.11-sources.jar
[info] 	published posixlib_native0.3.9-SNAPSHOT_2.11 to /home/valdis/.ivy2/local/org.scala-native/posixlib_native0.3.9-SNAPSHOT_2.11/0.3.9-SNAPSHOT/docs/posixlib_native0.3.9-SNAPSHOT_2.11-javadoc.jar
[info] 	published ivy to /home/valdis/.ivy2/local/org.scala-native/posixlib_native0.3.9-SNAPSHOT_2.11/0.3.9-SNAPSHOT/ivys/ivy.xml
[info] Updating {file:/home/valdis/scala-native/}javalib...
[info] Wrote /home/valdis/scala-native/javalib/target/scala-2.11/javalib_native0.3.9-SNAPSHOT_2.11-0.3.9-SNAPSHOT.pom
[info] Resolving org.scala-lang#scala-library;2.11.12 ...
[info] Packaging /home/valdis/scala-native/javalib/target/scala-2.11/javalib_native0.3.9-SNAPSHOT_2.11-0.3.9-SNAPSHOT-sources.jar ...
[info] Resolving org.scala-native#nativelib_native0.3.9-SNAPSHOT_2.11;0.3.9-SNAPSHOT ...
[info] Resolving org.scala-lang#scala-reflect;2.11.12 ...
[info] Resolving org.scala-native#posixlib_native0.3.9-SNAPSHOT_2.11;0.3.9-SNAPSHOT ...
[info] Resolving org.scala-native#clib_native0.3.9-SNAPSHOT_2.11;0.3.9-SNAPSHOT ...
[info] Resolving org.scala-native#nscplugin_2.11.12;0.3.9-SNAPSHOT ...
[info] Resolving org.scala-native#nscplugin_2.11.12;0.3.9-SNAPSHOT ...
[info] Done packaging.
[info] Resolving org.scala-lang#scala-compiler;2.11.12 ...
[info] Resolving org.scala-lang.modules#scala-xml_2.11;1.0.5 ...
[info] Resolving org.scala-lang.modules#scala-parser-combinators_2.11;1.0.4 ...
[info] Resolving jline#jline;2.14.3 ...
[info] Done updating.
[info] :: delivering :: org.scala-native#javalib_native0.3.9-SNAPSHOT_2.11;0.3.9-SNAPSHOT :: 0.3.9-SNAPSHOT :: integration :: Thu Oct 25 23:00:47 CEST 2018
[info] 	delivering ivy file to /home/valdis/scala-native/javalib/target/scala-2.11/ivy-0.3.9-SNAPSHOT.xml
[info] Packaging /home/valdis/scala-native/javalib/target/scala-2.11/javalib_native0.3.9-SNAPSHOT_2.11-0.3.9-SNAPSHOT-javadoc.jar ...
[info] Done packaging.
[info] Compiling 382 Scala sources to /home/valdis/scala-native/javalib/target/scala-2.11/classes...
[info] Packaging /home/valdis/scala-native/javalib/target/scala-2.11/javalib_native0.3.9-SNAPSHOT_2.11-0.3.9-SNAPSHOT.jar ...
[info] Done packaging.
[info] 	published javalib_native0.3.9-SNAPSHOT_2.11 to /home/valdis/.ivy2/local/org.scala-native/javalib_native0.3.9-SNAPSHOT_2.11/0.3.9-SNAPSHOT/poms/javalib_native0.3.9-SNAPSHOT_2.11.pom
[info] 	published javalib_native0.3.9-SNAPSHOT_2.11 to /home/valdis/.ivy2/local/org.scala-native/javalib_native0.3.9-SNAPSHOT_2.11/0.3.9-SNAPSHOT/jars/javalib_native0.3.9-SNAPSHOT_2.11.jar
[info] 	published javalib_native0.3.9-SNAPSHOT_2.11 to /home/valdis/.ivy2/local/org.scala-native/javalib_native0.3.9-SNAPSHOT_2.11/0.3.9-SNAPSHOT/srcs/javalib_native0.3.9-SNAPSHOT_2.11-sources.jar
[info] 	published javalib_native0.3.9-SNAPSHOT_2.11 to /home/valdis/.ivy2/local/org.scala-native/javalib_native0.3.9-SNAPSHOT_2.11/0.3.9-SNAPSHOT/docs/javalib_native0.3.9-SNAPSHOT_2.11-javadoc.jar
[info] 	published ivy to /home/valdis/.ivy2/local/org.scala-native/javalib_native0.3.9-SNAPSHOT_2.11/0.3.9-SNAPSHOT/ivys/ivy.xml
[info] Packaging /home/valdis/scala-native/auxlib/target/scala-2.11/auxlib_native0.3.9-SNAPSHOT_2.11-0.3.9-SNAPSHOT-sources.jar ...
[info] Done packaging.
[info] Updating {file:/home/valdis/scala-native/}auxlib...
[info] Wrote /home/valdis/scala-native/auxlib/target/scala-2.11/auxlib_native0.3.9-SNAPSHOT_2.11-0.3.9-SNAPSHOT.pom
[info] Resolving org.scala-lang#scala-library;2.11.12 ...
[info] Resolving org.scala-native#nativelib_native0.3.9-SNAPSHOT_2.11;0.3.9-SNAPSHOT ...
[info] Resolving org.scala-lang#scala-reflect;2.11.12 ...
[info] Resolving org.scala-native#nscplugin_2.11.12;0.3.9-SNAPSHOT ...
[info] Resolving org.scala-native#nscplugin_2.11.12;0.3.9-SNAPSHOT ...
[info] Resolving org.scala-lang#scala-compiler;2.11.12 ...
[info] Resolving org.scala-lang.modules#scala-xml_2.11;1.0.5 ...
[info] Resolving org.scala-lang.modules#scala-parser-combinators_2.11;1.0.4 ...
[info] Resolving jline#jline;2.14.3 ...
[info] Done updating.
[info] :: delivering :: org.scala-native#auxlib_native0.3.9-SNAPSHOT_2.11;0.3.9-SNAPSHOT :: 0.3.9-SNAPSHOT :: integration :: Thu Oct 25 23:01:03 CEST 2018
[info] 	delivering ivy file to /home/valdis/scala-native/auxlib/target/scala-2.11/ivy-0.3.9-SNAPSHOT.xml
[info] Main Scala API documentation to /home/valdis/scala-native/auxlib/target/scala-2.11/api...
[info] Compiling 5 Scala sources to /home/valdis/scala-native/auxlib/target/scala-2.11/classes...
[warn] dropping dependency on node with no phase object: mixin
model contains 46 documentable templates
[info] Main Scala API documentation successful.
[info] Packaging /home/valdis/scala-native/auxlib/target/scala-2.11/auxlib_native0.3.9-SNAPSHOT_2.11-0.3.9-SNAPSHOT-javadoc.jar ...
[info] Done packaging.
[info] Packaging /home/valdis/scala-native/auxlib/target/scala-2.11/auxlib_native0.3.9-SNAPSHOT_2.11-0.3.9-SNAPSHOT.jar ...
[info] Done packaging.
[info] 	published auxlib_native0.3.9-SNAPSHOT_2.11 to /home/valdis/.ivy2/local/org.scala-native/auxlib_native0.3.9-SNAPSHOT_2.11/0.3.9-SNAPSHOT/poms/auxlib_native0.3.9-SNAPSHOT_2.11.pom
[info] 	published auxlib_native0.3.9-SNAPSHOT_2.11 to /home/valdis/.ivy2/local/org.scala-native/auxlib_native0.3.9-SNAPSHOT_2.11/0.3.9-SNAPSHOT/jars/auxlib_native0.3.9-SNAPSHOT_2.11.jar
[info] 	published auxlib_native0.3.9-SNAPSHOT_2.11 to /home/valdis/.ivy2/local/org.scala-native/auxlib_native0.3.9-SNAPSHOT_2.11/0.3.9-SNAPSHOT/srcs/auxlib_native0.3.9-SNAPSHOT_2.11-sources.jar
[info] 	published auxlib_native0.3.9-SNAPSHOT_2.11 to /home/valdis/.ivy2/local/org.scala-native/auxlib_native0.3.9-SNAPSHOT_2.11/0.3.9-SNAPSHOT/docs/auxlib_native0.3.9-SNAPSHOT_2.11-javadoc.jar
[info] 	published ivy to /home/valdis/.ivy2/local/org.scala-native/auxlib_native0.3.9-SNAPSHOT_2.11/0.3.9-SNAPSHOT/ivys/ivy.xml
[info] Updating {file:/home/valdis/scala-native/}scalalib...
[info] Wrote /home/valdis/scala-native/scalalib/target/scala-2.11/scalalib_native0.3.9-SNAPSHOT_2.11-0.3.9-SNAPSHOT.pom
[info] Resolving org.scala-lang#scala-library;2.11.12 ...
[info] Packaging /home/valdis/scala-native/scalalib/target/scala-2.11/scalalib_native0.3.9-SNAPSHOT_2.11-0.3.9-SNAPSHOT-sources.jar ...
[info] Resolving org.scala-native#auxlib_native0.3.9-SNAPSHOT_2.11;0.3.9-SNAPSHOT ...
[info] Resolving org.scala-native#nativelib_native0.3.9-SNAPSHOT_2.11;0.3.9-SNAPSHOT ...
[info] Resolving org.scala-lang#scala-reflect;2.11.12 ...
[info] Resolving org.scala-native#javalib_native0.3.9-SNAPSHOT_2.11;0.3.9-SNAPSHOT ...
[info] Resolving org.scala-native#posixlib_native0.3.9-SNAPSHOT_2.11;0.3.9-SNAPSHOT ...
[info] Resolving org.scala-native#clib_native0.3.9-SNAPSHOT_2.11;0.3.9-SNAPSHOT ...
[info] Resolving org.scala-native#nscplugin_2.11.12;0.3.9-SNAPSHOT ...
[info] Resolving org.scala-native#nscplugin_2.11.12;0.3.9-SNAPSHOT ...
[info] Resolving org.scala-lang#scala-compiler;2.11.12 ...
[info] Done packaging.
[info] Resolving org.scala-lang.modules#scala-xml_2.11;1.0.5 ...
[info] Resolving org.scala-lang.modules#scala-parser-combinators_2.11;1.0.4 ...
[info] Resolving jline#jline;2.14.3 ...
[info] Done updating.
[info] :: delivering :: org.scala-native#scalalib_native0.3.9-SNAPSHOT_2.11;0.3.9-SNAPSHOT :: 0.3.9-SNAPSHOT :: integration :: Thu Oct 25 23:01:04 CEST 2018
[info] 	delivering ivy file to /home/valdis/scala-native/scalalib/target/scala-2.11/ivy-0.3.9-SNAPSHOT.xml
[info] Compiling 582 Scala sources to /home/valdis/scala-native/scalalib/target/scala-2.11/classes...
[info] Main Scala API documentation to /home/valdis/scala-native/scalalib/target/scala-2.11/api...
[warn] dropping dependency on node with no phase object: mixin
[warn] there were two deprecation warnings; re-run with -deprecation for details
[warn] /home/valdis/scala-native/scalalib/src/main/scala/scala/collection/GenIterableLike.scala:101: Could not find the type $Coll points to while expanding it for the usecase signature of method zipWithIndex in class StringOps.In this context, $Coll = "String".
[warn]    *  @usecase def zipWithIndex: $Coll[(A, Int)]
[warn]                ^
[warn] /home/valdis/scala-native/scalalib/src/main/scala/scala/collection/GenIterableLike.scala:73: Could not find the type $Coll points to while expanding it for the usecase signature of method zip in class StringOps.In this context, $Coll = "String".
[warn]    *  @usecase def zip[B](that: GenIterable[B]): $Coll[(A, B)]
[warn]                ^
[warn] /home/valdis/scala-native/scalalib/src/main/scala/scala/collection/GenSeqLike.scala:364: Could not find the type $Coll points to while expanding it for the usecase signature of method padTo in class StringOps.In this context, $Coll = "String".
[warn]    *  @usecase def padTo(len: Int, elem: A): $Coll[A]
[warn]                ^
[warn] /home/valdis/scala-native/scalalib/src/main/scala/scala/collection/GenSeqLike.scala:332: Could not find the type $Coll points to while expanding it for the usecase signature of method :+ in class StringOps.In this context, $Coll = "String".
[warn]    *  @usecase def :+(elem: A): $Coll[A]
[warn]                ^
[warn] /home/valdis/scala-native/scalalib/src/main/scala/scala/collection/GenSeqLike.scala:296: Could not find the type $Coll points to while expanding it for the usecase signature of method +: in class StringOps.In this context, $Coll = "String".
[warn]    *  @usecase def +:(elem: A): $Coll[A]
[warn]                ^
[warn] /home/valdis/scala-native/scalalib/src/main/scala/scala/collection/GenSeqLike.scala:280: Could not find the type $Coll points to while expanding it for the usecase signature of method updated in class StringOps.In this context, $Coll = "String".
[warn]    *  @usecase def updated(index: Int, elem: A): $Coll[A]
[warn]                ^
[warn] /home/valdis/scala-native/scalalib/src/main/scala/scala/collection/GenSeqLike.scala:262: Could not find the type $Coll points to while expanding it for the usecase signature of method patch in class StringOps.In this context, $Coll = "String".
[warn]    *  @usecase def patch(from: Int, that: GenSeq[A], replaced: Int): $Coll[A]
[warn]                ^
[warn] /home/valdis/scala-native/scalalib/src/main/scala/scala/collection/SeqLike.scala:467: Could not find the type $Coll points to while expanding it for the usecase signature of method intersect in class StringOps.In this context, $Coll = "String".
[warn]    *  @usecase def intersect(that: Seq[A]): $Coll[A]
[warn]                ^
[warn] /home/valdis/scala-native/scalalib/src/main/scala/scala/collection/SeqLike.scala:436: Could not find the type $Coll points to while expanding it for the usecase signature of method diff in class StringOps.In this context, $Coll = "String".
[warn]    *  @usecase def diff(that: Seq[A]): $Coll[A]
[warn]                ^
[warn] /home/valdis/scala-native/scalalib/src/main/scala/scala/collection/SeqLike.scala:412: Could not find the type $Coll points to while expanding it for the usecase signature of method union in class StringOps.In this context, $Coll = "String".
[warn]    *  @usecase def union(that: Seq[A]): $Coll[A]
[warn]                ^
[warn] /home/valdis/scala-native/scalalib/src/main/scala/scala/collection/GenSeqLike.scala:212: Could not find the type $Coll points to while expanding it for the usecase signature of method reverseMap in class StringOps.In this context, $Coll = "String".
[warn]    *  @usecase def reverseMap[B](f: A => B): $Coll[B]
[warn]                ^
[warn] /home/valdis/scala-native/scalalib/src/main/scala/scala/collection/GenIterableLike.scala:128: Could not find the type $Coll points to while expanding it for the usecase signature of method zipAll in class StringOps.In this context, $Coll = "String".
[warn]    *  @usecase def zipAll[B](that: Iterable[B], thisElem: A, thatElem: B): $Coll[(A, B)]
[warn]                ^
[warn] /home/valdis/scala-native/scalalib/src/main/scala/scala/collection/GenTraversableLike.scala:190: Could not find the type $Coll points to while expanding it for the usecase signature of method collect in class StringOps.In this context, $Coll = "String".
[warn]    *  @usecase def collect[B](pf: PartialFunction[A, B]): $Coll[B]
[warn]                ^
[warn] /home/valdis/scala-native/scalalib/src/main/scala/scala/collection/GenTraversableLike.scala:211: Could not find the type $Coll points to while expanding it for the usecase signature of method flatMap in class StringOps.In this context, $Coll = "String".
[warn]    *  @usecase def flatMap[B](f: A => GenTraversableOnce[B]): $Coll[B]
[warn]                ^
[warn] /home/valdis/scala-native/scalalib/src/main/scala/scala/collection/GenTraversableLike.scala:172: Could not find the type $Coll points to while expanding it for the usecase signature of method map in class StringOps.In this context, $Coll = "String".
[warn]    *  @usecase def map[B](f: A => B): $Coll[B]
[warn]                ^
[warn] /home/valdis/scala-native/scalalib/src/main/scala/scala/collection/TraversableLike.scala:165: Could not find the type $Coll points to while expanding it for the usecase signature of method ++: in class StringOps.In this context, $Coll = "String".
[warn]    *  @usecase def ++:[B](that: TraversableOnce[B]): $Coll[B]
[warn]                ^
[warn] /home/valdis/scala-native/scalalib/src/main/scala/scala/collection/GenTraversableLike.scala:253: Could not find the type $Coll points to while expanding it for the usecase signature of method ++ in class StringOps.In this context, $Coll = "String".
[warn]    *  @usecase def ++[B](that: GenTraversableOnce[B]): $Coll[B]
[warn]                ^
model contains 1293 documentable templates
[warn] /home/valdis/scala-native/scalalib/src/main/scala/scala/compat/Platform.scala:88: Could not find any member to link for "`java.lang.ExceptionInInitializerError`".
[warn]   /** Returns the `Class` object associated with the class or interface with the given string name using the current `ClassLoader`.
[warn]   ^
[warn] /home/valdis/scala-native/scalalib/src/main/scala/scala/compat/Platform.scala:81: Could not find any member to link for "`java.lang.NullPointerException`".
[warn]   /** Assigns the value of 0 to each element in the array.
[warn]   ^
[warn] /home/valdis/scala-native/scalalib/src/main/scala/scala/compat/Platform.scala:54: Could not find any member to link for "`java.lang.NullPointerException`".
[warn]   /** Creates a new array of the specified type and given length.
[warn]   ^
[warn] /home/valdis/scala-native/scalalib/src/main/scala/scala/compat/Platform.scala:30: Could not find any member to link for "java.lang.NullPointerException".
[warn]   /** Copies `length` elements of array `src` starting at position `srcPos` to the
[warn]   ^
[warn] /home/valdis/scala-native/scalalib/src/main/scala/scala/util/matching/Regex.scala:722: Variable month undefined in comment for object Groups in object Regex
[warn]    *  val day = date replaceAllIn(text, _ match { case Groups(_, month, day) => s"$month/$day" })
[warn]                                                                                    ^
[warn] /home/valdis/scala-native/scalalib/src/main/scala/scala/util/matching/Regex.scala:722: Variable day undefined in comment for object Groups in object Regex
[warn]    *  val day = date replaceAllIn(text, _ match { case Groups(_, month, day) => s"$month/$day" })
[warn]                                                                                           ^
[warn] /home/valdis/scala-native/scalalib/src/main/scala/scala/util/matching/Regex.scala:61: Variable year undefined in comment for class Regex in class Regex
[warn]  *    case date(year, month, day) => s"$year was a good year for PLs."
[warn]                                         ^
[warn] /home/valdis/scala-native/scalalib/src/main/scala/scala/util/matching/Regex.scala:80: Variable year undefined in comment for class Regex in class Regex
[warn]  *    case date(year, _*) => s"$year was a good year for PLs."
[warn]                                 ^
[warn] /home/valdis/scala-native/scalalib/src/main/scala/scala/util/matching/Regex.scala:120: Variable s undefined in comment for class Regex in class Regex
[warn]  *  val oldies = mi filter (_ => (mi group 1).toInt < 1960) map (s => s"$s: An oldie but goodie.")
[warn]                                                                          ^
[warn] /home/valdis/scala-native/scalalib/src/main/scala/scala/util/matching/Regex.scala:135: Variable c undefined in comment for class Regex in class Regex
[warn]  *  val months      = (0 to 11) map { i => val c = Calendar.getInstance; c.set(2014, i, 1); f"$c%tb" }
[warn]                                                                                                ^
[warn] /home/valdis/scala-native/scalalib/src/main/scala/scala/util/matching/Regex.scala:136: Variable months(m.toInt - 1) undefined in comment for class Regex in class Regex
[warn]  *  val reformatted = date replaceAllIn (dates, _ match { case date(y,m,d) => f"${months(m.toInt - 1)} $d, $y" })
[warn]                                                                                  ^
[warn] /home/valdis/scala-native/scalalib/src/main/scala/scala/util/matching/Regex.scala:136: Variable d undefined in comment for class Regex in class Regex
[warn]  *  val reformatted = date replaceAllIn (dates, _ match { case date(y,m,d) => f"${months(m.toInt - 1)} $d, $y" })
[warn]                                                                                                         ^
[warn] /home/valdis/scala-native/scalalib/src/main/scala/scala/util/matching/Regex.scala:136: Variable y undefined in comment for class Regex in class Regex
[warn]  *  val reformatted = date replaceAllIn (dates, _ match { case date(y,m,d) => f"${months(m.toInt - 1)} $d, $y" })
[warn]                                                                                                             ^
[warn] /home/valdis/scala-native/scalalib/src/main/scala/scala/util/matching/Regex.scala:546: Variable year undefined in comment for method unanchored in class Regex
[warn]    *    case date(year, month, day) => s"Copyright $year"                  // OK
[warn]                                                     ^
[warn] /home/valdis/scala-native/scalalib/src/main/scala/scala/util/matching/Regex.scala:462: Variable m group "month" undefined in comment for method replaceAllIn in class Regex
[warn]    * val repl = datePattern replaceAllIn (text, m => s"${m group "month"}/${m group "day"}")
[warn]                                                         ^
[warn] /home/valdis/scala-native/scalalib/src/main/scala/scala/util/matching/Regex.scala:462: Variable m group "day" undefined in comment for method replaceAllIn in class Regex
[warn]    * val repl = datePattern replaceAllIn (text, m => s"${m group "month"}/${m group "day"}")
[warn]                                                                            ^
[warn] /home/valdis/scala-native/scalalib/src/main/scala/scala/util/matching/Regex.scala:348: Variable x undefined in comment for method findAllIn in class Regex
[warn]    *    case madhatter(x,y) => s"$x$y"
[warn]                                   ^
[warn] /home/valdis/scala-native/scalalib/src/main/scala/scala/util/matching/Regex.scala:348: Variable y undefined in comment for method findAllIn in class Regex
[warn]    *    case madhatter(x,y) => s"$x$y"
[warn]                                     ^
[warn] /home/valdis/scala-native/scalalib/src/main/scala/scala/collection/immutable/Queue.scala:51: Could not find any member to link for "java.util.NoSuchElementException".
[warn]   /** Returns the `n`-th element of this queue.
[warn]   ^
[warn] /home/valdis/scala-native/scalalib/src/main/scala/scala/reflect/ClassTag.scala:22: Variable 1 undefined in comment for trait ClassTag in trait ClassTag
[warn]  *   mkArray: [T](elems: T*)(implicit evidence$1: scala.reflect.ClassTag[T])Array[T]
[warn]                                                ^
[warn] /home/valdis/scala-native/scalalib/src/main/scala/scala/collection/immutable/Range.scala:409: Tag '@pre' is not recognised
[warn]   /** Counts the number of range elements.
[warn]   ^
[warn] /home/valdis/scala-native/scalalib/src/main/scala/scala/collection/immutable/Queue.scala:121: Could not find any member to link for "java.util.NoSuchElementException".
[warn]   /** Returns a tuple with the first element in the queue,
[warn]   ^
[warn] /home/valdis/scala-native/scalalib/src/main/scala/scala/collection/mutable/PriorityQueue.scala:137: Could not find any member to link for "java.util.NoSuchElementException".
[warn]   /** Returns the element with the highest priority in the queue,
[warn]   ^
[warn] /home/valdis/scala-native/scalalib/src/main/scala/scala/collection/mutable/Queue.scala:58: Could not find any member to link for "java.util.NoSuchElementException".
[warn]   /** Returns the first element in the queue, and removes this element
[warn]   ^
[warn] /home/valdis/scala-native/scalalib/src/main/scala/scala/concurrent/duration/Duration.scala:693: Could not find any member to link for "ArithmeticException".
[warn]   /**
[warn]   ^
[warn] /home/valdis/scala-native/scalalib/src/main/scala/scala/StringContext.scala:144: Variable name undefined in comment for macro method f in class StringContext
[warn]    *    println(f"$name%s is $height%2.2f meters tall")  // James is 1.90 meters tall
[warn]                    ^
[warn] /home/valdis/scala-native/scalalib/src/main/scala/scala/StringContext.scala:144: Variable height undefined in comment for macro method f in class StringContext
[warn]    *    println(f"$name%s is $height%2.2f meters tall")  // James is 1.90 meters tall
[warn]                               ^
[warn] /home/valdis/scala-native/scalalib/src/main/scala/scala/collection/immutable/StringLike.scala:304: Could not find any member to link for "java.lang.IllegalArgumentException".
[warn]   /** Uses the underlying string as a pattern (in a fashion similar to
[warn]   ^
[warn] /home/valdis/scala-native/scalalib/src/main/scala/scala/collection/immutable/StringLike.scala:321: Could not find any member to link for "java.lang.IllegalArgumentException".
[warn]   /** Like `format(args*)` but takes an initial `Locale` parameter
[warn]   ^
[warn] /home/valdis/scala-native/scalalib/src/main/scala/scala/collection/immutable/Queue.scala:140: Could not find any member to link for "java.util.NoSuchElementException".
[warn]   /** Returns the first element in the queue, or throws an error if there
[warn]   ^
[warn] /home/valdis/scala-native/scalalib/src/main/scala/scala/Option.scala:109: Could not find any member to link for "java.util.NoSuchElementException".
[warn]   /** Returns the option's value.
[warn]   ^
[warn] /home/valdis/scala-native/scalalib/src/main/scala/scala/util/Either.scala:276: Could not find any member to link for "java.util.NoSuchElementException".
[warn]     /**
[warn]     ^
[warn] /home/valdis/scala-native/scalalib/src/main/scala/scala/util/Either.scala:441: Could not find any member to link for "java.util.NoSuchElementException".
[warn]     /**
[warn]     ^
[warn] /home/valdis/scala-native/scalalib/src/main/scala/scala/collection/immutable/ListSet.scala:129: Could not find any member to link for "java.util.NoSuchElementException".
[warn]   /**
[warn]   ^
[warn] /home/valdis/scala-native/scalalib/src/main/scala/scala/collection/immutable/Stream.scala:218: Could not find any member to link for "java.util.NoSuchElementException".
[warn]   /** Gives constant time access to the first element of this `Stream`.  Using
[warn]   ^
[warn] /home/valdis/scala-native/scalalib/src/main/scala/scala/annotation/implicitNotFound.scala:15: Variable Xi undefined in comment for class implicitNotFound in class implicitNotFound
[warn]  * result of replacing all occurrences of ${Xi} in the string msg with the
[warn]                                            ^
[warn] /home/valdis/scala-native/scalalib/src/main/scala/scala/collection/immutable/ListSet.scala:112: Could not find any member to link for "java.util.NoSuchElementException".
[warn]   /** Creates a new iterator over all elements contained in this set.
[warn]   ^
[warn] /home/valdis/scala-native/scalalib/src/main/scala/scala/StringContext.scala:20: Variable name undefined in comment for class StringContext in class StringContext
[warn]  *   println(s"Hello, $name")  // Hello, James
[warn]                        ^
[warn] /home/valdis/scala-native/scalalib/src/main/scala/scala/StringContext.scala:26: Variable name undefined in comment for class StringContext in class StringContext
[warn]  *   s"Hello, $name"
[warn]                ^
[warn] /home/valdis/scala-native/scalalib/src/main/scala/scala/StringContext.scala:44: Variable a undefined in comment for class StringContext in class StringContext
[warn]  *    val x: JSONObject = json"{ a: $a }"
[warn]                                      ^
[warn] /home/valdis/scala-native/scalalib/src/main/scala/scala/collection/immutable/Stack.scala:110: Could not find any member to link for "java.util.NoSuchElementException".
[warn]   /** Removes the top element from the stack.
[warn]   ^
[warn] /home/valdis/scala-native/scalalib/src/main/scala/scala/collection/mutable/Stack.scala:139: Could not find any member to link for "java.util.NoSuchElementException".
[warn]   /** Removes the top element from the stack.
[warn]   ^
[warn] /home/valdis/scala-native/scalalib/src/main/scala/scala/Console.scala:150: Could not find any member to link for "java.lang.IllegalArgumentException".
[warn]   /** Prints its arguments as a formatted string to the default output,
[warn]   ^
[warn] /home/valdis/scala-native/scalalib/src/main/scala/scala/io/Source.scala:181: Variable Positioner undefined in comment for class Source in class Source
[warn]  *  [[scala.io.Source$Positioner the positioner]].
[warn]                       ^
[warn] /home/valdis/scala-native/scalalib/src/main/scala/scala/StringContext.scala:76: Variable name undefined in comment for method s in class StringContext
[warn]    *    println(s"Hello, $name")  // Hello, James
[warn]                           ^
[warn] /home/valdis/scala-native/scalalib/src/main/scala/scala/StringContext.scala:78: Variable name undefined in comment for method s in class StringContext
[warn]    *  In this example, the expression $name is replaced with the `toString` of the
[warn]                                        ^
[warn] /home/valdis/scala-native/scalalib/src/main/scala/scala/StringContext.scala:83: Variable 1 + 1 undefined in comment for method s in class StringContext
[warn]    *    println(s"1 + 1 = ${1 + 1}")
[warn]                            ^
[warn] /home/valdis/scala-native/scalalib/src/main/scala/scala/collection/TraversableLike.scala:414: Could not find any member to link for "`UnsupportedOperationException`".
[warn]   /** Selects all elements except the first.
[warn]   ^
[warn] /home/valdis/scala-native/scalalib/src/main/scala/scala/collection/immutable/ListSet.scala:134: Could not find any member to link for "java.util.NoSuchElementException".
[warn]   /**
[warn]   ^
[warn] /home/valdis/scala-native/scalalib/src/main/scala/scala/collection/immutable/StringLike.scala:258: Could not find any member to link for "java.lang.IllegalArgumentException".
[warn]   /**
[warn]   ^
[warn] /home/valdis/scala-native/scalalib/src/main/scala/scala/collection/immutable/StringLike.scala:262: Could not find any member to link for "java.lang.NumberFormatException".
[warn]   /**
[warn]   ^
[warn] /home/valdis/scala-native/scalalib/src/main/scala/scala/collection/immutable/StringLike.scala:282: Could not find any member to link for "java.lang.NumberFormatException".
[warn]   /**
[warn]   ^
[warn] /home/valdis/scala-native/scalalib/src/main/scala/scala/collection/immutable/StringLike.scala:278: Could not find any member to link for "java.lang.NumberFormatException".
[warn]   /**
[warn]   ^
[warn] /home/valdis/scala-native/scalalib/src/main/scala/scala/collection/immutable/StringLike.scala:270: Could not find any member to link for "java.lang.NumberFormatException".
[warn]   /**
[warn]   ^
[warn] /home/valdis/scala-native/scalalib/src/main/scala/scala/collection/immutable/StringLike.scala:274: Could not find any member to link for "java.lang.NumberFormatException".
[warn]   /**
[warn]   ^
[warn] /home/valdis/scala-native/scalalib/src/main/scala/scala/collection/immutable/StringLike.scala:266: Could not find any member to link for "java.lang.NumberFormatException".
[warn]   /**
[warn]   ^
[warn] /home/valdis/scala-native/scalalib/src/main/scala/scala/collection/immutable/Stack.scala:100: Could not find any member to link for "java.util.NoSuchElementException".
[warn]   /** Returns the top element of the stack. An error is signaled if
[warn]   ^
[warn] /home/valdis/scala-native/scalalib/src/main/scala/scala/collection/mutable/Stack.scala:129: Could not find any member to link for "java.util.NoSuchElementException".
[warn]   /** Returns the top element of the stack. This method will not remove
[warn]   ^
[warn] /home/valdis/scala-native/scalalib/src/main/scala/scala/unchecked.scala:11: Could not find any member to link for "java.lang.ClassCastException".
[warn] /** An annotation to designate that the annotated entity
[warn] ^
[warn] /home/valdis/scala-native/scalalib/src/main/scala/scala/Predef.scala:20: Could not find any member to link for "scala.LowPriorityImplicits".
[warn] /** The `Predef` object provides definitions that are accessible in all Scala
[warn] ^
[warn] /home/valdis/scala-native/scalalib/src/main/scala/scala/util/matching/Regex.scala:35: Could not find any member to link for "java.util.regex".
[warn] /** A regular expression is used to determine whether a string matches a pattern
[warn] ^
[warn] /home/valdis/scala-native/scalalib/src/main/scala/scala/util/matching/Regex.scala:729: Could not find any member to link for "java.lang.IllegalStateException".
[warn]   /** A class to step through a sequence of regex matches.
[warn]   ^
[warn] /home/valdis/scala-native/scalalib/src/main/scala/scala/util/matching/Regex.scala:321: Could not find any member to link for "java.lang.IllegalStateException".
[warn]   /** Return all non-overlapping matches of this `Regex` in the given character 
[warn]   ^
[warn] /home/valdis/scala-native/scalalib/src/main/scala/scala/util/matching/Regex.scala:193: Could not find any member to link for "java.lang.CharSequence".
[warn]   /** Tries to match a [[java.lang.CharSequence]].
[warn]   ^
[warn] /home/valdis/scala-native/scalalib/src/main/scala/scala/collection/mutable/StringBuilder.scala:56: Could not find any member to link for "NegativeArraySizeException".
[warn]   /** Constructs a string builder with no characters in it and an
[warn]   ^
[warn] /home/valdis/scala-native/scalalib/src/main/scala/scala/collection/immutable/StringLike.scala:166: Could not find any member to link for "java.lang.String#replaceAll".
[warn]   /** Replace all literal occurrences of `literal` with the string `replacement`.
[warn]   ^
[warn] there were 114 deprecation warnings; re-run with -deprecation for details
[warn] one warning found
[info] Because /home/valdis/scala-native/scalalib/src/main/scala/scala/reflect/package.scala contains a macro definition, the following dependencies are invalidated unconditionally:
[info] 	/home/valdis/scala-native/scalalib/src/main/scala/scala/Array.scala
[info] 	/home/valdis/scala-native/scalalib/src/main/scala/scala/Predef.scala
[info] 	/home/valdis/scala-native/scalalib/src/main/scala/scala/beans/ScalaBeanInfo.scala
[info] 	/home/valdis/scala-native/scalalib/src/main/scala/scala/collection/SeqLike.scala
[info] 	/home/valdis/scala-native/scalalib/src/main/scala/scala/collection/concurrent/TrieMap.scala
[info] 	/home/valdis/scala-native/scalalib/src/main/scala/scala/collection/immutable/PagedSeq.scala
[info] 	/home/valdis/scala-native/scalalib/src/main/scala/scala/collection/immutable/RedBlackTree.scala
[info] 	/home/valdis/scala-native/scalalib/src/main/scala/scala/collection/immutable/StringLike.scala
[info] 	/home/valdis/scala-native/scalalib/src/main/scala/scala/collection/immutable/TrieIterator.scala
[info] 	/home/valdis/scala-native/scalalib/src/main/scala/scala/collection/mutable/AVLTree.scala
[info] 	/home/valdis/scala-native/scalalib/src/main/scala/scala/collection/mutable/ArrayOps.scala
[info] 	/home/valdis/scala-native/scalalib/src/main/scala/scala/collection/mutable/ArrayStack.scala
[info] 	/home/valdis/scala-native/scalalib/src/main/scala/scala/collection/mutable/StringBuilder.scala
[info] 	/home/valdis/scala-native/scalalib/src/main/scala/scala/collection/mutable/WrappedArray.scala
[info] 	/home/valdis/scala-native/scalalib/src/main/scala/scala/collection/package.scala
[info] 	/home/valdis/scala-native/scalalib/src/main/scala/scala/collection/parallel/ParIterableLike.scala
[info] 	/home/valdis/scala-native/scalalib/src/main/scala/scala/collection/parallel/immutable/ParHashMap.scala
[info] 	/home/valdis/scala-native/scalalib/src/main/scala/scala/collection/parallel/immutable/ParHashSet.scala
[info] 	/home/valdis/scala-native/scalalib/src/main/scala/scala/collection/parallel/mutable/ParArray.scala
[info] 	/home/valdis/scala-native/scalalib/src/main/scala/scala/collection/parallel/mutable/ParHashMap.scala
[info] 	/home/valdis/scala-native/scalalib/src/main/scala/scala/collection/parallel/mutable/ParHashSet.scala
[info] 	/home/valdis/scala-native/scalalib/src/main/scala/scala/collection/parallel/mutable/ParHashTable.scala
[info] 	/home/valdis/scala-native/scalalib/src/main/scala/scala/collection/parallel/mutable/UnrolledParArrayCombiner.scala
[info] 	/home/valdis/scala-native/scalalib/src/main/scala/scala/collection/parallel/package.scala
[info] 	/home/valdis/scala-native/scalalib/src/main/scala/scala/reflect/ClassManifestDeprecatedApis.scala
[info] 	/home/valdis/scala-native/scalalib/src/main/scala/scala/reflect/ClassTag.scala
[info] 	/home/valdis/scala-native/scalalib/src/main/scala/scala/reflect/Manifest.scala
[info] 	/home/valdis/scala-native/scalalib/src/main/scala/scala/runtime/ScalaRunTime.scala
[info] 	/home/valdis/scala-native/scalalib/src/main/scala/scala/sys/process/Process.scala
[info] 	/home/valdis/scala-native/scalalib/src/main/scala/scala/util/MurmurHash.scala
[info] 	/home/valdis/scala-native/scalalib/src/main/scala/scala/util/Sorting.scala
[info] 	/home/valdis/scala-native/scalalib/src/main/scala/scala/util/control/Exception.scala
[info] 	/home/valdis/scala-native/scalalib/src/main/scala/scala/util/matching/Regex.scala
[info] Because /home/valdis/scala-native/scalalib/src/main/scala/scala/StringContext.scala contains a macro definition, the following dependencies are invalidated unconditionally:
[info] 	/home/valdis/scala-native/scalalib/src/main/scala/scala/Enumeration.scala
[info] 	/home/valdis/scala-native/scalalib/src/main/scala/scala/collection/Iterator.scala
[info] 	/home/valdis/scala-native/scalalib/src/main/scala/scala/collection/mutable/ListBuffer.scala
[info] 	/home/valdis/scala-native/scalalib/src/main/scala/scala/concurrent/duration/Duration.scala
[info] 	/home/valdis/scala-native/scalalib/src/main/scala/scala/reflect/ClassTag.scala
[info] 	/home/valdis/scala-native/scalalib/src/main/scala/scala/runtime/ScalaRunTime.scala
[info] 	/home/valdis/scala-native/scalalib/src/main/scala/scala/util/Properties.scala
[info] Packaging /home/valdis/scala-native/scalalib/target/scala-2.11/scalalib_native0.3.9-SNAPSHOT_2.11-0.3.9-SNAPSHOT.jar ...
[info] Done packaging.
[warn] /home/valdis/scala-native/scalalib/src/main/scala/scala/collection/immutable/Stream.scala:19: Could not find any member to link for "collect".
[warn] /** The class `Stream` implements lazy lists where elements
[warn] ^
[warn] /home/valdis/scala-native/scalalib/src/main/scala/scala/concurrent/duration/Duration.scala:659: Could not find any member to link for "ArithmeticException".
[warn]   /**
[warn]   ^
[warn] /home/valdis/scala-native/scalalib/src/main/scala/scala/io/Source.scala:172: Could not find any member to link for "scala.io.Source@iter".
[warn] /** An iterable representation of source data.
[warn] ^
[warn] /home/valdis/scala-native/scalalib/src/main/scala/scala/io/StdIn.scala:158: Could not find any member to link for "java.io.EOFException".
[warn]   /** Reads in some structured input (from the default input), specified by
[warn]   ^
[warn] /home/valdis/scala-native/scalalib/src/main/scala/scala/io/StdIn.scala:143: Could not find any member to link for "java.io.EOFException".
[warn]   /** Reads a double value from an entire line of the default input.
[warn]   ^
[warn] /home/valdis/scala-native/scalalib/src/main/scala/scala/io/StdIn.scala:128: Could not find any member to link for "java.io.EOFException".
[warn]   /** Reads a float value from an entire line of the default input.
[warn]   ^
[warn] /home/valdis/scala-native/scalalib/src/main/scala/scala/io/StdIn.scala:113: Could not find any member to link for "java.io.EOFException".
[warn]   /** Reads an long value from an entire line of the default input.
[warn]   ^
[warn] /home/valdis/scala-native/scalalib/src/main/scala/scala/io/StdIn.scala:98: Could not find any member to link for "java.io.EOFException".
[warn]   /** Reads an int value from an entire line of the default input.
[warn]   ^
[warn] /home/valdis/scala-native/scalalib/src/main/scala/scala/io/StdIn.scala:83: Could not find any member to link for "java.lang.StringIndexOutOfBoundsException".
[warn]   /** Reads a char value from an entire line of the default input.
[warn]   ^
[warn] /home/valdis/scala-native/scalalib/src/main/scala/scala/io/StdIn.scala:68: Could not find any member to link for "java.io.EOFException".
[warn]   /** Reads a short value from an entire line of the default input.
[warn]   ^
[warn] /home/valdis/scala-native/scalalib/src/main/scala/scala/io/StdIn.scala:53: Could not find any member to link for "java.io.EOFException".
[warn]   /** Reads a byte value from an entire line of the default input.
[warn]   ^
[warn] /home/valdis/scala-native/scalalib/src/main/scala/scala/io/StdIn.scala:33: Could not find any member to link for "java.io.EOFException".
[warn]   /** Reads a boolean value from an entire line of the default input.
[warn]   ^
[warn] /home/valdis/scala-native/scalalib/src/main/scala/scala/reflect/ClassTag.scala:7: Could not find any member to link for "scala.reflect.api.TypeTags#TypeTag".
[warn] /**
[warn] ^
[warn] /home/valdis/scala-native/scalalib/src/main/scala/scala/Float.scala:215: Could not find any member to link for "java.lang.Float.MIN_VALUE".
[warn]   /** The negative number with the greatest (finite) absolute value which is representable
[warn]   ^
[warn] /home/valdis/scala-native/scalalib/src/main/scala/scala/Double.scala:215: Could not find any member to link for "java.lang.Double.MIN_VALUE".
[warn]   /** The negative number with the greatest (finite) absolute value which is representable
[warn]   ^
[warn] 99 warnings found
[info] Main Scala API documentation successful.
[info] Packaging /home/valdis/scala-native/scalalib/target/scala-2.11/scalalib_native0.3.9-SNAPSHOT_2.11-0.3.9-SNAPSHOT-javadoc.jar ...
[info] Done packaging.
[info] 	published scalalib_native0.3.9-SNAPSHOT_2.11 to /home/valdis/.ivy2/local/org.scala-native/scalalib_native0.3.9-SNAPSHOT_2.11/0.3.9-SNAPSHOT/poms/scalalib_native0.3.9-SNAPSHOT_2.11.pom
[info] 	published scalalib_native0.3.9-SNAPSHOT_2.11 to /home/valdis/.ivy2/local/org.scala-native/scalalib_native0.3.9-SNAPSHOT_2.11/0.3.9-SNAPSHOT/jars/scalalib_native0.3.9-SNAPSHOT_2.11.jar
[info] 	published scalalib_native0.3.9-SNAPSHOT_2.11 to /home/valdis/.ivy2/local/org.scala-native/scalalib_native0.3.9-SNAPSHOT_2.11/0.3.9-SNAPSHOT/srcs/scalalib_native0.3.9-SNAPSHOT_2.11-sources.jar
[info] 	published scalalib_native0.3.9-SNAPSHOT_2.11 to /home/valdis/.ivy2/local/org.scala-native/scalalib_native0.3.9-SNAPSHOT_2.11/0.3.9-SNAPSHOT/docs/scalalib_native0.3.9-SNAPSHOT_2.11-javadoc.jar
[info] 	published ivy to /home/valdis/.ivy2/local/org.scala-native/scalalib_native0.3.9-SNAPSHOT_2.11/0.3.9-SNAPSHOT/ivys/ivy.xml
[success] Total time: 98 s, completed Oct 25, 2018 11:01:59 PM
[info] Packaging /home/valdis/scala-native/test-runner/target/scala-2.10/test-runner_2.10-0.3.9-SNAPSHOT-sources.jar ...
[info] Updating {file:/home/valdis/scala-native/}testingCompilerInterface...
[info] Done packaging.
[info] Updating {file:/home/valdis/scala-native/}util...
[info] Resolving org.scala-native#nscplugin_2.11.12;0.3.9-SNAPSHOT ...
[info] Resolving org.scala-native#nscplugin_2.11.12;0.3.9-SNAPSHOT ...
[info] Resolving org.scala-lang#scala-compiler;2.11.12 ...
[info] Resolving org.scala-lang#scala-library;2.11.12 ...
[info] Resolving org.scala-lang#scala-reflect;2.11.12 ...
[info] Resolving org.scala-lang.modules#scala-xml_2.11;1.0.5 ...
[info] Resolving org.scala-lang.modules#scala-parser-combinators_2.11;1.0.4 ...
[info] Resolving jline#jline;2.14.3 ...
[info] Done updating.
[info] Resolving org.scala-lang#scala-library;2.10.7 ...
[info] Resolving org.scala-lang#scala-compiler;2.10.7 ...
[info] Resolving org.scala-lang#scala-reflect;2.10.7 ...
[info] Resolving org.scala-lang#jline;2.10.7 ...
[info] Resolving org.fusesource.jansi#jansi;1.4 ...
[info] Done updating.
[info] Updating {file:/home/valdis/scala-native/}nir...
[info] Resolving org.scala-lang#scala-library;2.10.7 ...
[info] Resolving org.scala-native#util_2.10;0.3.9-SNAPSHOT ...
[info] Resolving org.scala-lang#scala-compiler;2.10.7 ...
[info] Resolving org.scala-lang#scala-reflect;2.10.7 ...
[info] Resolving org.scala-lang#jline;2.10.7 ...
[info] Resolving org.fusesource.jansi#jansi;1.4 ...
[info] Done updating.
[info] Updating {file:/home/valdis/scala-native/}tools...
[info] Resolving org.scala-lang#scala-library;2.10.7 ...
[info] Resolving org.scala-native#nir_2.10;0.3.9-SNAPSHOT ...
[info] Resolving org.scala-native#util_2.10;0.3.9-SNAPSHOT ...
[info] Resolving org.scala-native#testing-compiler-interface;0.3.9-SNAPSHOT ...
[info] Resolving org.scalacheck#scalacheck_2.10;1.13.4 ...
[info] Resolving org.scala-sbt#test-interface;1.0 ...
[info] Resolving org.scalatest#scalatest_2.10;3.0.0 ...
[info] Resolving org.scalactic#scalactic_2.10;3.0.0 ...
[info] Resolving org.scala-lang#scala-reflect;2.10.7 ...
[info] Resolving org.scala-lang#scala-compiler;2.10.7 ...
[info] Resolving org.scala-lang#jline;2.10.7 ...
[info] Resolving org.fusesource.jansi#jansi;1.4 ...
[info] Done updating.
[info] Updating {file:/home/valdis/scala-native/}testRunner...
[info] Wrote /home/valdis/scala-native/test-runner/target/scala-2.10/test-runner_2.10-0.3.9-SNAPSHOT.pom
[info] Resolving org.scala-lang#scala-library;2.10.7 ...
[info] Resolving org.scala-native#tools_2.10;0.3.9-SNAPSHOT ...
[info] Resolving org.scala-native#nir_2.10;0.3.9-SNAPSHOT ...
[info] Resolving org.scala-native#util_2.10;0.3.9-SNAPSHOT ...
[info] Resolving org.scala-sbt#test-interface;1.0 ...
[info] Resolving org.scala-lang#scala-compiler;2.10.7 ...
[info] Resolving org.scala-lang#scala-reflect;2.10.7 ...
[info] Resolving org.scala-lang#jline;2.10.7 ...
[info] Resolving org.fusesource.jansi#jansi;1.4 ...
[info] Done updating.
[info] :: delivering :: org.scala-native#test-runner_2.10;0.3.9-SNAPSHOT :: 0.3.9-SNAPSHOT :: integration :: Thu Oct 25 23:02:00 CEST 2018
[info] 	delivering ivy file to /home/valdis/scala-native/test-runner/target/scala-2.10/ivy-0.3.9-SNAPSHOT.xml
[info] Compiling 10 Scala sources to /home/valdis/scala-native/util/target/scala-2.10/classes...
[info] Compiling 23 Scala sources to /home/valdis/scala-native/nir/target/scala-2.10/classes...
[warn] /home/valdis/scala-native/nir/src/main/scala/scala/scalanative/nir/Types.scala:24: match may not be exhaustive.
[warn] It would fail on the following inputs: Byte, Int, Long, Short, UByte, UInt, ULong, UShort
[warn]     def printType(ty: nir.Type): Unit = ty match {
[warn]                                         ^
[warn] one warning found
[info] Compiling 51 Scala sources to /home/valdis/scala-native/tools/target/scala-2.10/classes...
[warn] /home/valdis/scala-native/tools/src/main/scala/scala/scalanative/codegen/CodeGen.scala:114: match may not be exhaustive.
[warn] It would fail on the following inputs: Class(_, _, _, _), Module(_, _, _, _), Trait(_, _, _)
[warn]           env(n) match {
[warn]              ^
[warn] /home/valdis/scala-native/tools/src/main/scala/scala/scalanative/codegen/CodeGen.scala:139: match may not be exhaustive.
[warn] It would fail on the following inputs: Class(_, _, _, _), Module(_, _, _, _), Struct(_, _, _), Trait(_, _, _)
[warn]         env(n) match {
[warn]            ^
[warn] /home/valdis/scala-native/tools/src/main/scala/scala/scalanative/codegen/CodeGen.scala:256: match may not be exhaustive.
[warn] It would fail on the following inputs: If(_, _, _), Jump(_), Let(_, _, _), None, Ret(_), Switch(_, _, _), Throw(_, _), Unreachable
[warn]         insts.head match {
[warn]               ^
[warn] /home/valdis/scala-native/tools/src/main/scala/scala/scalanative/optimizer/pass/GlobalValueNumbering.scala:102: Cannot check match for unreachability.
[warn] (The analysis required more space than allowed. Please try with scalac -Dscalac.patmat.analysisBudget=512 or -Dscalac.patmat.analysisBudget=off.)
[warn]     op match {
[warn]     ^
[warn] /home/valdis/scala-native/tools/src/main/scala/scala/scalanative/optimizer/pass/PartialEvaluation.scala:276: match may not be exhaustive.
[warn] It would fail on the following inputs: Array(_), ArrayValue(_, _), Bool, Char, Class(_), Double, Float, Function(_, _), Module(_), None, Nothing, Ptr, StructValue(_, _), Trait(_), UByte, UInt, ULong, UShort, Unit, Var(_), Vararg, Void
[warn]   private def minValue(ty: Type): Long = ty match {
[warn]                                          ^
[warn] /home/valdis/scala-native/tools/src/main/scala/scala/scalanative/optimizer/pass/PartialEvaluation.scala:283: match may not be exhaustive.
[warn] It would fail on the following inputs: Array(_), ArrayValue(_, _), Bool, Char, Class(_), Double, Float, Function(_, _), Module(_), None, Nothing, Ptr, StructValue(_, _), Trait(_), UByte, UInt, ULong, UShort, Unit, Var(_), Vararg, Void
[warn]   private def maxValue(ty: Type): Long = ty match {
[warn]                                          ^
[warn] 6 warnings found
[info] Main Scala API documentation to /home/valdis/scala-native/test-runner/target/scala-2.10/api...
[info] Compiling 12 Scala sources to /home/valdis/scala-native/test-runner/target/scala-2.10/classes...
model contains 40 documentable templates
[info] Packaging /home/valdis/scala-native/test-runner/target/scala-2.10/test-runner_2.10-0.3.9-SNAPSHOT.jar ...
[info] Done packaging.
[info] Main Scala API documentation successful.
[info] Packaging /home/valdis/scala-native/test-runner/target/scala-2.10/test-runner_2.10-0.3.9-SNAPSHOT-javadoc.jar ...
[info] Done packaging.
[info] 	published test-runner_2.10 to /home/valdis/.ivy2/local/org.scala-native/test-runner_2.10/0.3.9-SNAPSHOT/poms/test-runner_2.10.pom
[info] 	published test-runner_2.10 to /home/valdis/.ivy2/local/org.scala-native/test-runner_2.10/0.3.9-SNAPSHOT/jars/test-runner_2.10.jar
[info] 	published test-runner_2.10 to /home/valdis/.ivy2/local/org.scala-native/test-runner_2.10/0.3.9-SNAPSHOT/srcs/test-runner_2.10-sources.jar
[info] 	published test-runner_2.10 to /home/valdis/.ivy2/local/org.scala-native/test-runner_2.10/0.3.9-SNAPSHOT/docs/test-runner_2.10-javadoc.jar
[info] 	published ivy to /home/valdis/.ivy2/local/org.scala-native/test-runner_2.10/0.3.9-SNAPSHOT/ivys/ivy.xml
[success] Total time: 32 s, completed Oct 25, 2018 11:02:32 PM
[info] Packaging /home/valdis/scala-native/util/target/scala-2.10/util_2.10-0.3.9-SNAPSHOT-sources.jar ...
[info] Done packaging.
[info] Wrote /home/valdis/scala-native/util/target/scala-2.10/util_2.10-0.3.9-SNAPSHOT.pom
[info] Main Scala API documentation to /home/valdis/scala-native/util/target/scala-2.10/api...
[info] :: delivering :: org.scala-native#util_2.10;0.3.9-SNAPSHOT :: 0.3.9-SNAPSHOT :: integration :: Thu Oct 25 23:02:32 CEST 2018
[info] 	delivering ivy file to /home/valdis/scala-native/util/target/scala-2.10/ivy-0.3.9-SNAPSHOT.xml
[info] Packaging /home/valdis/scala-native/util/target/scala-2.10/util_2.10-0.3.9-SNAPSHOT.jar ...
[info] Wrote /home/valdis/scala-native/test-runner/target/scala-2.10/test-runner_2.10-0.3.9-SNAPSHOT.pom
[info] Done packaging.
[info] :: delivering :: org.scala-native#test-runner_2.10;0.3.9-SNAPSHOT :: 0.3.9-SNAPSHOT :: integration :: Thu Oct 25 23:02:32 CEST 2018
[info] 	delivering ivy file to /home/valdis/scala-native/test-runner/target/scala-2.10/ivy-0.3.9-SNAPSHOT.xml
[info] 	published test-runner_2.10 to /home/valdis/.ivy2/local/org.scala-native/test-runner_2.10/0.3.9-SNAPSHOT/poms/test-runner_2.10.pom
[info] 	published test-runner_2.10 to /home/valdis/.ivy2/local/org.scala-native/test-runner_2.10/0.3.9-SNAPSHOT/jars/test-runner_2.10.jar
[info] 	published test-runner_2.10 to /home/valdis/.ivy2/local/org.scala-native/test-runner_2.10/0.3.9-SNAPSHOT/srcs/test-runner_2.10-sources.jar
[info] 	published test-runner_2.10 to /home/valdis/.ivy2/local/org.scala-native/test-runner_2.10/0.3.9-SNAPSHOT/docs/test-runner_2.10-javadoc.jar
[info] 	published ivy to /home/valdis/.ivy2/local/org.scala-native/test-runner_2.10/0.3.9-SNAPSHOT/ivys/ivy.xml
model contains 18 documentable templates
[info] Main Scala API documentation successful.
[info] Packaging /home/valdis/scala-native/util/target/scala-2.10/util_2.10-0.3.9-SNAPSHOT-javadoc.jar ...
[info] Done packaging.
[info] 	published util_2.10 to /home/valdis/.ivy2/local/org.scala-native/util_2.10/0.3.9-SNAPSHOT/poms/util_2.10.pom
[info] 	published util_2.10 to /home/valdis/.ivy2/local/org.scala-native/util_2.10/0.3.9-SNAPSHOT/jars/util_2.10.jar
[info] 	published util_2.10 to /home/valdis/.ivy2/local/org.scala-native/util_2.10/0.3.9-SNAPSHOT/srcs/util_2.10-sources.jar
[info] 	published util_2.10 to /home/valdis/.ivy2/local/org.scala-native/util_2.10/0.3.9-SNAPSHOT/docs/util_2.10-javadoc.jar
[info] 	published ivy to /home/valdis/.ivy2/local/org.scala-native/util_2.10/0.3.9-SNAPSHOT/ivys/ivy.xml
[info] Packaging /home/valdis/scala-native/nir/target/scala-2.10/nir_2.10-0.3.9-SNAPSHOT-sources.jar ...
[info] Wrote /home/valdis/scala-native/nir/target/scala-2.10/nir_2.10-0.3.9-SNAPSHOT.pom
[info] :: delivering :: org.scala-native#nir_2.10;0.3.9-SNAPSHOT :: 0.3.9-SNAPSHOT :: integration :: Thu Oct 25 23:02:32 CEST 2018
[info] Main Scala API documentation to /home/valdis/scala-native/nir/target/scala-2.10/api...
[info] 	delivering ivy file to /home/valdis/scala-native/nir/target/scala-2.10/ivy-0.3.9-SNAPSHOT.xml
[info] Done packaging.
[info] Packaging /home/valdis/scala-native/nir/target/scala-2.10/nir_2.10-0.3.9-SNAPSHOT.jar ...
[info] Done packaging.
model contains 214 documentable templates
[info] Main Scala API documentation successful.
[info] Packaging /home/valdis/scala-native/nir/target/scala-2.10/nir_2.10-0.3.9-SNAPSHOT-javadoc.jar ...
[info] Done packaging.
[info] 	published nir_2.10 to /home/valdis/.ivy2/local/org.scala-native/nir_2.10/0.3.9-SNAPSHOT/poms/nir_2.10.pom
[info] 	published nir_2.10 to /home/valdis/.ivy2/local/org.scala-native/nir_2.10/0.3.9-SNAPSHOT/jars/nir_2.10.jar
[info] 	published nir_2.10 to /home/valdis/.ivy2/local/org.scala-native/nir_2.10/0.3.9-SNAPSHOT/srcs/nir_2.10-sources.jar
[info] 	published nir_2.10 to /home/valdis/.ivy2/local/org.scala-native/nir_2.10/0.3.9-SNAPSHOT/docs/nir_2.10-javadoc.jar
[info] 	published ivy to /home/valdis/.ivy2/local/org.scala-native/nir_2.10/0.3.9-SNAPSHOT/ivys/ivy.xml
[info] :: delivering :: org.scala-native#tools_2.10;0.3.9-SNAPSHOT :: 0.3.9-SNAPSHOT :: integration :: Thu Oct 25 23:02:35 CEST 2018
[info] Packaging /home/valdis/scala-native/tools/target/scala-2.10/tools_2.10-0.3.9-SNAPSHOT-sources.jar ...
[info] 	delivering ivy file to /home/valdis/scala-native/tools/target/scala-2.10/ivy-0.3.9-SNAPSHOT.xml
[info] Main Scala API documentation to /home/valdis/scala-native/tools/target/scala-2.10/api...
[info] Packaging /home/valdis/scala-native/tools/target/scala-2.10/tools_2.10-0.3.9-SNAPSHOT.jar ...
[info] Wrote /home/valdis/scala-native/tools/target/scala-2.10/tools_2.10-0.3.9-SNAPSHOT.pom
[info] Done packaging.
[info] Done packaging.
model contains 123 documentable templates
[info] Main Scala API documentation successful.
[info] Packaging /home/valdis/scala-native/tools/target/scala-2.10/tools_2.10-0.3.9-SNAPSHOT-javadoc.jar ...
[info] Done packaging.
[info] 	published tools_2.10 to /home/valdis/.ivy2/local/org.scala-native/tools_2.10/0.3.9-SNAPSHOT/poms/tools_2.10.pom
[info] 	published tools_2.10 to /home/valdis/.ivy2/local/org.scala-native/tools_2.10/0.3.9-SNAPSHOT/jars/tools_2.10.jar
[info] 	published tools_2.10 to /home/valdis/.ivy2/local/org.scala-native/tools_2.10/0.3.9-SNAPSHOT/srcs/tools_2.10-sources.jar
[info] 	published tools_2.10 to /home/valdis/.ivy2/local/org.scala-native/tools_2.10/0.3.9-SNAPSHOT/docs/tools_2.10-javadoc.jar
[info] 	published ivy to /home/valdis/.ivy2/local/org.scala-native/tools_2.10/0.3.9-SNAPSHOT/ivys/ivy.xml
[info] Packaging /home/valdis/scala-native/sbt-scala-native/target/scala-2.10/sbt-0.13/sbt-scala-native-0.3.9-SNAPSHOT-sources.jar ...
[info] Done packaging.
[info] Updating {file:/home/valdis/scala-native/}sbtScalaNative...
[info] Resolving org.scala-native#tools_2.10;0.3.9-SNAPSHOT ...
[info] Resolving org.scala-lang#scala-library;2.10.7 ...
[info] Resolving org.scala-native#nir_2.10;0.3.9-SNAPSHOT ...
[info] Resolving org.scala-native#util_2.10;0.3.9-SNAPSHOT ...
[info] Resolving org.scala-native#test-runner_2.10;0.3.9-SNAPSHOT ...
[info] Resolving org.scala-sbt#test-interface;1.0 ...
[info] Resolving org.portable-scala#sbt-platform-deps;1.0.0-M2 ...
[info] Resolving org.scala-sbt#sbt;0.13.17 ...
[info] Resolving org.scala-sbt#main;0.13.17 ...
[info] Resolving org.scala-sbt#actions;0.13.17 ...
[info] Resolving org.scala-sbt#classpath;0.13.17 ...
[info] Resolving org.scala-lang#scala-compiler;2.10.7 ...
[info] Resolving org.scala-lang#scala-reflect;2.10.7 ...
[info] Resolving org.scala-sbt#interface;0.13.17 ...
[info] Resolving org.scala-sbt#io;0.13.17 ...
[info] Resolving org.scala-sbt#control;0.13.17 ...
[info] Resolving org.scala-sbt#launcher-interface;1.0.1 ...
[info] Resolving org.scala-sbt#completion;0.13.17 ...
[info] Resolving org.scala-sbt#collections;0.13.17 ...
[info] Resolving jline#jline;2.14.5 ...
[info] Resolving org.scala-sbt#api;0.13.17 ...
[info] Resolving org.scala-sbt#classfile;0.13.17 ...
[info] Resolving org.scala-sbt#logging;0.13.17 ...
[info] Resolving org.scala-sbt#process;0.13.17 ...
[info] Resolving org.scala-sbt#compiler-integration;0.13.17 ...
[info] Resolving org.scala-sbt#incremental-compiler;0.13.17 ...
[info] Resolving org.scala-sbt#relation;0.13.17 ...
[info] Resolving org.scala-sbt#compile;0.13.17 ...
[info] Resolving org.scala-sbt#persist;0.13.17 ...
[info] Resolving org.scala-tools.sbinary#sbinary_2.10;0.4.2 ...
[info] Resolving org.scala-sbt#compiler-ivy-integration;0.13.17 ...
[info] Resolving org.scala-sbt#ivy;0.13.17 ...
[info] Resolving org.scala-sbt#cross;0.13.17 ...
[info] Resolving org.scala-sbt.ivy#ivy;2.3.0-sbt-b18f59ea3bc914a297bb6f1a4f7fb0ace399e310 ...
[info] Resolving com.jcraft#jsch;0.1.50 ...
[info] Resolving org.scala-sbt#serialization_2.10;0.1.2 ...
[info] Resolving org.scala-lang.modules#scala-pickling_2.10;0.10.1 ...
[info] Resolving org.scalamacros#quasiquotes_2.10;2.0.1 ...
[info] Resolving org.json4s#json4s-core_2.10;3.2.10 ...
[info] Resolving org.json4s#json4s-ast_2.10;3.2.10 ...
[info] Resolving com.thoughtworks.paranamer#paranamer;2.6 ...
[info] Resolving org.spire-math#jawn-parser_2.10;0.6.0 ...
[info] Resolving org.spire-math#json4s-support_2.10;0.6.0 ...
[info] Resolving org.scala-sbt#run;0.13.17 ...
[info] Resolving org.scala-sbt#task-system;0.13.17 ...
[info] Resolving org.scala-sbt#tasks;0.13.17 ...
[info] Resolving org.scala-sbt#tracking;0.13.17 ...
[info] Resolving org.scala-sbt#cache;0.13.17 ...
[info] Resolving org.scala-sbt#testing;0.13.17 ...
[info] Resolving org.scala-sbt#test-agent;0.13.17 ...
[info] Resolving org.scala-sbt#main-settings;0.13.17 ...
[info] Resolving org.scala-sbt#apply-macro;0.13.17 ...
[info] Resolving org.scala-sbt#command;0.13.17 ...
[info] Resolving org.scala-sbt#template-resolver;0.1 ...
[info] Resolving org.scala-sbt#logic;0.13.17 ...
[info] Resolving org.scala-sbt#compiler-interface;0.13.17 ...
[info] Resolving org.scala-lang#jline;2.10.7 ...
[info] Resolving org.fusesource.jansi#jansi;1.4 ...
[info] Resolving org.scala-sbt#scripted-sbt;0.13.17 ...
[info] Resolving org.scala-sbt#scripted-framework;0.13.17 ...
[info] Resolving org.scala-sbt#sbt-launch;0.13.17 ...
[info] Done updating.
[info] :: delivering :: org.scala-native#sbt-scala-native;0.3.9-SNAPSHOT :: 0.3.9-SNAPSHOT :: integration :: Thu Oct 25 23:02:39 CEST 2018
[info] 	delivering ivy file to /home/valdis/scala-native/sbt-scala-native/target/scala-2.10/sbt-0.13/ivy-0.3.9-SNAPSHOT.xml
[info] Main Scala API documentation to /home/valdis/scala-native/sbt-scala-native/target/scala-2.10/sbt-0.13/api...
[info] Compiling 14 Scala sources to /home/valdis/scala-native/sbt-scala-native/target/scala-2.10/sbt-0.13/classes...
model contains 47 documentable templates
[info] Main Scala API documentation successful.
[info] Packaging /home/valdis/scala-native/sbt-scala-native/target/scala-2.10/sbt-0.13/sbt-scala-native-0.3.9-SNAPSHOT-javadoc.jar ...
[info] Done packaging.
[info] Packaging /home/valdis/scala-native/sbt-scala-native/target/scala-2.10/sbt-0.13/sbt-scala-native-0.3.9-SNAPSHOT.jar ...
[info] Done packaging.
[info] 	published sbt-scala-native to /home/valdis/.ivy2/local/org.scala-native/sbt-scala-native/scala_2.10/sbt_0.13/0.3.9-SNAPSHOT/jars/sbt-scala-native.jar
[info] 	published sbt-scala-native to /home/valdis/.ivy2/local/org.scala-native/sbt-scala-native/scala_2.10/sbt_0.13/0.3.9-SNAPSHOT/srcs/sbt-scala-native-sources.jar
[info] 	published sbt-scala-native to /home/valdis/.ivy2/local/org.scala-native/sbt-scala-native/scala_2.10/sbt_0.13/0.3.9-SNAPSHOT/docs/sbt-scala-native-javadoc.jar
[info] 	published ivy to /home/valdis/.ivy2/local/org.scala-native/sbt-scala-native/scala_2.10/sbt_0.13/0.3.9-SNAPSHOT/ivys/ivy.xml
[success] Total time: 10 s, completed Oct 25, 2018 11:02:41 PM
[info] Packaging /home/valdis/scala-native/test-interface-sbt-defs/target/scala-2.11/test-interface-sbt-defs_native0.3.9-SNAPSHOT_2.11-0.3.9-SNAPSHOT-sources.jar ...
[info] Done packaging.
[info] Updating {file:/home/valdis/scala-native/}testInterfaceSbtDefs...
[info] Wrote /home/valdis/scala-native/test-interface-sbt-defs/target/scala-2.11/test-interface-sbt-defs_native0.3.9-SNAPSHOT_2.11-0.3.9-SNAPSHOT.pom
[info] Resolving org.scala-lang#scala-library;2.11.12 ...
[info] Resolving org.scala-native#nativelib_native0.3.9-SNAPSHOT_2.11;0.3.9-SNAPSHOT ...
[info] Resolving org.scala-native#nativelib_native0.3.9-SNAPSHOT_2.11;0.3.9-SNAPSHOT ...
[info] Resolving org.scala-lang#scala-reflect;2.11.12 ...
[info] Resolving org.scala-native#javalib_native0.3.9-SNAPSHOT_2.11;0.3.9-SNAPSHOT ...
[info] Resolving org.scala-native#javalib_native0.3.9-SNAPSHOT_2.11;0.3.9-SNAPSHOT ...
[info] Resolving org.scala-native#posixlib_native0.3.9-SNAPSHOT_2.11;0.3.9-SNAPSHOT ...
[info] Resolving org.scala-native#posixlib_native0.3.9-SNAPSHOT_2.11;0.3.9-SNAPSHOT ...
[info] Resolving org.scala-native#clib_native0.3.9-SNAPSHOT_2.11;0.3.9-SNAPSHOT ...
[info] Resolving org.scala-native#clib_native0.3.9-SNAPSHOT_2.11;0.3.9-SNAPSHOT ...
[info] Resolving org.scala-native#auxlib_native0.3.9-SNAPSHOT_2.11;0.3.9-SNAPSHOT ...
[info] Resolving org.scala-native#auxlib_native0.3.9-SNAPSHOT_2.11;0.3.9-SNAPSHOT ...
[info] Resolving org.scala-native#scalalib_native0.3.9-SNAPSHOT_2.11;0.3.9-SNAPSHOT ...
[info] Resolving org.scala-native#scalalib_native0.3.9-SNAPSHOT_2.11;0.3.9-SNAPSHOT ...
[info] Resolving org.scala-native#nscplugin_2.11.12;0.3.9-SNAPSHOT ...
[info] Resolving org.scala-native#nscplugin_2.11.12;0.3.9-SNAPSHOT ...
[info] Resolving org.scala-lang#scala-compiler;2.11.12 ...
[info] Resolving org.scala-lang.modules#scala-xml_2.11;1.0.5 ...
[info] Resolving org.scala-lang.modules#scala-parser-combinators_2.11;1.0.4 ...
[info] Resolving jline#jline;2.14.3 ...
[info] Done updating.
[info] :: delivering :: org.scala-native#test-interface-sbt-defs_native0.3.9-SNAPSHOT_2.11;0.3.9-SNAPSHOT :: 0.3.9-SNAPSHOT :: integration :: Thu Oct 25 23:02:42 CEST 2018
[info] 	delivering ivy file to /home/valdis/scala-native/test-interface-sbt-defs/target/scala-2.11/ivy-0.3.9-SNAPSHOT.xml
[info] Main Scala API documentation to /home/valdis/scala-native/test-interface-sbt-defs/target/scala-2.11/api...
[info] Compiling 11 Scala sources to /home/valdis/scala-native/test-interface-sbt-defs/target/scala-2.11/classes...
[warn] dropping dependency on node with no phase object: mixin
model contains 22 documentable templates
[warn] /home/valdis/scala-native/test-interface-sbt-defs/src/main/scala/sbt/testing/Runner.scala:17: Could not find any member to link for "java.lang.IllegalStateException".
[warn]   /** Returns an array of tasks that when executed will run tests and suites
[warn]   ^
[warn] /home/valdis/scala-native/test-interface-sbt-defs/src/main/scala/sbt/testing/OptionalThrowable.scala:25: Could not find any member to link for "java.lang.IllegalStateException".
[warn]   /** Returns the <code>Throwable</code> contained in this
[warn]   ^
[warn] /home/valdis/scala-native/test-interface-sbt-defs/src/main/scala/sbt/testing/Framework.scala:15: Could not find any member to link for "java.lang.IllegalStateException".
[warn]   /** Initiates a run.
[warn]   ^
[warn] three warnings found
[info] Main Scala API documentation successful.
[info] Packaging /home/valdis/scala-native/test-interface-sbt-defs/target/scala-2.11/test-interface-sbt-defs_native0.3.9-SNAPSHOT_2.11-0.3.9-SNAPSHOT-javadoc.jar ...
[info] Done packaging.
[info] Packaging /home/valdis/scala-native/test-interface-sbt-defs/target/scala-2.11/test-interface-sbt-defs_native0.3.9-SNAPSHOT_2.11-0.3.9-SNAPSHOT.jar ...
[info] Done packaging.
[info] 	published test-interface-sbt-defs_native0.3.9-SNAPSHOT_2.11 to /home/valdis/.ivy2/local/org.scala-native/test-interface-sbt-defs_native0.3.9-SNAPSHOT_2.11/0.3.9-SNAPSHOT/poms/test-interface-sbt-defs_native0.3.9-SNAPSHOT_2.11.pom
[info] 	published test-interface-sbt-defs_native0.3.9-SNAPSHOT_2.11 to /home/valdis/.ivy2/local/org.scala-native/test-interface-sbt-defs_native0.3.9-SNAPSHOT_2.11/0.3.9-SNAPSHOT/jars/test-interface-sbt-defs_native0.3.9-SNAPSHOT_2.11.jar
[info] 	published test-interface-sbt-defs_native0.3.9-SNAPSHOT_2.11 to /home/valdis/.ivy2/local/org.scala-native/test-interface-sbt-defs_native0.3.9-SNAPSHOT_2.11/0.3.9-SNAPSHOT/srcs/test-interface-sbt-defs_native0.3.9-SNAPSHOT_2.11-sources.jar
[info] 	published test-interface-sbt-defs_native0.3.9-SNAPSHOT_2.11 to /home/valdis/.ivy2/local/org.scala-native/test-interface-sbt-defs_native0.3.9-SNAPSHOT_2.11/0.3.9-SNAPSHOT/docs/test-interface-sbt-defs_native0.3.9-SNAPSHOT_2.11-javadoc.jar
[info] 	published ivy to /home/valdis/.ivy2/local/org.scala-native/test-interface-sbt-defs_native0.3.9-SNAPSHOT_2.11/0.3.9-SNAPSHOT/ivys/ivy.xml
[info] Packaging /home/valdis/scala-native/test-interface-serialization/target/scala-2.11/test-interface-serialization_native0.3.9-SNAPSHOT_2.11-0.3.9-SNAPSHOT-sources.jar ...
[info] Done packaging.
[info] Updating {file:/home/valdis/scala-native/}testInterfaceSerialization...
[info] Wrote /home/valdis/scala-native/test-interface-serialization/target/scala-2.11/test-interface-serialization_native0.3.9-SNAPSHOT_2.11-0.3.9-SNAPSHOT.pom
[info] Resolving org.scala-lang#scala-library;2.11.12 ...
[info] Resolving org.scala-native#test-interface-sbt-defs_native0.3.9-SNAPSHOT_2.11;0.3.9-SNAPSHOT ...
[info] Resolving org.scala-native#nativelib_native0.3.9-SNAPSHOT_2.11;0.3.9-SNAPSHOT ...
[info] Resolving org.scala-native#nativelib_native0.3.9-SNAPSHOT_2.11;0.3.9-SNAPSHOT ...
[info] Resolving org.scala-lang#scala-reflect;2.11.12 ...
[info] Resolving org.scala-native#javalib_native0.3.9-SNAPSHOT_2.11;0.3.9-SNAPSHOT ...
[info] Resolving org.scala-native#javalib_native0.3.9-SNAPSHOT_2.11;0.3.9-SNAPSHOT ...
[info] Resolving org.scala-native#posixlib_native0.3.9-SNAPSHOT_2.11;0.3.9-SNAPSHOT ...
[info] Resolving org.scala-native#posixlib_native0.3.9-SNAPSHOT_2.11;0.3.9-SNAPSHOT ...
[info] Resolving org.scala-native#clib_native0.3.9-SNAPSHOT_2.11;0.3.9-SNAPSHOT ...
[info] Resolving org.scala-native#clib_native0.3.9-SNAPSHOT_2.11;0.3.9-SNAPSHOT ...
[info] Resolving org.scala-native#auxlib_native0.3.9-SNAPSHOT_2.11;0.3.9-SNAPSHOT ...
[info] Resolving org.scala-native#auxlib_native0.3.9-SNAPSHOT_2.11;0.3.9-SNAPSHOT ...
[info] Resolving org.scala-native#scalalib_native0.3.9-SNAPSHOT_2.11;0.3.9-SNAPSHOT ...
[info] Resolving org.scala-native#scalalib_native0.3.9-SNAPSHOT_2.11;0.3.9-SNAPSHOT ...
[info] Resolving org.scala-native#nscplugin_2.11.12;0.3.9-SNAPSHOT ...
[info] Resolving org.scala-native#nscplugin_2.11.12;0.3.9-SNAPSHOT ...
[info] Resolving org.scala-lang#scala-compiler;2.11.12 ...
[info] Resolving org.scala-lang.modules#scala-xml_2.11;1.0.5 ...
[info] Resolving org.scala-lang.modules#scala-parser-combinators_2.11;1.0.4 ...
[info] Resolving jline#jline;2.14.3 ...
[info] Done updating.
[info] :: delivering :: org.scala-native#test-interface-serialization_native0.3.9-SNAPSHOT_2.11;0.3.9-SNAPSHOT :: 0.3.9-SNAPSHOT :: integration :: Thu Oct 25 23:02:43 CEST 2018
[info] 	delivering ivy file to /home/valdis/scala-native/test-interface-serialization/target/scala-2.11/ivy-0.3.9-SNAPSHOT.xml
[info] Main Scala API documentation to /home/valdis/scala-native/test-interface-serialization/target/scala-2.11/api...
[info] Compiling 8 Scala sources to /home/valdis/scala-native/test-interface-serialization/target/scala-2.11/classes...
[warn] dropping dependency on node with no phase object: mixin
model contains 35 documentable templates
[info] Main Scala API documentation successful.
[info] Packaging /home/valdis/scala-native/test-interface-serialization/target/scala-2.11/test-interface-serialization_native0.3.9-SNAPSHOT_2.11-0.3.9-SNAPSHOT-javadoc.jar ...
[info] Done packaging.
[info] Packaging /home/valdis/scala-native/test-interface-serialization/target/scala-2.11/test-interface-serialization_native0.3.9-SNAPSHOT_2.11-0.3.9-SNAPSHOT.jar ...
[info] Done packaging.
[info] 	published test-interface-serialization_native0.3.9-SNAPSHOT_2.11 to /home/valdis/.ivy2/local/org.scala-native/test-interface-serialization_native0.3.9-SNAPSHOT_2.11/0.3.9-SNAPSHOT/poms/test-interface-serialization_native0.3.9-SNAPSHOT_2.11.pom
[info] 	published test-interface-serialization_native0.3.9-SNAPSHOT_2.11 to /home/valdis/.ivy2/local/org.scala-native/test-interface-serialization_native0.3.9-SNAPSHOT_2.11/0.3.9-SNAPSHOT/jars/test-interface-serialization_native0.3.9-SNAPSHOT_2.11.jar
[info] 	published test-interface-serialization_native0.3.9-SNAPSHOT_2.11 to /home/valdis/.ivy2/local/org.scala-native/test-interface-serialization_native0.3.9-SNAPSHOT_2.11/0.3.9-SNAPSHOT/srcs/test-interface-serialization_native0.3.9-SNAPSHOT_2.11-sources.jar
[info] 	published test-interface-serialization_native0.3.9-SNAPSHOT_2.11 to /home/valdis/.ivy2/local/org.scala-native/test-interface-serialization_native0.3.9-SNAPSHOT_2.11/0.3.9-SNAPSHOT/docs/test-interface-serialization_native0.3.9-SNAPSHOT_2.11-javadoc.jar
[info] 	published ivy to /home/valdis/.ivy2/local/org.scala-native/test-interface-serialization_native0.3.9-SNAPSHOT_2.11/0.3.9-SNAPSHOT/ivys/ivy.xml
[info] Packaging /home/valdis/scala-native/test-interface/target/scala-2.11/test-interface_native0.3.9-SNAPSHOT_2.11-0.3.9-SNAPSHOT-sources.jar ...
[info] Done packaging.
[info] Updating {file:/home/valdis/scala-native/}testInterface...
[info] Wrote /home/valdis/scala-native/test-interface/target/scala-2.11/test-interface_native0.3.9-SNAPSHOT_2.11-0.3.9-SNAPSHOT.pom
[info] Resolving org.scala-lang#scala-library;2.11.12 ...
[info] Resolving org.scala-native#test-interface-serialization_native0.3.9-SNAPSHOT_2.11;0.3.9-SNAPSHOT ...
[info] Resolving org.scala-native#test-interface-sbt-defs_native0.3.9-SNAPSHOT_2.11;0.3.9-SNAPSHOT ...
[info] Resolving org.scala-native#nativelib_native0.3.9-SNAPSHOT_2.11;0.3.9-SNAPSHOT ...
[info] Resolving org.scala-native#nativelib_native0.3.9-SNAPSHOT_2.11;0.3.9-SNAPSHOT ...
[info] Resolving org.scala-lang#scala-reflect;2.11.12 ...
[info] Resolving org.scala-native#javalib_native0.3.9-SNAPSHOT_2.11;0.3.9-SNAPSHOT ...
[info] Resolving org.scala-native#javalib_native0.3.9-SNAPSHOT_2.11;0.3.9-SNAPSHOT ...
[info] Resolving org.scala-native#posixlib_native0.3.9-SNAPSHOT_2.11;0.3.9-SNAPSHOT ...
[info] Resolving org.scala-native#posixlib_native0.3.9-SNAPSHOT_2.11;0.3.9-SNAPSHOT ...
[info] Resolving org.scala-native#clib_native0.3.9-SNAPSHOT_2.11;0.3.9-SNAPSHOT ...
[info] Resolving org.scala-native#clib_native0.3.9-SNAPSHOT_2.11;0.3.9-SNAPSHOT ...
[info] Resolving org.scala-native#auxlib_native0.3.9-SNAPSHOT_2.11;0.3.9-SNAPSHOT ...
[info] Resolving org.scala-native#auxlib_native0.3.9-SNAPSHOT_2.11;0.3.9-SNAPSHOT ...
[info] Resolving org.scala-native#scalalib_native0.3.9-SNAPSHOT_2.11;0.3.9-SNAPSHOT ...
[info] Resolving org.scala-native#scalalib_native0.3.9-SNAPSHOT_2.11;0.3.9-SNAPSHOT ...
[info] Resolving org.scala-sbt#test-interface;1.0 ...
[info] Resolving org.scala-native#nscplugin_2.11.12;0.3.9-SNAPSHOT ...
[info] Resolving org.scala-native#nscplugin_2.11.12;0.3.9-SNAPSHOT ...
[info] Resolving org.scala-lang#scala-compiler;2.11.12 ...
[info] Resolving org.scala-lang.modules#scala-xml_2.11;1.0.5 ...
[info] Resolving org.scala-lang.modules#scala-parser-combinators_2.11;1.0.4 ...
[info] Resolving jline#jline;2.14.3 ...
[info] Done updating.
[info] :: delivering :: org.scala-native#test-interface_native0.3.9-SNAPSHOT_2.11;0.3.9-SNAPSHOT :: 0.3.9-SNAPSHOT :: integration :: Thu Oct 25 23:02:44 CEST 2018
[info] 	delivering ivy file to /home/valdis/scala-native/test-interface/target/scala-2.11/ivy-0.3.9-SNAPSHOT.xml
[info] Main Scala API documentation to /home/valdis/scala-native/test-interface/target/scala-2.11/api...
[info] Compiling 6 Scala sources to /home/valdis/scala-native/test-interface/target/scala-2.11/classes...
[warn] dropping dependency on node with no phase object: mixin
model contains 18 documentable templates
[warn] /home/valdis/scala-native/test-interface/src/main/scala/scala/scalajs/reflect/annotation/EnableReflectiveInstantiation.scala:5: Could not find any member to link for "scala.scalajs.reflect.Reflect".
[warn] /** Enables reflective instantiation for the annotated class, trait or object,
[warn] ^
[warn] one warning found
[info] Main Scala API documentation successful.
[info] Packaging /home/valdis/scala-native/test-interface/target/scala-2.11/test-interface_native0.3.9-SNAPSHOT_2.11-0.3.9-SNAPSHOT-javadoc.jar ...
[info] Done packaging.
[info] Packaging /home/valdis/scala-native/test-interface/target/scala-2.11/test-interface_native0.3.9-SNAPSHOT_2.11-0.3.9-SNAPSHOT.jar ...
[info] Done packaging.
[info] 	published test-interface_native0.3.9-SNAPSHOT_2.11 to /home/valdis/.ivy2/local/org.scala-native/test-interface_native0.3.9-SNAPSHOT_2.11/0.3.9-SNAPSHOT/poms/test-interface_native0.3.9-SNAPSHOT_2.11.pom
[info] 	published test-interface_native0.3.9-SNAPSHOT_2.11 to /home/valdis/.ivy2/local/org.scala-native/test-interface_native0.3.9-SNAPSHOT_2.11/0.3.9-SNAPSHOT/jars/test-interface_native0.3.9-SNAPSHOT_2.11.jar
[info] 	published test-interface_native0.3.9-SNAPSHOT_2.11 to /home/valdis/.ivy2/local/org.scala-native/test-interface_native0.3.9-SNAPSHOT_2.11/0.3.9-SNAPSHOT/srcs/test-interface_native0.3.9-SNAPSHOT_2.11-sources.jar
[info] 	published test-interface_native0.3.9-SNAPSHOT_2.11 to /home/valdis/.ivy2/local/org.scala-native/test-interface_native0.3.9-SNAPSHOT_2.11/0.3.9-SNAPSHOT/docs/test-interface_native0.3.9-SNAPSHOT_2.11-javadoc.jar
[info] 	published ivy to /home/valdis/.ivy2/local/org.scala-native/test-interface_native0.3.9-SNAPSHOT_2.11/0.3.9-SNAPSHOT/ivys/ivy.xml
[success] Total time: 4 s, completed Oct 25, 2018 11:02:45 PM
[info] Updating {file:/home/valdis/scala-native/}sandbox...
[info] Resolving org.scala-lang#scala-library;2.11.12 ...
[info] Resolving org.scala-native#nativelib_native0.3.9-SNAPSHOT_2.11;0.3.9-SNAPSHOT ...
[info] Resolving org.scala-native#nativelib_native0.3.9-SNAPSHOT_2.11;0.3.9-SNAPSHOT ...
[info] Resolving org.scala-lang#scala-reflect;2.11.12 ...
[info] Resolving org.scala-native#javalib_native0.3.9-SNAPSHOT_2.11;0.3.9-SNAPSHOT ...
[info] Resolving org.scala-native#javalib_native0.3.9-SNAPSHOT_2.11;0.3.9-SNAPSHOT ...
[info] Resolving org.scala-native#posixlib_native0.3.9-SNAPSHOT_2.11;0.3.9-SNAPSHOT ...
[info] Resolving org.scala-native#posixlib_native0.3.9-SNAPSHOT_2.11;0.3.9-SNAPSHOT ...
[info] Resolving org.scala-native#clib_native0.3.9-SNAPSHOT_2.11;0.3.9-SNAPSHOT ...
[info] Resolving org.scala-native#clib_native0.3.9-SNAPSHOT_2.11;0.3.9-SNAPSHOT ...
[info] Resolving org.scala-native#auxlib_native0.3.9-SNAPSHOT_2.11;0.3.9-SNAPSHOT ...
[info] Resolving org.scala-native#auxlib_native0.3.9-SNAPSHOT_2.11;0.3.9-SNAPSHOT ...
[info] Resolving org.scala-native#scalalib_native0.3.9-SNAPSHOT_2.11;0.3.9-SNAPSHOT ...
[info] Resolving org.scala-native#scalalib_native0.3.9-SNAPSHOT_2.11;0.3.9-SNAPSHOT ...
[info] Resolving org.scala-native#test-interface_native0.3.9-SNAPSHOT_2.11;0.3.9-SNAPSHOT ...
[info] Resolving org.scala-native#test-interface_native0.3.9-SNAPSHOT_2.11;0.3.9-SNAPSHOT ...
[info] Resolving org.scala-native#test-interface-serialization_native0.3.9-SNAPSHOT_2.11;0.3.9-SNAPSHOT ...
[info] Resolving org.scala-native#test-interface-serialization_native0.3.9-SNAPSHOT_2.11;0.3.9-SNAPSHOT ...
[info] Resolving org.scala-native#test-interface-sbt-defs_native0.3.9-SNAPSHOT_2.11;0.3.9-SNAPSHOT ...
[info] Resolving org.scala-native#test-interface-sbt-defs_native0.3.9-SNAPSHOT_2.11;0.3.9-SNAPSHOT ...
[info] Resolving org.scala-sbt#test-interface;1.0 ...
[info] Resolving org.scala-native#nscplugin_2.11.12;0.3.9-SNAPSHOT ...
[info] Resolving org.scala-native#nscplugin_2.11.12;0.3.9-SNAPSHOT ...
[info] Resolving org.scala-lang#scala-compiler;2.11.12 ...
[info] Resolving org.scala-lang.modules#scala-xml_2.11;1.0.5 ...
[info] Resolving org.scala-lang.modules#scala-parser-combinators_2.11;1.0.4 ...
[info] Resolving jline#jline;2.14.3 ...
[info] Done updating.
[info] Compiling 1 Scala source to /home/valdis/scala-native/sandbox/target/scala-2.11/classes...
[info] Linking (919 ms)
[info] Discovered 551 classes and 3288 methods
[info] Optimizing (debug mode) (305 ms)
[info] Generating intermediate code (780 ms)
[info] Produced 32 files
[info] Compiling to native code (959 ms)
[info] Linking native code (immix gc, none lto) (107 ms)
[info] Total (3217 ms)
Hello, World!
[success] Total time: 4 s, completed Oct 25, 2018 11:02:49 PM
[info] Updating {file:/home/valdis/scala-native/}tests...
[info] Resolving org.scala-lang#scala-library;2.11.12 ...
[info] Resolving org.scala-native#nativelib_native0.3.9-SNAPSHOT_2.11;0.3.9-SNAPSHOT ...
[info] Resolving org.scala-native#nativelib_native0.3.9-SNAPSHOT_2.11;0.3.9-SNAPSHOT ...
[info] Resolving org.scala-lang#scala-reflect;2.11.12 ...
[info] Resolving org.scala-native#javalib_native0.3.9-SNAPSHOT_2.11;0.3.9-SNAPSHOT ...
[info] Resolving org.scala-native#javalib_native0.3.9-SNAPSHOT_2.11;0.3.9-SNAPSHOT ...
[info] Resolving org.scala-native#posixlib_native0.3.9-SNAPSHOT_2.11;0.3.9-SNAPSHOT ...
[info] Resolving org.scala-native#posixlib_native0.3.9-SNAPSHOT_2.11;0.3.9-SNAPSHOT ...
[info] Resolving org.scala-native#clib_native0.3.9-SNAPSHOT_2.11;0.3.9-SNAPSHOT ...
[info] Resolving org.scala-native#clib_native0.3.9-SNAPSHOT_2.11;0.3.9-SNAPSHOT ...
[info] Resolving org.scala-native#auxlib_native0.3.9-SNAPSHOT_2.11;0.3.9-SNAPSHOT ...
[info] Resolving org.scala-native#auxlib_native0.3.9-SNAPSHOT_2.11;0.3.9-SNAPSHOT ...
[info] Resolving org.scala-native#scalalib_native0.3.9-SNAPSHOT_2.11;0.3.9-SNAPSHOT ...
[info] Resolving org.scala-native#scalalib_native0.3.9-SNAPSHOT_2.11;0.3.9-SNAPSHOT ...
[info] Resolving org.scala-native#test-interface_native0.3.9-SNAPSHOT_2.11;0.3.9-SNAPSHOT ...
[info] Resolving org.scala-native#test-interface_native0.3.9-SNAPSHOT_2.11;0.3.9-SNAPSHOT ...
[info] Resolving org.scala-native#test-interface-serialization_native0.3.9-SNAPSHOT_2.11;0.3.9-SNAPSHOT ...
[info] Resolving org.scala-native#test-interface-serialization_native0.3.9-SNAPSHOT_2.11;0.3.9-SNAPSHOT ...
[info] Resolving org.scala-native#test-interface-sbt-defs_native0.3.9-SNAPSHOT_2.11;0.3.9-SNAPSHOT ...
[info] Resolving org.scala-native#test-interface-sbt-defs_native0.3.9-SNAPSHOT_2.11;0.3.9-SNAPSHOT ...
[info] Resolving org.scala-sbt#test-interface;1.0 ...
[info] Resolving org.scala-native#nscplugin_2.11.12;0.3.9-SNAPSHOT ...
[info] Resolving org.scala-native#nscplugin_2.11.12;0.3.9-SNAPSHOT ...
[info] Resolving org.scala-lang#scala-compiler;2.11.12 ...
[info] Resolving org.scala-lang.modules#scala-xml_2.11;1.0.5 ...
[info] Resolving org.scala-lang.modules#scala-parser-combinators_2.11;1.0.4 ...
[info] Resolving jline#jline;2.14.3 ...
[info] Done updating.
[info] Compiling 6 Scala sources to /home/valdis/scala-native/unit-tests/target/scala-2.11/classes...
[info] Compiling 124 Scala sources to /home/valdis/scala-native/unit-tests/target/scala-2.11/test-classes...
[warn] there were three deprecation warnings; re-run with -deprecation for details
[warn] there were 53 feature warnings; re-run with -feature for details
[warn] two warnings found
[info] Compiling 1 Scala source to /home/valdis/scala-native/unit-tests/target/scala-2.11/test-classes...
[info] Linking (1618 ms)
[info] Discovered 4757 classes and 26762 methods
[info] Optimizing (debug mode) (591 ms)
[info] Generating intermediate code (2865 ms)
[info] Produced 32 files
[info] Compiling to native code (1409 ms)
[info] Linking native code (immix gc, none lto) (326 ms)
[info] Total (6883 ms)
[info] Starting process '/home/valdis/scala-native/unit-tests/target/scala-2.11/tests-out' on port '38925'.
[info] (lldb) target create "/home/valdis/scala-native/unit-tests/target/scala-2.11/tests-out"
[info] Current executable set to '/home/valdis/scala-native/unit-tests/target/scala-2.11/tests-out' (x86_64).
[info] (lldb) settings set -- target.run-args  "38925"
[info] (lldb) r
[info] Out of heap space
[info] 	at scala.scalanative.runtime.ByteArray$::alloc_i32_scala.scalanative.runtime.ByteArray
[info] 	at java.net.SocketInputStream::read_i32
[info] 	at java.io.FilterInputStream::read_i32
[info] 	at java.io.DataInputStream::readByte_i8
[info] 	at java.io.DataInputStream::readFully_arr.i8_i32_i32_unit
[info] 	at java.io.DataInputStream::readFully_arr.i8_unit
[info] 	at scala.scalanative.testinterface.TestMainBase::receive_java.io.DataInputStream_scala.scalanative.testinterface.serialization.Message
[info] 	at scala.scalanative.testinterface.TestMainBase::testRunner_arr.sbt.testing.Task_sbt.testing.Runner_java.net.Socket_unit
[info] 	at scala.scalanative.testinterface.TestMainBase::testMain_arr.java.lang.String_unit
[info] 	at scala.scalanative.testinterface.TestMain$::main_arr.java.lang.String_unit
[info] 	at main
[info] 	at __libc_start_main
[info] 	at _start
[info] Process 126764 exited with status = 1 (0x00000001) 
[info] 
[info] Process 126764 launched: '/home/valdis/scala-native/unit-tests/target/scala-2.11/tests-out' (x86_64)
java.net.SocketException: Socket is closed
	at java.net.Socket.setSoTimeout(Socket.java:1137)
	at scala.scalanative.testinterface.ComRunner.receive(ComRunner.scala:107)
	at scala.scalanative.testinterface.ScalaNativeRunner.receive(ScalaNativeRunner.scala:36)
	at scala.scalanative.testinterface.ScalaNativeRunner.tasks(ScalaNativeRunner.scala:28)
	at sbt.TestRunner.tasks(TestFramework.scala:61)
	at sbt.TestFramework$$anonfun$6$$anonfun$7.apply(TestFramework.scala:171)
	at sbt.TestFramework$$anonfun$6$$anonfun$7.apply(TestFramework.scala:171)
	at sbt.TestFramework$.sbt$TestFramework$$withContextLoader(TestFramework.scala:185)
	at sbt.TestFramework$$anonfun$6.apply(TestFramework.scala:171)
	at sbt.TestFramework$$anonfun$6.apply(TestFramework.scala:168)
	at scala.collection.TraversableLike$$anonfun$flatMap$1.apply(TraversableLike.scala:251)
	at scala.collection.TraversableLike$$anonfun$flatMap$1.apply(TraversableLike.scala:251)
	at scala.collection.MapLike$MappedValues$$anonfun$foreach$3.apply(MapLike.scala:245)
	at scala.collection.MapLike$MappedValues$$anonfun$foreach$3.apply(MapLike.scala:245)
	at scala.collection.TraversableLike$WithFilter$$anonfun$foreach$1.apply(TraversableLike.scala:772)
	at scala.collection.immutable.Map$Map1.foreach(Map.scala:109)
	at scala.collection.TraversableLike$WithFilter.foreach(TraversableLike.scala:771)
	at scala.collection.MapLike$MappedValues.foreach(MapLike.scala:245)
	at scala.collection.TraversableLike$class.flatMap(TraversableLike.scala:251)
	at scala.collection.AbstractTraversable.flatMap(Traversable.scala:105)
	at sbt.TestFramework$.createTestTasks(TestFramework.scala:168)
	at sbt.TestFramework$.testTasks(TestFramework.scala:138)
	at sbt.Tests$.testTask(Tests.scala:177)
	at sbt.Tests$.apply(Tests.scala:166)
	at sbt.Defaults$$anonfun$15.apply(Defaults.scala:617)
	at sbt.Defaults$$anonfun$15.apply(Defaults.scala:605)
	at scala.collection.TraversableLike$$anonfun$map$1.apply(TraversableLike.scala:244)
	at scala.collection.TraversableLike$$anonfun$map$1.apply(TraversableLike.scala:244)
	at scala.collection.immutable.List.foreach(List.scala:318)
	at scala.collection.TraversableLike$class.map(TraversableLike.scala:244)
	at scala.collection.AbstractTraversable.map(Traversable.scala:105)
	at sbt.Defaults$.allTestGroupsTask(Defaults.scala:605)
	at sbt.Defaults$$anonfun$testTasks$7.apply(Defaults.scala:467)
	at sbt.Defaults$$anonfun$testTasks$7.apply(Defaults.scala:467)
	at scala.Function9$$anonfun$tupled$1.apply(Function9.scala:35)
	at scala.Function9$$anonfun$tupled$1.apply(Function9.scala:34)
	at scala.Function1$$anonfun$compose$1.apply(Function1.scala:47)
	at sbt.$tilde$greater$$anonfun$$u2219$1.apply(TypeFunctions.scala:40)
	at sbt.std.Transform$$anon$4.work(System.scala:63)
	at sbt.Execute$$anonfun$submit$1$$anonfun$apply$1.apply(Execute.scala:228)
	at sbt.Execute$$anonfun$submit$1$$anonfun$apply$1.apply(Execute.scala:228)
	at sbt.ErrorHandling$.wideConvert(ErrorHandling.scala:17)
	at sbt.Execute.work(Execute.scala:237)
	at sbt.Execute$$anonfun$submit$1.apply(Execute.scala:228)
	at sbt.Execute$$anonfun$submit$1.apply(Execute.scala:228)
	at sbt.ConcurrentRestrictions$$anon$4$$anonfun$1.apply(ConcurrentRestrictions.scala:159)
	at sbt.CompletionService$$anon$2.call(CompletionService.scala:28)
	at java.util.concurrent.FutureTask.run(FutureTask.java:266)
	at java.util.concurrent.Executors$RunnableAdapter.call(Executors.java:511)
	at java.util.concurrent.FutureTask.run(FutureTask.java:266)
	at java.util.concurrent.ThreadPoolExecutor.runWorker(ThreadPoolExecutor.java:1149)
	at java.util.concurrent.ThreadPoolExecutor$Worker.run(ThreadPoolExecutor.java:624)
	at java.lang.Thread.run(Thread.java:748)
[error] (tests/nativetest:executeTests) java.net.SocketException: Socket is closed
[error] Total time: 25 s, completed Oct 25, 2018 11:03:14 PM
