[info] Loading project definition from /home/valdis/scala-native/project
[info] Resolving key references (12160 settings) ...
[info] Set current project to scala-native (in build file:/home/valdis/scala-native/)
[success] Total time: 5 s, completed Oct 11, 2018 11:07:23 PM
[success] Total time: 0 s, completed Oct 11, 2018 11:07:23 PM
[success] Total time: 0 s, completed Oct 11, 2018 11:07:23 PM
[info] Fetching Scala source version 2.11.12 from /home/valdis/scala-2.11.11-only
[info] Updating {file:/home/valdis/scala-native/}nscplugin...
[info] Packaging /home/valdis/scala-native/nscplugin/target/scala-2.11/nscplugin_2.11.12-0.3.9-SNAPSHOT-sources.jar ...
[info] Done packaging.
[info] Wrote /home/valdis/scala-native/nscplugin/target/scala-2.11/nscplugin_2.11.12-0.3.9-SNAPSHOT.pom
[info] Resolving org.scala-lang#scala-compiler;2.11.12 ...
[info] Resolving org.scala-lang#scala-library;2.11.12 ...
[info] Resolving org.scala-lang#scala-reflect;2.11.12 ...
[info] Resolving org.scala-lang.modules#scala-xml_2.11;1.0.5 ...
[info] Resolving org.scala-lang.modules#scala-parser-combinators_2.11;1.0.4 ...
[info] Resolving jline#jline;2.14.3 ...
[info] Done updating.
[info] :: delivering :: org.scala-native#nscplugin_2.11.12;0.3.9-SNAPSHOT :: 0.3.9-SNAPSHOT :: integration :: Thu Oct 11 23:07:24 CEST 2018
[info] 	delivering ivy file to /home/valdis/scala-native/nscplugin/target/scala-2.11/ivy-0.3.9-SNAPSHOT.xml
[info] Main Scala API documentation to /home/valdis/scala-native/nscplugin/target/scala-2.11/api...
[info] Compiling 45 Scala sources to /home/valdis/scala-native/nscplugin/target/scala-2.11/classes...
[info] Checking out Scala source version 2.11.12
model contains 266 documentable templates
[warn] /home/valdis/scala-native/nir/src/main/scala/scala/scalanative/nir/Types.scala:24: match may not be exhaustive.
[warn] It would fail on the following inputs: Byte, Int, Long, Short, UByte, UInt, ULong, UShort
[warn]     def printType(ty: nir.Type): Unit = ty match {
[warn]                                         ^
[warn] /home/valdis/scala-native/nscplugin/src/main/scala/scala/scalanative/nscplugin/NirGenExpr.scala:1354: match may not be exhaustive.
[warn] It would fail on the following inputs: (Class(_), Long), (Unit, Long), (Void, Long)
[warn]         val conv = (fromty, toty) match {
[warn]                    ^
[info] Main Scala API documentation successful.
[info] Packaging /home/valdis/scala-native/nscplugin/target/scala-2.11/nscplugin_2.11.12-0.3.9-SNAPSHOT-javadoc.jar ...
[info] Done packaging.
[warn] there were two unchecked warnings; re-run with -unchecked for details
[warn] three warnings found
[info] Packaging /home/valdis/scala-native/nscplugin/target/scala-2.11/nscplugin_2.11.12-0.3.9-SNAPSHOT.jar ...
[info] Done packaging.
[info] 	published nscplugin_2.11.12 to /home/valdis/.ivy2/local/org.scala-native/nscplugin_2.11.12/0.3.9-SNAPSHOT/poms/nscplugin_2.11.12.pom
[info] 	published nscplugin_2.11.12 to /home/valdis/.ivy2/local/org.scala-native/nscplugin_2.11.12/0.3.9-SNAPSHOT/jars/nscplugin_2.11.12.jar
[info] 	published nscplugin_2.11.12 to /home/valdis/.ivy2/local/org.scala-native/nscplugin_2.11.12/0.3.9-SNAPSHOT/srcs/nscplugin_2.11.12-sources.jar
[info] 	published nscplugin_2.11.12 to /home/valdis/.ivy2/local/org.scala-native/nscplugin_2.11.12/0.3.9-SNAPSHOT/docs/nscplugin_2.11.12-javadoc.jar
[info] 	published ivy to /home/valdis/.ivy2/local/org.scala-native/nscplugin_2.11.12/0.3.9-SNAPSHOT/ivys/ivy.xml
[info] Updating {file:/home/valdis/scala-native/}nativelib...
[info] Packaging /home/valdis/scala-native/nativelib/target/scala-2.11/nativelib_native0.3.9-SNAPSHOT_2.11-0.3.9-SNAPSHOT-sources.jar ...
[info] Wrote /home/valdis/scala-native/nativelib/target/scala-2.11/nativelib_native0.3.9-SNAPSHOT_2.11-0.3.9-SNAPSHOT.pom
[info] Resolving org.scala-lang#scala-library;2.11.12 ...
[info] Resolving org.scala-lang#scala-reflect;2.11.12 ...
[info] Done packaging.
[info] Resolving org.scala-native#nscplugin_2.11.12;0.3.9-SNAPSHOT ...
[info] Resolving org.scala-native#nscplugin_2.11.12;0.3.9-SNAPSHOT ...
[info] Resolving org.scala-lang#scala-compiler;2.11.12 ...
[info] Resolving org.scala-lang.modules#scala-xml_2.11;1.0.5 ...
[info] Resolving org.scala-lang.modules#scala-parser-combinators_2.11;1.0.4 ...
[info] Resolving jline#jline;2.14.3 ...
[info] Done updating.
[info] :: delivering :: org.scala-native#nativelib_native0.3.9-SNAPSHOT_2.11;0.3.9-SNAPSHOT :: 0.3.9-SNAPSHOT :: integration :: Thu Oct 11 23:07:41 CEST 2018
[info] 	delivering ivy file to /home/valdis/scala-native/nativelib/target/scala-2.11/ivy-0.3.9-SNAPSHOT.xml
[info] Compiling 42 Scala sources to /home/valdis/scala-native/nativelib/target/scala-2.11/classes...
[info] Main Scala API documentation to /home/valdis/scala-native/nativelib/target/scala-2.11/api...
[warn] dropping dependency on node with no phase object: mixin
[warn] there were 25 feature warnings; re-run with -feature for details
model contains 200 documentable templates
[warn] one warning found
[info] Main Scala API documentation successful.
[info] Packaging /home/valdis/scala-native/nativelib/target/scala-2.11/nativelib_native0.3.9-SNAPSHOT_2.11-0.3.9-SNAPSHOT-javadoc.jar ...
[info] Done packaging.
[warn] there were 25 feature warnings; re-run with -feature for details
[warn] one warning found
[info] Because /home/valdis/scala-native/nativelib/src/main/scala/scala/scalanative/native/package.scala contains a macro definition, the following dependencies are invalidated unconditionally:
[info] 	/home/valdis/scala-native/nativelib/src/main/scala/java/lang/Class.scala
[info] 	/home/valdis/scala-native/nativelib/src/main/scala/java/lang/Object.scala
[info] 	/home/valdis/scala-native/nativelib/src/main/scala/scala/scalanative/native/Ptr.scala
[info] 	/home/valdis/scala-native/nativelib/src/main/scala/scala/scalanative/native/Zone.scala
[info] 	/home/valdis/scala-native/nativelib/src/main/scala/scala/scalanative/runtime/Arrays.scala
[info] 	/home/valdis/scala-native/nativelib/src/main/scala/scala/scalanative/runtime/Boxes.scala
[info] 	/home/valdis/scala-native/nativelib/src/main/scala/scala/scalanative/runtime/DeleteOnExit.scala
[info] 	/home/valdis/scala-native/nativelib/src/main/scala/scala/scalanative/runtime/GC.scala
[info] 	/home/valdis/scala-native/nativelib/src/main/scala/scala/scalanative/runtime/Intrinsics.scala
[info] 	/home/valdis/scala-native/nativelib/src/main/scala/scala/scalanative/runtime/Platform.scala
[info] 	/home/valdis/scala-native/nativelib/src/main/scala/scala/scalanative/runtime/Shutdown.scala
[info] 	/home/valdis/scala-native/nativelib/src/main/scala/scala/scalanative/runtime/libc.scala
[info] 	/home/valdis/scala-native/nativelib/src/main/scala/scala/scalanative/runtime/package.scala
[info] 	/home/valdis/scala-native/nativelib/src/main/scala/scala/scalanative/runtime/time.scala
[info] 	/home/valdis/scala-native/nativelib/src/main/scala/scala/scalanative/runtime/unwind.scala
[info] 	/home/valdis/scala-native/nativelib/src/main/scala/scala/scalanative/runtime/zlib.scala
[info] Packaging /home/valdis/scala-native/nativelib/target/scala-2.11/nativelib_native0.3.9-SNAPSHOT_2.11-0.3.9-SNAPSHOT.jar ...
[info] Done packaging.
[info] 	published nativelib_native0.3.9-SNAPSHOT_2.11 to /home/valdis/.ivy2/local/org.scala-native/nativelib_native0.3.9-SNAPSHOT_2.11/0.3.9-SNAPSHOT/poms/nativelib_native0.3.9-SNAPSHOT_2.11.pom
[info] 	published nativelib_native0.3.9-SNAPSHOT_2.11 to /home/valdis/.ivy2/local/org.scala-native/nativelib_native0.3.9-SNAPSHOT_2.11/0.3.9-SNAPSHOT/jars/nativelib_native0.3.9-SNAPSHOT_2.11.jar
[info] 	published nativelib_native0.3.9-SNAPSHOT_2.11 to /home/valdis/.ivy2/local/org.scala-native/nativelib_native0.3.9-SNAPSHOT_2.11/0.3.9-SNAPSHOT/srcs/nativelib_native0.3.9-SNAPSHOT_2.11-sources.jar
[info] 	published nativelib_native0.3.9-SNAPSHOT_2.11 to /home/valdis/.ivy2/local/org.scala-native/nativelib_native0.3.9-SNAPSHOT_2.11/0.3.9-SNAPSHOT/docs/nativelib_native0.3.9-SNAPSHOT_2.11-javadoc.jar
[info] 	published ivy to /home/valdis/.ivy2/local/org.scala-native/nativelib_native0.3.9-SNAPSHOT_2.11/0.3.9-SNAPSHOT/ivys/ivy.xml
[info] Packaging /home/valdis/scala-native/clib/target/scala-2.11/clib_native0.3.9-SNAPSHOT_2.11-0.3.9-SNAPSHOT-sources.jar ...
[info] Updating {file:/home/valdis/scala-native/}clib...
[info] Done packaging.
[info] Wrote /home/valdis/scala-native/clib/target/scala-2.11/clib_native0.3.9-SNAPSHOT_2.11-0.3.9-SNAPSHOT.pom
[info] Resolving org.scala-lang#scala-library;2.11.12 ...
[info] Resolving org.scala-native#nativelib_native0.3.9-SNAPSHOT_2.11;0.3.9-SNAPSHOT ...
[info] Resolving org.scala-lang#scala-reflect;2.11.12 ...
[info] Resolving org.scala-native#nscplugin_2.11.12;0.3.9-SNAPSHOT ...
[info] Resolving org.scala-native#nscplugin_2.11.12;0.3.9-SNAPSHOT ...
[info] Resolving org.scala-lang#scala-compiler;2.11.12 ...
[info] Resolving org.scala-lang.modules#scala-xml_2.11;1.0.5 ...
[info] Resolving org.scala-lang.modules#scala-parser-combinators_2.11;1.0.4 ...
[info] Resolving jline#jline;2.14.3 ...
[info] Done updating.
[info] :: delivering :: org.scala-native#clib_native0.3.9-SNAPSHOT_2.11;0.3.9-SNAPSHOT :: 0.3.9-SNAPSHOT :: integration :: Thu Oct 11 23:07:47 CEST 2018
[info] 	delivering ivy file to /home/valdis/scala-native/clib/target/scala-2.11/ivy-0.3.9-SNAPSHOT.xml
[info] Main Scala API documentation to /home/valdis/scala-native/clib/target/scala-2.11/api...
[info] Compiling 9 Scala sources to /home/valdis/scala-native/clib/target/scala-2.11/classes...
[warn] dropping dependency on node with no phase object: mixin
model contains 16 documentable templates
[info] Main Scala API documentation successful.
[info] Packaging /home/valdis/scala-native/clib/target/scala-2.11/clib_native0.3.9-SNAPSHOT_2.11-0.3.9-SNAPSHOT-javadoc.jar ...
[info] Done packaging.
[info] Packaging /home/valdis/scala-native/clib/target/scala-2.11/clib_native0.3.9-SNAPSHOT_2.11-0.3.9-SNAPSHOT.jar ...
[info] Done packaging.
[info] 	published clib_native0.3.9-SNAPSHOT_2.11 to /home/valdis/.ivy2/local/org.scala-native/clib_native0.3.9-SNAPSHOT_2.11/0.3.9-SNAPSHOT/poms/clib_native0.3.9-SNAPSHOT_2.11.pom
[info] 	published clib_native0.3.9-SNAPSHOT_2.11 to /home/valdis/.ivy2/local/org.scala-native/clib_native0.3.9-SNAPSHOT_2.11/0.3.9-SNAPSHOT/jars/clib_native0.3.9-SNAPSHOT_2.11.jar
[info] 	published clib_native0.3.9-SNAPSHOT_2.11 to /home/valdis/.ivy2/local/org.scala-native/clib_native0.3.9-SNAPSHOT_2.11/0.3.9-SNAPSHOT/srcs/clib_native0.3.9-SNAPSHOT_2.11-sources.jar
[info] 	published clib_native0.3.9-SNAPSHOT_2.11 to /home/valdis/.ivy2/local/org.scala-native/clib_native0.3.9-SNAPSHOT_2.11/0.3.9-SNAPSHOT/docs/clib_native0.3.9-SNAPSHOT_2.11-javadoc.jar
[info] 	published ivy to /home/valdis/.ivy2/local/org.scala-native/clib_native0.3.9-SNAPSHOT_2.11/0.3.9-SNAPSHOT/ivys/ivy.xml
[info] Packaging /home/valdis/scala-native/posixlib/target/scala-2.11/posixlib_native0.3.9-SNAPSHOT_2.11-0.3.9-SNAPSHOT-sources.jar ...
[info] Updating {file:/home/valdis/scala-native/}posixlib...
[info] Done packaging.
[info] Wrote /home/valdis/scala-native/posixlib/target/scala-2.11/posixlib_native0.3.9-SNAPSHOT_2.11-0.3.9-SNAPSHOT.pom
[info] Resolving org.scala-lang#scala-library;2.11.12 ...
[info] Resolving org.scala-native#clib_native0.3.9-SNAPSHOT_2.11;0.3.9-SNAPSHOT ...
[info] Resolving org.scala-native#nativelib_native0.3.9-SNAPSHOT_2.11;0.3.9-SNAPSHOT ...
[info] Resolving org.scala-lang#scala-reflect;2.11.12 ...
[info] Resolving org.scala-native#nscplugin_2.11.12;0.3.9-SNAPSHOT ...
[info] Resolving org.scala-native#nscplugin_2.11.12;0.3.9-SNAPSHOT ...
[info] Resolving org.scala-lang#scala-compiler;2.11.12 ...
[info] Resolving org.scala-lang.modules#scala-xml_2.11;1.0.5 ...
[info] Resolving org.scala-lang.modules#scala-parser-combinators_2.11;1.0.4 ...
[info] Resolving jline#jline;2.14.3 ...
[info] Done updating.
[info] :: delivering :: org.scala-native#posixlib_native0.3.9-SNAPSHOT_2.11;0.3.9-SNAPSHOT :: 0.3.9-SNAPSHOT :: integration :: Thu Oct 11 23:07:48 CEST 2018
[info] 	delivering ivy file to /home/valdis/scala-native/posixlib/target/scala-2.11/ivy-0.3.9-SNAPSHOT.xml
[info] Compiling 32 Scala sources to /home/valdis/scala-native/posixlib/target/scala-2.11/classes...
[info] Main Scala API documentation to /home/valdis/scala-native/posixlib/target/scala-2.11/api...
[warn] dropping dependency on node with no phase object: mixin
model contains 63 documentable templates
[info] Main Scala API documentation successful.
[info] Packaging /home/valdis/scala-native/posixlib/target/scala-2.11/posixlib_native0.3.9-SNAPSHOT_2.11-0.3.9-SNAPSHOT-javadoc.jar ...
[info] Done packaging.
[info] Packaging /home/valdis/scala-native/posixlib/target/scala-2.11/posixlib_native0.3.9-SNAPSHOT_2.11-0.3.9-SNAPSHOT.jar ...
[info] Done packaging.
[info] 	published posixlib_native0.3.9-SNAPSHOT_2.11 to /home/valdis/.ivy2/local/org.scala-native/posixlib_native0.3.9-SNAPSHOT_2.11/0.3.9-SNAPSHOT/poms/posixlib_native0.3.9-SNAPSHOT_2.11.pom
[info] 	published posixlib_native0.3.9-SNAPSHOT_2.11 to /home/valdis/.ivy2/local/org.scala-native/posixlib_native0.3.9-SNAPSHOT_2.11/0.3.9-SNAPSHOT/jars/posixlib_native0.3.9-SNAPSHOT_2.11.jar
[info] 	published posixlib_native0.3.9-SNAPSHOT_2.11 to /home/valdis/.ivy2/local/org.scala-native/posixlib_native0.3.9-SNAPSHOT_2.11/0.3.9-SNAPSHOT/srcs/posixlib_native0.3.9-SNAPSHOT_2.11-sources.jar
[info] 	published posixlib_native0.3.9-SNAPSHOT_2.11 to /home/valdis/.ivy2/local/org.scala-native/posixlib_native0.3.9-SNAPSHOT_2.11/0.3.9-SNAPSHOT/docs/posixlib_native0.3.9-SNAPSHOT_2.11-javadoc.jar
[info] 	published ivy to /home/valdis/.ivy2/local/org.scala-native/posixlib_native0.3.9-SNAPSHOT_2.11/0.3.9-SNAPSHOT/ivys/ivy.xml
[info] Updating {file:/home/valdis/scala-native/}javalib...
[info] Wrote /home/valdis/scala-native/javalib/target/scala-2.11/javalib_native0.3.9-SNAPSHOT_2.11-0.3.9-SNAPSHOT.pom
[info] Resolving org.scala-lang#scala-library;2.11.12 ...
[info] Packaging /home/valdis/scala-native/javalib/target/scala-2.11/javalib_native0.3.9-SNAPSHOT_2.11-0.3.9-SNAPSHOT-sources.jar ...
[info] Resolving org.scala-native#nativelib_native0.3.9-SNAPSHOT_2.11;0.3.9-SNAPSHOT ...
[info] Resolving org.scala-lang#scala-reflect;2.11.12 ...
[info] Resolving org.scala-native#posixlib_native0.3.9-SNAPSHOT_2.11;0.3.9-SNAPSHOT ...
[info] Resolving org.scala-native#clib_native0.3.9-SNAPSHOT_2.11;0.3.9-SNAPSHOT ...
[info] Resolving org.scala-native#nscplugin_2.11.12;0.3.9-SNAPSHOT ...
[info] Resolving org.scala-native#nscplugin_2.11.12;0.3.9-SNAPSHOT ...
[info] Done packaging.
[info] Resolving org.scala-lang#scala-compiler;2.11.12 ...
[info] Resolving org.scala-lang.modules#scala-xml_2.11;1.0.5 ...
[info] Resolving org.scala-lang.modules#scala-parser-combinators_2.11;1.0.4 ...
[info] Resolving jline#jline;2.14.3 ...
[info] Done updating.
[info] :: delivering :: org.scala-native#javalib_native0.3.9-SNAPSHOT_2.11;0.3.9-SNAPSHOT :: 0.3.9-SNAPSHOT :: integration :: Thu Oct 11 23:07:52 CEST 2018
[info] 	delivering ivy file to /home/valdis/scala-native/javalib/target/scala-2.11/ivy-0.3.9-SNAPSHOT.xml
[info] Packaging /home/valdis/scala-native/javalib/target/scala-2.11/javalib_native0.3.9-SNAPSHOT_2.11-0.3.9-SNAPSHOT-javadoc.jar ...
[info] Done packaging.
[info] Compiling 382 Scala sources to /home/valdis/scala-native/javalib/target/scala-2.11/classes...
[info] Packaging /home/valdis/scala-native/javalib/target/scala-2.11/javalib_native0.3.9-SNAPSHOT_2.11-0.3.9-SNAPSHOT.jar ...
[info] Done packaging.
[info] 	published javalib_native0.3.9-SNAPSHOT_2.11 to /home/valdis/.ivy2/local/org.scala-native/javalib_native0.3.9-SNAPSHOT_2.11/0.3.9-SNAPSHOT/poms/javalib_native0.3.9-SNAPSHOT_2.11.pom
[info] 	published javalib_native0.3.9-SNAPSHOT_2.11 to /home/valdis/.ivy2/local/org.scala-native/javalib_native0.3.9-SNAPSHOT_2.11/0.3.9-SNAPSHOT/jars/javalib_native0.3.9-SNAPSHOT_2.11.jar
[info] 	published javalib_native0.3.9-SNAPSHOT_2.11 to /home/valdis/.ivy2/local/org.scala-native/javalib_native0.3.9-SNAPSHOT_2.11/0.3.9-SNAPSHOT/srcs/javalib_native0.3.9-SNAPSHOT_2.11-sources.jar
[info] 	published javalib_native0.3.9-SNAPSHOT_2.11 to /home/valdis/.ivy2/local/org.scala-native/javalib_native0.3.9-SNAPSHOT_2.11/0.3.9-SNAPSHOT/docs/javalib_native0.3.9-SNAPSHOT_2.11-javadoc.jar
[info] 	published ivy to /home/valdis/.ivy2/local/org.scala-native/javalib_native0.3.9-SNAPSHOT_2.11/0.3.9-SNAPSHOT/ivys/ivy.xml
[info] Packaging /home/valdis/scala-native/auxlib/target/scala-2.11/auxlib_native0.3.9-SNAPSHOT_2.11-0.3.9-SNAPSHOT-sources.jar ...
[info] Done packaging.
[info] Updating {file:/home/valdis/scala-native/}auxlib...
[info] Wrote /home/valdis/scala-native/auxlib/target/scala-2.11/auxlib_native0.3.9-SNAPSHOT_2.11-0.3.9-SNAPSHOT.pom
[info] Resolving org.scala-lang#scala-library;2.11.12 ...
[info] Resolving org.scala-native#nativelib_native0.3.9-SNAPSHOT_2.11;0.3.9-SNAPSHOT ...
[info] Resolving org.scala-lang#scala-reflect;2.11.12 ...
[info] Resolving org.scala-native#nscplugin_2.11.12;0.3.9-SNAPSHOT ...
[info] Resolving org.scala-native#nscplugin_2.11.12;0.3.9-SNAPSHOT ...
[info] Resolving org.scala-lang#scala-compiler;2.11.12 ...
[info] Resolving org.scala-lang.modules#scala-xml_2.11;1.0.5 ...
[info] Resolving org.scala-lang.modules#scala-parser-combinators_2.11;1.0.4 ...
[info] Resolving jline#jline;2.14.3 ...
[info] Done updating.
[info] :: delivering :: org.scala-native#auxlib_native0.3.9-SNAPSHOT_2.11;0.3.9-SNAPSHOT :: 0.3.9-SNAPSHOT :: integration :: Thu Oct 11 23:08:09 CEST 2018
[info] 	delivering ivy file to /home/valdis/scala-native/auxlib/target/scala-2.11/ivy-0.3.9-SNAPSHOT.xml
[info] Main Scala API documentation to /home/valdis/scala-native/auxlib/target/scala-2.11/api...
[info] Compiling 5 Scala sources to /home/valdis/scala-native/auxlib/target/scala-2.11/classes...
[warn] dropping dependency on node with no phase object: mixin
model contains 46 documentable templates
[info] Main Scala API documentation successful.
[info] Packaging /home/valdis/scala-native/auxlib/target/scala-2.11/auxlib_native0.3.9-SNAPSHOT_2.11-0.3.9-SNAPSHOT-javadoc.jar ...
[info] Done packaging.
[info] Packaging /home/valdis/scala-native/auxlib/target/scala-2.11/auxlib_native0.3.9-SNAPSHOT_2.11-0.3.9-SNAPSHOT.jar ...
[info] Done packaging.
[info] 	published auxlib_native0.3.9-SNAPSHOT_2.11 to /home/valdis/.ivy2/local/org.scala-native/auxlib_native0.3.9-SNAPSHOT_2.11/0.3.9-SNAPSHOT/poms/auxlib_native0.3.9-SNAPSHOT_2.11.pom
[info] 	published auxlib_native0.3.9-SNAPSHOT_2.11 to /home/valdis/.ivy2/local/org.scala-native/auxlib_native0.3.9-SNAPSHOT_2.11/0.3.9-SNAPSHOT/jars/auxlib_native0.3.9-SNAPSHOT_2.11.jar
[info] 	published auxlib_native0.3.9-SNAPSHOT_2.11 to /home/valdis/.ivy2/local/org.scala-native/auxlib_native0.3.9-SNAPSHOT_2.11/0.3.9-SNAPSHOT/srcs/auxlib_native0.3.9-SNAPSHOT_2.11-sources.jar
[info] 	published auxlib_native0.3.9-SNAPSHOT_2.11 to /home/valdis/.ivy2/local/org.scala-native/auxlib_native0.3.9-SNAPSHOT_2.11/0.3.9-SNAPSHOT/docs/auxlib_native0.3.9-SNAPSHOT_2.11-javadoc.jar
[info] 	published ivy to /home/valdis/.ivy2/local/org.scala-native/auxlib_native0.3.9-SNAPSHOT_2.11/0.3.9-SNAPSHOT/ivys/ivy.xml
[info] Updating {file:/home/valdis/scala-native/}scalalib...
[info] Wrote /home/valdis/scala-native/scalalib/target/scala-2.11/scalalib_native0.3.9-SNAPSHOT_2.11-0.3.9-SNAPSHOT.pom
[info] Resolving org.scala-lang#scala-library;2.11.12 ...
[info] Resolving org.scala-native#auxlib_native0.3.9-SNAPSHOT_2.11;0.3.9-SNAPSHOT ...
[info] Resolving org.scala-native#nativelib_native0.3.9-SNAPSHOT_2.11;0.3.9-SNAPSHOT ...
[info] Packaging /home/valdis/scala-native/scalalib/target/scala-2.11/scalalib_native0.3.9-SNAPSHOT_2.11-0.3.9-SNAPSHOT-sources.jar ...
[info] Resolving org.scala-lang#scala-reflect;2.11.12 ...
[info] Resolving org.scala-native#javalib_native0.3.9-SNAPSHOT_2.11;0.3.9-SNAPSHOT ...
[info] Resolving org.scala-native#posixlib_native0.3.9-SNAPSHOT_2.11;0.3.9-SNAPSHOT ...
[info] Resolving org.scala-native#clib_native0.3.9-SNAPSHOT_2.11;0.3.9-SNAPSHOT ...
[info] Resolving org.scala-native#nscplugin_2.11.12;0.3.9-SNAPSHOT ...
[info] Resolving org.scala-native#nscplugin_2.11.12;0.3.9-SNAPSHOT ...
[info] Resolving org.scala-lang#scala-compiler;2.11.12 ...
[info] Resolving org.scala-lang.modules#scala-xml_2.11;1.0.5 ...
[info] Resolving org.scala-lang.modules#scala-parser-combinators_2.11;1.0.4 ...
[info] Done packaging.
[info] Resolving jline#jline;2.14.3 ...
[info] Done updating.
[info] :: delivering :: org.scala-native#scalalib_native0.3.9-SNAPSHOT_2.11;0.3.9-SNAPSHOT :: 0.3.9-SNAPSHOT :: integration :: Thu Oct 11 23:08:10 CEST 2018
[info] 	delivering ivy file to /home/valdis/scala-native/scalalib/target/scala-2.11/ivy-0.3.9-SNAPSHOT.xml
[info] Compiling 582 Scala sources to /home/valdis/scala-native/scalalib/target/scala-2.11/classes...
[info] Main Scala API documentation to /home/valdis/scala-native/scalalib/target/scala-2.11/api...
[warn] dropping dependency on node with no phase object: mixin
[warn] there were two deprecation warnings; re-run with -deprecation for details
[warn] /home/valdis/scala-native/scalalib/src/main/scala/scala/collection/GenIterableLike.scala:101: Could not find the type $Coll points to while expanding it for the usecase signature of method zipWithIndex in class StringOps.In this context, $Coll = "String".
[warn]    *  @usecase def zipWithIndex: $Coll[(A, Int)]
[warn]                ^
[warn] /home/valdis/scala-native/scalalib/src/main/scala/scala/collection/GenIterableLike.scala:73: Could not find the type $Coll points to while expanding it for the usecase signature of method zip in class StringOps.In this context, $Coll = "String".
[warn]    *  @usecase def zip[B](that: GenIterable[B]): $Coll[(A, B)]
[warn]                ^
[warn] /home/valdis/scala-native/scalalib/src/main/scala/scala/collection/GenSeqLike.scala:364: Could not find the type $Coll points to while expanding it for the usecase signature of method padTo in class StringOps.In this context, $Coll = "String".
[warn]    *  @usecase def padTo(len: Int, elem: A): $Coll[A]
[warn]                ^
[warn] /home/valdis/scala-native/scalalib/src/main/scala/scala/collection/GenSeqLike.scala:332: Could not find the type $Coll points to while expanding it for the usecase signature of method :+ in class StringOps.In this context, $Coll = "String".
[warn]    *  @usecase def :+(elem: A): $Coll[A]
[warn]                ^
[warn] /home/valdis/scala-native/scalalib/src/main/scala/scala/collection/GenSeqLike.scala:296: Could not find the type $Coll points to while expanding it for the usecase signature of method +: in class StringOps.In this context, $Coll = "String".
[warn]    *  @usecase def +:(elem: A): $Coll[A]
[warn]                ^
[warn] /home/valdis/scala-native/scalalib/src/main/scala/scala/collection/GenSeqLike.scala:280: Could not find the type $Coll points to while expanding it for the usecase signature of method updated in class StringOps.In this context, $Coll = "String".
[warn]    *  @usecase def updated(index: Int, elem: A): $Coll[A]
[warn]                ^
[warn] /home/valdis/scala-native/scalalib/src/main/scala/scala/collection/GenSeqLike.scala:262: Could not find the type $Coll points to while expanding it for the usecase signature of method patch in class StringOps.In this context, $Coll = "String".
[warn]    *  @usecase def patch(from: Int, that: GenSeq[A], replaced: Int): $Coll[A]
[warn]                ^
[warn] /home/valdis/scala-native/scalalib/src/main/scala/scala/collection/SeqLike.scala:467: Could not find the type $Coll points to while expanding it for the usecase signature of method intersect in class StringOps.In this context, $Coll = "String".
[warn]    *  @usecase def intersect(that: Seq[A]): $Coll[A]
[warn]                ^
[warn] /home/valdis/scala-native/scalalib/src/main/scala/scala/collection/SeqLike.scala:436: Could not find the type $Coll points to while expanding it for the usecase signature of method diff in class StringOps.In this context, $Coll = "String".
[warn]    *  @usecase def diff(that: Seq[A]): $Coll[A]
[warn]                ^
[warn] /home/valdis/scala-native/scalalib/src/main/scala/scala/collection/SeqLike.scala:412: Could not find the type $Coll points to while expanding it for the usecase signature of method union in class StringOps.In this context, $Coll = "String".
[warn]    *  @usecase def union(that: Seq[A]): $Coll[A]
[warn]                ^
[warn] /home/valdis/scala-native/scalalib/src/main/scala/scala/collection/GenSeqLike.scala:212: Could not find the type $Coll points to while expanding it for the usecase signature of method reverseMap in class StringOps.In this context, $Coll = "String".
[warn]    *  @usecase def reverseMap[B](f: A => B): $Coll[B]
[warn]                ^
[warn] /home/valdis/scala-native/scalalib/src/main/scala/scala/collection/GenIterableLike.scala:128: Could not find the type $Coll points to while expanding it for the usecase signature of method zipAll in class StringOps.In this context, $Coll = "String".
[warn]    *  @usecase def zipAll[B](that: Iterable[B], thisElem: A, thatElem: B): $Coll[(A, B)]
[warn]                ^
[warn] /home/valdis/scala-native/scalalib/src/main/scala/scala/collection/GenTraversableLike.scala:190: Could not find the type $Coll points to while expanding it for the usecase signature of method collect in class StringOps.In this context, $Coll = "String".
[warn]    *  @usecase def collect[B](pf: PartialFunction[A, B]): $Coll[B]
[warn]                ^
[warn] /home/valdis/scala-native/scalalib/src/main/scala/scala/collection/GenTraversableLike.scala:211: Could not find the type $Coll points to while expanding it for the usecase signature of method flatMap in class StringOps.In this context, $Coll = "String".
[warn]    *  @usecase def flatMap[B](f: A => GenTraversableOnce[B]): $Coll[B]
[warn]                ^
[warn] /home/valdis/scala-native/scalalib/src/main/scala/scala/collection/GenTraversableLike.scala:172: Could not find the type $Coll points to while expanding it for the usecase signature of method map in class StringOps.In this context, $Coll = "String".
[warn]    *  @usecase def map[B](f: A => B): $Coll[B]
[warn]                ^
[warn] /home/valdis/scala-native/scalalib/src/main/scala/scala/collection/TraversableLike.scala:165: Could not find the type $Coll points to while expanding it for the usecase signature of method ++: in class StringOps.In this context, $Coll = "String".
[warn]    *  @usecase def ++:[B](that: TraversableOnce[B]): $Coll[B]
[warn]                ^
[warn] /home/valdis/scala-native/scalalib/src/main/scala/scala/collection/GenTraversableLike.scala:253: Could not find the type $Coll points to while expanding it for the usecase signature of method ++ in class StringOps.In this context, $Coll = "String".
[warn]    *  @usecase def ++[B](that: GenTraversableOnce[B]): $Coll[B]
[warn]                ^
model contains 1293 documentable templates
[warn] /home/valdis/scala-native/scalalib/src/main/scala/scala/compat/Platform.scala:88: Could not find any member to link for "`java.lang.ExceptionInInitializerError`".
[warn]   /** Returns the `Class` object associated with the class or interface with the given string name using the current `ClassLoader`.
[warn]   ^
[warn] /home/valdis/scala-native/scalalib/src/main/scala/scala/compat/Platform.scala:81: Could not find any member to link for "`java.lang.NullPointerException`".
[warn]   /** Assigns the value of 0 to each element in the array.
[warn]   ^
[warn] /home/valdis/scala-native/scalalib/src/main/scala/scala/compat/Platform.scala:54: Could not find any member to link for "`java.lang.NullPointerException`".
[warn]   /** Creates a new array of the specified type and given length.
[warn]   ^
[warn] /home/valdis/scala-native/scalalib/src/main/scala/scala/compat/Platform.scala:30: Could not find any member to link for "java.lang.NullPointerException".
[warn]   /** Copies `length` elements of array `src` starting at position `srcPos` to the
[warn]   ^
[warn] /home/valdis/scala-native/scalalib/src/main/scala/scala/util/matching/Regex.scala:722: Variable month undefined in comment for object Groups in object Regex
[warn]    *  val day = date replaceAllIn(text, _ match { case Groups(_, month, day) => s"$month/$day" })
[warn]                                                                                    ^
[warn] /home/valdis/scala-native/scalalib/src/main/scala/scala/util/matching/Regex.scala:722: Variable day undefined in comment for object Groups in object Regex
[warn]    *  val day = date replaceAllIn(text, _ match { case Groups(_, month, day) => s"$month/$day" })
[warn]                                                                                           ^
[warn] /home/valdis/scala-native/scalalib/src/main/scala/scala/util/matching/Regex.scala:61: Variable year undefined in comment for class Regex in class Regex
[warn]  *    case date(year, month, day) => s"$year was a good year for PLs."
[warn]                                         ^
[warn] /home/valdis/scala-native/scalalib/src/main/scala/scala/util/matching/Regex.scala:80: Variable year undefined in comment for class Regex in class Regex
[warn]  *    case date(year, _*) => s"$year was a good year for PLs."
[warn]                                 ^
[warn] /home/valdis/scala-native/scalalib/src/main/scala/scala/util/matching/Regex.scala:120: Variable s undefined in comment for class Regex in class Regex
[warn]  *  val oldies = mi filter (_ => (mi group 1).toInt < 1960) map (s => s"$s: An oldie but goodie.")
[warn]                                                                          ^
[warn] /home/valdis/scala-native/scalalib/src/main/scala/scala/util/matching/Regex.scala:135: Variable c undefined in comment for class Regex in class Regex
[warn]  *  val months      = (0 to 11) map { i => val c = Calendar.getInstance; c.set(2014, i, 1); f"$c%tb" }
[warn]                                                                                                ^
[warn] /home/valdis/scala-native/scalalib/src/main/scala/scala/util/matching/Regex.scala:136: Variable months(m.toInt - 1) undefined in comment for class Regex in class Regex
[warn]  *  val reformatted = date replaceAllIn (dates, _ match { case date(y,m,d) => f"${months(m.toInt - 1)} $d, $y" })
[warn]                                                                                  ^
[warn] /home/valdis/scala-native/scalalib/src/main/scala/scala/util/matching/Regex.scala:136: Variable d undefined in comment for class Regex in class Regex
[warn]  *  val reformatted = date replaceAllIn (dates, _ match { case date(y,m,d) => f"${months(m.toInt - 1)} $d, $y" })
[warn]                                                                                                         ^
[warn] /home/valdis/scala-native/scalalib/src/main/scala/scala/util/matching/Regex.scala:136: Variable y undefined in comment for class Regex in class Regex
[warn]  *  val reformatted = date replaceAllIn (dates, _ match { case date(y,m,d) => f"${months(m.toInt - 1)} $d, $y" })
[warn]                                                                                                             ^
[warn] /home/valdis/scala-native/scalalib/src/main/scala/scala/util/matching/Regex.scala:546: Variable year undefined in comment for method unanchored in class Regex
[warn]    *    case date(year, month, day) => s"Copyright $year"                  // OK
[warn]                                                     ^
[warn] /home/valdis/scala-native/scalalib/src/main/scala/scala/util/matching/Regex.scala:462: Variable m group "month" undefined in comment for method replaceAllIn in class Regex
[warn]    * val repl = datePattern replaceAllIn (text, m => s"${m group "month"}/${m group "day"}")
[warn]                                                         ^
[warn] /home/valdis/scala-native/scalalib/src/main/scala/scala/util/matching/Regex.scala:462: Variable m group "day" undefined in comment for method replaceAllIn in class Regex
[warn]    * val repl = datePattern replaceAllIn (text, m => s"${m group "month"}/${m group "day"}")
[warn]                                                                            ^
[warn] /home/valdis/scala-native/scalalib/src/main/scala/scala/util/matching/Regex.scala:348: Variable x undefined in comment for method findAllIn in class Regex
[warn]    *    case madhatter(x,y) => s"$x$y"
[warn]                                   ^
[warn] /home/valdis/scala-native/scalalib/src/main/scala/scala/util/matching/Regex.scala:348: Variable y undefined in comment for method findAllIn in class Regex
[warn]    *    case madhatter(x,y) => s"$x$y"
[warn]                                     ^
[warn] /home/valdis/scala-native/scalalib/src/main/scala/scala/collection/immutable/Queue.scala:51: Could not find any member to link for "java.util.NoSuchElementException".
[warn]   /** Returns the `n`-th element of this queue.
[warn]   ^
[warn] /home/valdis/scala-native/scalalib/src/main/scala/scala/reflect/ClassTag.scala:22: Variable 1 undefined in comment for trait ClassTag in trait ClassTag
[warn]  *   mkArray: [T](elems: T*)(implicit evidence$1: scala.reflect.ClassTag[T])Array[T]
[warn]                                                ^
[warn] /home/valdis/scala-native/scalalib/src/main/scala/scala/collection/immutable/Range.scala:409: Tag '@pre' is not recognised
[warn]   /** Counts the number of range elements.
[warn]   ^
[warn] /home/valdis/scala-native/scalalib/src/main/scala/scala/collection/immutable/Queue.scala:121: Could not find any member to link for "java.util.NoSuchElementException".
[warn]   /** Returns a tuple with the first element in the queue,
[warn]   ^
[warn] /home/valdis/scala-native/scalalib/src/main/scala/scala/collection/mutable/PriorityQueue.scala:137: Could not find any member to link for "java.util.NoSuchElementException".
[warn]   /** Returns the element with the highest priority in the queue,
[warn]   ^
[warn] /home/valdis/scala-native/scalalib/src/main/scala/scala/collection/mutable/Queue.scala:58: Could not find any member to link for "java.util.NoSuchElementException".
[warn]   /** Returns the first element in the queue, and removes this element
[warn]   ^
[warn] /home/valdis/scala-native/scalalib/src/main/scala/scala/concurrent/duration/Duration.scala:693: Could not find any member to link for "ArithmeticException".
[warn]   /**
[warn]   ^
[warn] /home/valdis/scala-native/scalalib/src/main/scala/scala/StringContext.scala:144: Variable name undefined in comment for macro method f in class StringContext
[warn]    *    println(f"$name%s is $height%2.2f meters tall")  // James is 1.90 meters tall
[warn]                    ^
[warn] /home/valdis/scala-native/scalalib/src/main/scala/scala/StringContext.scala:144: Variable height undefined in comment for macro method f in class StringContext
[warn]    *    println(f"$name%s is $height%2.2f meters tall")  // James is 1.90 meters tall
[warn]                               ^
[warn] /home/valdis/scala-native/scalalib/src/main/scala/scala/collection/immutable/StringLike.scala:304: Could not find any member to link for "java.lang.IllegalArgumentException".
[warn]   /** Uses the underlying string as a pattern (in a fashion similar to
[warn]   ^
[warn] /home/valdis/scala-native/scalalib/src/main/scala/scala/collection/immutable/StringLike.scala:321: Could not find any member to link for "java.lang.IllegalArgumentException".
[warn]   /** Like `format(args*)` but takes an initial `Locale` parameter
[warn]   ^
[warn] /home/valdis/scala-native/scalalib/src/main/scala/scala/collection/immutable/Queue.scala:140: Could not find any member to link for "java.util.NoSuchElementException".
[warn]   /** Returns the first element in the queue, or throws an error if there
[warn]   ^
[warn] /home/valdis/scala-native/scalalib/src/main/scala/scala/Option.scala:109: Could not find any member to link for "java.util.NoSuchElementException".
[warn]   /** Returns the option's value.
[warn]   ^
[warn] /home/valdis/scala-native/scalalib/src/main/scala/scala/util/Either.scala:276: Could not find any member to link for "java.util.NoSuchElementException".
[warn]     /**
[warn]     ^
[warn] /home/valdis/scala-native/scalalib/src/main/scala/scala/util/Either.scala:441: Could not find any member to link for "java.util.NoSuchElementException".
[warn]     /**
[warn]     ^
[warn] /home/valdis/scala-native/scalalib/src/main/scala/scala/collection/immutable/ListSet.scala:129: Could not find any member to link for "java.util.NoSuchElementException".
[warn]   /**
[warn]   ^
[warn] /home/valdis/scala-native/scalalib/src/main/scala/scala/collection/immutable/Stream.scala:218: Could not find any member to link for "java.util.NoSuchElementException".
[warn]   /** Gives constant time access to the first element of this `Stream`.  Using
[warn]   ^
[warn] /home/valdis/scala-native/scalalib/src/main/scala/scala/annotation/implicitNotFound.scala:15: Variable Xi undefined in comment for class implicitNotFound in class implicitNotFound
[warn]  * result of replacing all occurrences of ${Xi} in the string msg with the
[warn]                                            ^
[warn] /home/valdis/scala-native/scalalib/src/main/scala/scala/collection/immutable/ListSet.scala:112: Could not find any member to link for "java.util.NoSuchElementException".
[warn]   /** Creates a new iterator over all elements contained in this set.
[warn]   ^
[warn] /home/valdis/scala-native/scalalib/src/main/scala/scala/StringContext.scala:20: Variable name undefined in comment for class StringContext in class StringContext
[warn]  *   println(s"Hello, $name")  // Hello, James
[warn]                        ^
[warn] /home/valdis/scala-native/scalalib/src/main/scala/scala/StringContext.scala:26: Variable name undefined in comment for class StringContext in class StringContext
[warn]  *   s"Hello, $name"
[warn]                ^
[warn] /home/valdis/scala-native/scalalib/src/main/scala/scala/StringContext.scala:44: Variable a undefined in comment for class StringContext in class StringContext
[warn]  *    val x: JSONObject = json"{ a: $a }"
[warn]                                      ^
[warn] /home/valdis/scala-native/scalalib/src/main/scala/scala/collection/immutable/Stack.scala:110: Could not find any member to link for "java.util.NoSuchElementException".
[warn]   /** Removes the top element from the stack.
[warn]   ^
[warn] /home/valdis/scala-native/scalalib/src/main/scala/scala/collection/mutable/Stack.scala:139: Could not find any member to link for "java.util.NoSuchElementException".
[warn]   /** Removes the top element from the stack.
[warn]   ^
[warn] /home/valdis/scala-native/scalalib/src/main/scala/scala/Console.scala:150: Could not find any member to link for "java.lang.IllegalArgumentException".
[warn]   /** Prints its arguments as a formatted string to the default output,
[warn]   ^
[warn] /home/valdis/scala-native/scalalib/src/main/scala/scala/io/Source.scala:181: Variable Positioner undefined in comment for class Source in class Source
[warn]  *  [[scala.io.Source$Positioner the positioner]].
[warn]                       ^
[warn] /home/valdis/scala-native/scalalib/src/main/scala/scala/StringContext.scala:76: Variable name undefined in comment for method s in class StringContext
[warn]    *    println(s"Hello, $name")  // Hello, James
[warn]                           ^
[warn] /home/valdis/scala-native/scalalib/src/main/scala/scala/StringContext.scala:78: Variable name undefined in comment for method s in class StringContext
[warn]    *  In this example, the expression $name is replaced with the `toString` of the
[warn]                                        ^
[warn] /home/valdis/scala-native/scalalib/src/main/scala/scala/StringContext.scala:83: Variable 1 + 1 undefined in comment for method s in class StringContext
[warn]    *    println(s"1 + 1 = ${1 + 1}")
[warn]                            ^
[warn] /home/valdis/scala-native/scalalib/src/main/scala/scala/collection/TraversableLike.scala:414: Could not find any member to link for "`UnsupportedOperationException`".
[warn]   /** Selects all elements except the first.
[warn]   ^
[warn] /home/valdis/scala-native/scalalib/src/main/scala/scala/collection/immutable/ListSet.scala:134: Could not find any member to link for "java.util.NoSuchElementException".
[warn]   /**
[warn]   ^
[warn] /home/valdis/scala-native/scalalib/src/main/scala/scala/collection/immutable/StringLike.scala:258: Could not find any member to link for "java.lang.IllegalArgumentException".
[warn]   /**
[warn]   ^
[warn] /home/valdis/scala-native/scalalib/src/main/scala/scala/collection/immutable/StringLike.scala:262: Could not find any member to link for "java.lang.NumberFormatException".
[warn]   /**
[warn]   ^
[warn] /home/valdis/scala-native/scalalib/src/main/scala/scala/collection/immutable/StringLike.scala:282: Could not find any member to link for "java.lang.NumberFormatException".
[warn]   /**
[warn]   ^
[warn] /home/valdis/scala-native/scalalib/src/main/scala/scala/collection/immutable/StringLike.scala:278: Could not find any member to link for "java.lang.NumberFormatException".
[warn]   /**
[warn]   ^
[warn] /home/valdis/scala-native/scalalib/src/main/scala/scala/collection/immutable/StringLike.scala:270: Could not find any member to link for "java.lang.NumberFormatException".
[warn]   /**
[warn]   ^
[warn] /home/valdis/scala-native/scalalib/src/main/scala/scala/collection/immutable/StringLike.scala:274: Could not find any member to link for "java.lang.NumberFormatException".
[warn]   /**
[warn]   ^
[warn] /home/valdis/scala-native/scalalib/src/main/scala/scala/collection/immutable/StringLike.scala:266: Could not find any member to link for "java.lang.NumberFormatException".
[warn]   /**
[warn]   ^
[warn] /home/valdis/scala-native/scalalib/src/main/scala/scala/collection/immutable/Stack.scala:100: Could not find any member to link for "java.util.NoSuchElementException".
[warn]   /** Returns the top element of the stack. An error is signaled if
[warn]   ^
[warn] /home/valdis/scala-native/scalalib/src/main/scala/scala/collection/mutable/Stack.scala:129: Could not find any member to link for "java.util.NoSuchElementException".
[warn]   /** Returns the top element of the stack. This method will not remove
[warn]   ^
[warn] /home/valdis/scala-native/scalalib/src/main/scala/scala/unchecked.scala:11: Could not find any member to link for "java.lang.ClassCastException".
[warn] /** An annotation to designate that the annotated entity
[warn] ^
[warn] /home/valdis/scala-native/scalalib/src/main/scala/scala/Predef.scala:20: Could not find any member to link for "scala.LowPriorityImplicits".
[warn] /** The `Predef` object provides definitions that are accessible in all Scala
[warn] ^
[warn] /home/valdis/scala-native/scalalib/src/main/scala/scala/util/matching/Regex.scala:35: Could not find any member to link for "java.util.regex".
[warn] /** A regular expression is used to determine whether a string matches a pattern
[warn] ^
[warn] /home/valdis/scala-native/scalalib/src/main/scala/scala/util/matching/Regex.scala:729: Could not find any member to link for "java.lang.IllegalStateException".
[warn]   /** A class to step through a sequence of regex matches.
[warn]   ^
[warn] /home/valdis/scala-native/scalalib/src/main/scala/scala/util/matching/Regex.scala:321: Could not find any member to link for "java.lang.IllegalStateException".
[warn]   /** Return all non-overlapping matches of this `Regex` in the given character 
[warn]   ^
[warn] /home/valdis/scala-native/scalalib/src/main/scala/scala/util/matching/Regex.scala:193: Could not find any member to link for "java.lang.CharSequence".
[warn]   /** Tries to match a [[java.lang.CharSequence]].
[warn]   ^
[warn] /home/valdis/scala-native/scalalib/src/main/scala/scala/collection/mutable/StringBuilder.scala:56: Could not find any member to link for "NegativeArraySizeException".
[warn]   /** Constructs a string builder with no characters in it and an
[warn]   ^
[warn] /home/valdis/scala-native/scalalib/src/main/scala/scala/collection/immutable/StringLike.scala:166: Could not find any member to link for "java.lang.String#replaceAll".
[warn]   /** Replace all literal occurrences of `literal` with the string `replacement`.
[warn]   ^
[warn] there were 114 deprecation warnings; re-run with -deprecation for details
[warn] one warning found
[info] Because /home/valdis/scala-native/scalalib/src/main/scala/scala/reflect/package.scala contains a macro definition, the following dependencies are invalidated unconditionally:
[info] 	/home/valdis/scala-native/scalalib/src/main/scala/scala/Array.scala
[info] 	/home/valdis/scala-native/scalalib/src/main/scala/scala/Predef.scala
[info] 	/home/valdis/scala-native/scalalib/src/main/scala/scala/beans/ScalaBeanInfo.scala
[info] 	/home/valdis/scala-native/scalalib/src/main/scala/scala/collection/SeqLike.scala
[info] 	/home/valdis/scala-native/scalalib/src/main/scala/scala/collection/concurrent/TrieMap.scala
[info] 	/home/valdis/scala-native/scalalib/src/main/scala/scala/collection/immutable/PagedSeq.scala
[info] 	/home/valdis/scala-native/scalalib/src/main/scala/scala/collection/immutable/RedBlackTree.scala
[info] 	/home/valdis/scala-native/scalalib/src/main/scala/scala/collection/immutable/StringLike.scala
[info] 	/home/valdis/scala-native/scalalib/src/main/scala/scala/collection/immutable/TrieIterator.scala
[info] 	/home/valdis/scala-native/scalalib/src/main/scala/scala/collection/mutable/AVLTree.scala
[info] 	/home/valdis/scala-native/scalalib/src/main/scala/scala/collection/mutable/ArrayOps.scala
[info] 	/home/valdis/scala-native/scalalib/src/main/scala/scala/collection/mutable/ArrayStack.scala
[info] 	/home/valdis/scala-native/scalalib/src/main/scala/scala/collection/mutable/StringBuilder.scala
[info] 	/home/valdis/scala-native/scalalib/src/main/scala/scala/collection/mutable/WrappedArray.scala
[info] 	/home/valdis/scala-native/scalalib/src/main/scala/scala/collection/package.scala
[info] 	/home/valdis/scala-native/scalalib/src/main/scala/scala/collection/parallel/ParIterableLike.scala
[info] 	/home/valdis/scala-native/scalalib/src/main/scala/scala/collection/parallel/immutable/ParHashMap.scala
[info] 	/home/valdis/scala-native/scalalib/src/main/scala/scala/collection/parallel/immutable/ParHashSet.scala
[info] 	/home/valdis/scala-native/scalalib/src/main/scala/scala/collection/parallel/mutable/ParArray.scala
[info] 	/home/valdis/scala-native/scalalib/src/main/scala/scala/collection/parallel/mutable/ParHashMap.scala
[info] 	/home/valdis/scala-native/scalalib/src/main/scala/scala/collection/parallel/mutable/ParHashSet.scala
[info] 	/home/valdis/scala-native/scalalib/src/main/scala/scala/collection/parallel/mutable/ParHashTable.scala
[info] 	/home/valdis/scala-native/scalalib/src/main/scala/scala/collection/parallel/mutable/UnrolledParArrayCombiner.scala
[info] 	/home/valdis/scala-native/scalalib/src/main/scala/scala/collection/parallel/package.scala
[info] 	/home/valdis/scala-native/scalalib/src/main/scala/scala/reflect/ClassManifestDeprecatedApis.scala
[info] 	/home/valdis/scala-native/scalalib/src/main/scala/scala/reflect/ClassTag.scala
[info] 	/home/valdis/scala-native/scalalib/src/main/scala/scala/reflect/Manifest.scala
[info] 	/home/valdis/scala-native/scalalib/src/main/scala/scala/runtime/ScalaRunTime.scala
[info] 	/home/valdis/scala-native/scalalib/src/main/scala/scala/sys/process/Process.scala
[info] 	/home/valdis/scala-native/scalalib/src/main/scala/scala/util/MurmurHash.scala
[info] 	/home/valdis/scala-native/scalalib/src/main/scala/scala/util/Sorting.scala
[info] 	/home/valdis/scala-native/scalalib/src/main/scala/scala/util/control/Exception.scala
[info] 	/home/valdis/scala-native/scalalib/src/main/scala/scala/util/matching/Regex.scala
[info] Because /home/valdis/scala-native/scalalib/src/main/scala/scala/StringContext.scala contains a macro definition, the following dependencies are invalidated unconditionally:
[info] 	/home/valdis/scala-native/scalalib/src/main/scala/scala/Enumeration.scala
[info] 	/home/valdis/scala-native/scalalib/src/main/scala/scala/collection/Iterator.scala
[info] 	/home/valdis/scala-native/scalalib/src/main/scala/scala/collection/mutable/ListBuffer.scala
[info] 	/home/valdis/scala-native/scalalib/src/main/scala/scala/concurrent/duration/Duration.scala
[info] 	/home/valdis/scala-native/scalalib/src/main/scala/scala/reflect/ClassTag.scala
[info] 	/home/valdis/scala-native/scalalib/src/main/scala/scala/runtime/ScalaRunTime.scala
[info] 	/home/valdis/scala-native/scalalib/src/main/scala/scala/util/Properties.scala
[info] Packaging /home/valdis/scala-native/scalalib/target/scala-2.11/scalalib_native0.3.9-SNAPSHOT_2.11-0.3.9-SNAPSHOT.jar ...
[info] Done packaging.
[warn] /home/valdis/scala-native/scalalib/src/main/scala/scala/collection/immutable/Stream.scala:19: Could not find any member to link for "collect".
[warn] /** The class `Stream` implements lazy lists where elements
[warn] ^
[warn] /home/valdis/scala-native/scalalib/src/main/scala/scala/concurrent/duration/Duration.scala:659: Could not find any member to link for "ArithmeticException".
[warn]   /**
[warn]   ^
[warn] /home/valdis/scala-native/scalalib/src/main/scala/scala/io/Source.scala:172: Could not find any member to link for "scala.io.Source@iter".
[warn] /** An iterable representation of source data.
[warn] ^
[warn] /home/valdis/scala-native/scalalib/src/main/scala/scala/io/StdIn.scala:158: Could not find any member to link for "java.io.EOFException".
[warn]   /** Reads in some structured input (from the default input), specified by
[warn]   ^
[warn] /home/valdis/scala-native/scalalib/src/main/scala/scala/io/StdIn.scala:143: Could not find any member to link for "java.io.EOFException".
[warn]   /** Reads a double value from an entire line of the default input.
[warn]   ^
[warn] /home/valdis/scala-native/scalalib/src/main/scala/scala/io/StdIn.scala:128: Could not find any member to link for "java.io.EOFException".
[warn]   /** Reads a float value from an entire line of the default input.
[warn]   ^
[warn] /home/valdis/scala-native/scalalib/src/main/scala/scala/io/StdIn.scala:113: Could not find any member to link for "java.io.EOFException".
[warn]   /** Reads an long value from an entire line of the default input.
[warn]   ^
[warn] /home/valdis/scala-native/scalalib/src/main/scala/scala/io/StdIn.scala:98: Could not find any member to link for "java.io.EOFException".
[warn]   /** Reads an int value from an entire line of the default input.
[warn]   ^
[warn] /home/valdis/scala-native/scalalib/src/main/scala/scala/io/StdIn.scala:83: Could not find any member to link for "java.lang.StringIndexOutOfBoundsException".
[warn]   /** Reads a char value from an entire line of the default input.
[warn]   ^
[warn] /home/valdis/scala-native/scalalib/src/main/scala/scala/io/StdIn.scala:68: Could not find any member to link for "java.io.EOFException".
[warn]   /** Reads a short value from an entire line of the default input.
[warn]   ^
[warn] /home/valdis/scala-native/scalalib/src/main/scala/scala/io/StdIn.scala:53: Could not find any member to link for "java.io.EOFException".
[warn]   /** Reads a byte value from an entire line of the default input.
[warn]   ^
[warn] /home/valdis/scala-native/scalalib/src/main/scala/scala/io/StdIn.scala:33: Could not find any member to link for "java.io.EOFException".
[warn]   /** Reads a boolean value from an entire line of the default input.
[warn]   ^
[warn] /home/valdis/scala-native/scalalib/src/main/scala/scala/reflect/ClassTag.scala:7: Could not find any member to link for "scala.reflect.api.TypeTags#TypeTag".
[warn] /**
[warn] ^
[warn] /home/valdis/scala-native/scalalib/src/main/scala/scala/Float.scala:215: Could not find any member to link for "java.lang.Float.MIN_VALUE".
[warn]   /** The negative number with the greatest (finite) absolute value which is representable
[warn]   ^
[warn] /home/valdis/scala-native/scalalib/src/main/scala/scala/Double.scala:215: Could not find any member to link for "java.lang.Double.MIN_VALUE".
[warn]   /** The negative number with the greatest (finite) absolute value which is representable
[warn]   ^
[warn] 99 warnings found
[info] Main Scala API documentation successful.
[info] Packaging /home/valdis/scala-native/scalalib/target/scala-2.11/scalalib_native0.3.9-SNAPSHOT_2.11-0.3.9-SNAPSHOT-javadoc.jar ...
[info] Done packaging.
[info] 	published scalalib_native0.3.9-SNAPSHOT_2.11 to /home/valdis/.ivy2/local/org.scala-native/scalalib_native0.3.9-SNAPSHOT_2.11/0.3.9-SNAPSHOT/poms/scalalib_native0.3.9-SNAPSHOT_2.11.pom
[info] 	published scalalib_native0.3.9-SNAPSHOT_2.11 to /home/valdis/.ivy2/local/org.scala-native/scalalib_native0.3.9-SNAPSHOT_2.11/0.3.9-SNAPSHOT/jars/scalalib_native0.3.9-SNAPSHOT_2.11.jar
[info] 	published scalalib_native0.3.9-SNAPSHOT_2.11 to /home/valdis/.ivy2/local/org.scala-native/scalalib_native0.3.9-SNAPSHOT_2.11/0.3.9-SNAPSHOT/srcs/scalalib_native0.3.9-SNAPSHOT_2.11-sources.jar
[info] 	published scalalib_native0.3.9-SNAPSHOT_2.11 to /home/valdis/.ivy2/local/org.scala-native/scalalib_native0.3.9-SNAPSHOT_2.11/0.3.9-SNAPSHOT/docs/scalalib_native0.3.9-SNAPSHOT_2.11-javadoc.jar
[info] 	published ivy to /home/valdis/.ivy2/local/org.scala-native/scalalib_native0.3.9-SNAPSHOT_2.11/0.3.9-SNAPSHOT/ivys/ivy.xml
[success] Total time: 104 s, completed Oct 11, 2018 11:09:07 PM
[info] Packaging /home/valdis/scala-native/test-runner/target/scala-2.10/test-runner_2.10-0.3.9-SNAPSHOT-sources.jar ...
[info] Updating {file:/home/valdis/scala-native/}testingCompilerInterface...
[info] Updating {file:/home/valdis/scala-native/}util...
[info] Done packaging.
[info] Resolving org.scala-native#nscplugin_2.11.12;0.3.9-SNAPSHOT ...
[info] Resolving org.scala-native#nscplugin_2.11.12;0.3.9-SNAPSHOT ...
[info] Resolving org.scala-lang#scala-compiler;2.11.12 ...
[info] Resolving org.scala-lang#scala-library;2.11.12 ...
[info] Resolving org.scala-lang#scala-reflect;2.11.12 ...
[info] Resolving org.scala-lang.modules#scala-xml_2.11;1.0.5 ...
[info] Resolving org.scala-lang.modules#scala-parser-combinators_2.11;1.0.4 ...
[info] Resolving jline#jline;2.14.3 ...
[info] Done updating.
[info] Resolving org.scala-lang#scala-library;2.10.7 ...
[info] Resolving org.scala-lang#scala-compiler;2.10.7 ...
[info] Resolving org.scala-lang#scala-reflect;2.10.7 ...
[info] Resolving org.scala-lang#jline;2.10.7 ...
[info] Resolving org.fusesource.jansi#jansi;1.4 ...
[info] Done updating.
[info] Updating {file:/home/valdis/scala-native/}nir...
[info] Resolving org.scala-lang#scala-library;2.10.7 ...
[info] Resolving org.scala-native#util_2.10;0.3.9-SNAPSHOT ...
[info] Resolving org.scala-lang#scala-compiler;2.10.7 ...
[info] Resolving org.scala-lang#scala-reflect;2.10.7 ...
[info] Resolving org.scala-lang#jline;2.10.7 ...
[info] Resolving org.fusesource.jansi#jansi;1.4 ...
[info] Done updating.
[info] Updating {file:/home/valdis/scala-native/}tools...
[info] Resolving org.scala-lang#scala-library;2.10.7 ...
[info] Resolving org.scala-native#nir_2.10;0.3.9-SNAPSHOT ...
[info] Resolving org.scala-native#util_2.10;0.3.9-SNAPSHOT ...
[info] Resolving org.scala-native#testing-compiler-interface;0.3.9-SNAPSHOT ...
[info] Resolving org.scalacheck#scalacheck_2.10;1.13.4 ...
[info] Resolving org.scala-sbt#test-interface;1.0 ...
[info] Resolving org.scalatest#scalatest_2.10;3.0.0 ...
[info] Resolving org.scalactic#scalactic_2.10;3.0.0 ...
[info] Resolving org.scala-lang#scala-reflect;2.10.7 ...
[info] Resolving org.scala-lang#scala-compiler;2.10.7 ...
[info] Resolving org.scala-lang#jline;2.10.7 ...
[info] Resolving org.fusesource.jansi#jansi;1.4 ...
[info] Done updating.
[info] Updating {file:/home/valdis/scala-native/}testRunner...
[info] Wrote /home/valdis/scala-native/test-runner/target/scala-2.10/test-runner_2.10-0.3.9-SNAPSHOT.pom
[info] Resolving org.scala-lang#scala-library;2.10.7 ...
[info] Resolving org.scala-native#tools_2.10;0.3.9-SNAPSHOT ...
[info] Resolving org.scala-native#nir_2.10;0.3.9-SNAPSHOT ...
[info] Resolving org.scala-native#util_2.10;0.3.9-SNAPSHOT ...
[info] Resolving org.scala-sbt#test-interface;1.0 ...
[info] Resolving org.scala-lang#scala-compiler;2.10.7 ...
[info] Resolving org.scala-lang#scala-reflect;2.10.7 ...
[info] Resolving org.scala-lang#jline;2.10.7 ...
[info] Resolving org.fusesource.jansi#jansi;1.4 ...
[info] Done updating.
[info] :: delivering :: org.scala-native#test-runner_2.10;0.3.9-SNAPSHOT :: 0.3.9-SNAPSHOT :: integration :: Thu Oct 11 23:09:07 CEST 2018
[info] 	delivering ivy file to /home/valdis/scala-native/test-runner/target/scala-2.10/ivy-0.3.9-SNAPSHOT.xml
[info] Compiling 10 Scala sources to /home/valdis/scala-native/util/target/scala-2.10/classes...
[info] Compiling 23 Scala sources to /home/valdis/scala-native/nir/target/scala-2.10/classes...
[warn] /home/valdis/scala-native/nir/src/main/scala/scala/scalanative/nir/Types.scala:24: match may not be exhaustive.
[warn] It would fail on the following inputs: Byte, Int, Long, Short, UByte, UInt, ULong, UShort
[warn]     def printType(ty: nir.Type): Unit = ty match {
[warn]                                         ^
[warn] one warning found
[info] Compiling 51 Scala sources to /home/valdis/scala-native/tools/target/scala-2.10/classes...
[warn] /home/valdis/scala-native/tools/src/main/scala/scala/scalanative/codegen/CodeGen.scala:114: match may not be exhaustive.
[warn] It would fail on the following inputs: Class(_, _, _, _), Module(_, _, _, _), Trait(_, _, _)
[warn]           env(n) match {
[warn]              ^
[warn] /home/valdis/scala-native/tools/src/main/scala/scala/scalanative/codegen/CodeGen.scala:139: match may not be exhaustive.
[warn] It would fail on the following inputs: Class(_, _, _, _), Module(_, _, _, _), Struct(_, _, _), Trait(_, _, _)
[warn]         env(n) match {
[warn]            ^
[warn] /home/valdis/scala-native/tools/src/main/scala/scala/scalanative/codegen/CodeGen.scala:256: match may not be exhaustive.
[warn] It would fail on the following inputs: If(_, _, _), Jump(_), Let(_, _, _), None, Ret(_), Switch(_, _, _), Throw(_, _), Unreachable
[warn]         insts.head match {
[warn]               ^
[warn] /home/valdis/scala-native/tools/src/main/scala/scala/scalanative/optimizer/pass/GlobalValueNumbering.scala:102: Cannot check match for unreachability.
[warn] (The analysis required more space than allowed. Please try with scalac -Dscalac.patmat.analysisBudget=512 or -Dscalac.patmat.analysisBudget=off.)
[warn]     op match {
[warn]     ^
[warn] /home/valdis/scala-native/tools/src/main/scala/scala/scalanative/optimizer/pass/PartialEvaluation.scala:276: match may not be exhaustive.
[warn] It would fail on the following inputs: Array(_), ArrayValue(_, _), Bool, Char, Class(_), Double, Float, Function(_, _), Module(_), None, Nothing, Ptr, StructValue(_, _), Trait(_), UByte, UInt, ULong, UShort, Unit, Var(_), Vararg, Void
[warn]   private def minValue(ty: Type): Long = ty match {
[warn]                                          ^
[warn] /home/valdis/scala-native/tools/src/main/scala/scala/scalanative/optimizer/pass/PartialEvaluation.scala:283: match may not be exhaustive.
[warn] It would fail on the following inputs: Array(_), ArrayValue(_, _), Bool, Char, Class(_), Double, Float, Function(_, _), Module(_), None, Nothing, Ptr, StructValue(_, _), Trait(_), UByte, UInt, ULong, UShort, Unit, Var(_), Vararg, Void
[warn]   private def maxValue(ty: Type): Long = ty match {
[warn]                                          ^
[warn] 6 warnings found
[info] Main Scala API documentation to /home/valdis/scala-native/test-runner/target/scala-2.10/api...
[info] Compiling 12 Scala sources to /home/valdis/scala-native/test-runner/target/scala-2.10/classes...
model contains 40 documentable templates
[info] Packaging /home/valdis/scala-native/test-runner/target/scala-2.10/test-runner_2.10-0.3.9-SNAPSHOT.jar ...
[info] Done packaging.
[info] Main Scala API documentation successful.
[info] Packaging /home/valdis/scala-native/test-runner/target/scala-2.10/test-runner_2.10-0.3.9-SNAPSHOT-javadoc.jar ...
[info] Done packaging.
[info] 	published test-runner_2.10 to /home/valdis/.ivy2/local/org.scala-native/test-runner_2.10/0.3.9-SNAPSHOT/poms/test-runner_2.10.pom
[info] 	published test-runner_2.10 to /home/valdis/.ivy2/local/org.scala-native/test-runner_2.10/0.3.9-SNAPSHOT/jars/test-runner_2.10.jar
[info] 	published test-runner_2.10 to /home/valdis/.ivy2/local/org.scala-native/test-runner_2.10/0.3.9-SNAPSHOT/srcs/test-runner_2.10-sources.jar
[info] 	published test-runner_2.10 to /home/valdis/.ivy2/local/org.scala-native/test-runner_2.10/0.3.9-SNAPSHOT/docs/test-runner_2.10-javadoc.jar
[info] 	published ivy to /home/valdis/.ivy2/local/org.scala-native/test-runner_2.10/0.3.9-SNAPSHOT/ivys/ivy.xml
[success] Total time: 31 s, completed Oct 11, 2018 11:09:38 PM
[info] Packaging /home/valdis/scala-native/util/target/scala-2.10/util_2.10-0.3.9-SNAPSHOT-sources.jar ...
[info] Done packaging.
[info] Wrote /home/valdis/scala-native/util/target/scala-2.10/util_2.10-0.3.9-SNAPSHOT.pom
[info] :: delivering :: org.scala-native#util_2.10;0.3.9-SNAPSHOT :: 0.3.9-SNAPSHOT :: integration :: Thu Oct 11 23:09:38 CEST 2018
[info] Main Scala API documentation to /home/valdis/scala-native/util/target/scala-2.10/api...
[info] 	delivering ivy file to /home/valdis/scala-native/util/target/scala-2.10/ivy-0.3.9-SNAPSHOT.xml
[info] Packaging /home/valdis/scala-native/util/target/scala-2.10/util_2.10-0.3.9-SNAPSHOT.jar ...
[info] Done packaging.
[info] Wrote /home/valdis/scala-native/test-runner/target/scala-2.10/test-runner_2.10-0.3.9-SNAPSHOT.pom
[info] :: delivering :: org.scala-native#test-runner_2.10;0.3.9-SNAPSHOT :: 0.3.9-SNAPSHOT :: integration :: Thu Oct 11 23:09:38 CEST 2018
[info] 	delivering ivy file to /home/valdis/scala-native/test-runner/target/scala-2.10/ivy-0.3.9-SNAPSHOT.xml
[info] 	published test-runner_2.10 to /home/valdis/.ivy2/local/org.scala-native/test-runner_2.10/0.3.9-SNAPSHOT/poms/test-runner_2.10.pom
[info] 	published test-runner_2.10 to /home/valdis/.ivy2/local/org.scala-native/test-runner_2.10/0.3.9-SNAPSHOT/jars/test-runner_2.10.jar
[info] 	published test-runner_2.10 to /home/valdis/.ivy2/local/org.scala-native/test-runner_2.10/0.3.9-SNAPSHOT/srcs/test-runner_2.10-sources.jar
[info] 	published test-runner_2.10 to /home/valdis/.ivy2/local/org.scala-native/test-runner_2.10/0.3.9-SNAPSHOT/docs/test-runner_2.10-javadoc.jar
[info] 	published ivy to /home/valdis/.ivy2/local/org.scala-native/test-runner_2.10/0.3.9-SNAPSHOT/ivys/ivy.xml
model contains 18 documentable templates
[info] Main Scala API documentation successful.
[info] Packaging /home/valdis/scala-native/util/target/scala-2.10/util_2.10-0.3.9-SNAPSHOT-javadoc.jar ...
[info] Done packaging.
[info] 	published util_2.10 to /home/valdis/.ivy2/local/org.scala-native/util_2.10/0.3.9-SNAPSHOT/poms/util_2.10.pom
[info] 	published util_2.10 to /home/valdis/.ivy2/local/org.scala-native/util_2.10/0.3.9-SNAPSHOT/jars/util_2.10.jar
[info] 	published util_2.10 to /home/valdis/.ivy2/local/org.scala-native/util_2.10/0.3.9-SNAPSHOT/srcs/util_2.10-sources.jar
[info] 	published util_2.10 to /home/valdis/.ivy2/local/org.scala-native/util_2.10/0.3.9-SNAPSHOT/docs/util_2.10-javadoc.jar
[info] 	published ivy to /home/valdis/.ivy2/local/org.scala-native/util_2.10/0.3.9-SNAPSHOT/ivys/ivy.xml
[info] :: delivering :: org.scala-native#nir_2.10;0.3.9-SNAPSHOT :: 0.3.9-SNAPSHOT :: integration :: Thu Oct 11 23:09:39 CEST 2018
[info] Packaging /home/valdis/scala-native/nir/target/scala-2.10/nir_2.10-0.3.9-SNAPSHOT-sources.jar ...
[info] Main Scala API documentation to /home/valdis/scala-native/nir/target/scala-2.10/api...
[info] 	delivering ivy file to /home/valdis/scala-native/nir/target/scala-2.10/ivy-0.3.9-SNAPSHOT.xml
[info] Packaging /home/valdis/scala-native/nir/target/scala-2.10/nir_2.10-0.3.9-SNAPSHOT.jar ...
[info] Done packaging.
[info] Wrote /home/valdis/scala-native/nir/target/scala-2.10/nir_2.10-0.3.9-SNAPSHOT.pom
[info] Done packaging.
model contains 214 documentable templates
[info] Main Scala API documentation successful.
[info] Packaging /home/valdis/scala-native/nir/target/scala-2.10/nir_2.10-0.3.9-SNAPSHOT-javadoc.jar ...
[info] Done packaging.
[info] 	published nir_2.10 to /home/valdis/.ivy2/local/org.scala-native/nir_2.10/0.3.9-SNAPSHOT/poms/nir_2.10.pom
[info] 	published nir_2.10 to /home/valdis/.ivy2/local/org.scala-native/nir_2.10/0.3.9-SNAPSHOT/jars/nir_2.10.jar
[info] 	published nir_2.10 to /home/valdis/.ivy2/local/org.scala-native/nir_2.10/0.3.9-SNAPSHOT/srcs/nir_2.10-sources.jar
[info] 	published nir_2.10 to /home/valdis/.ivy2/local/org.scala-native/nir_2.10/0.3.9-SNAPSHOT/docs/nir_2.10-javadoc.jar
[info] 	published ivy to /home/valdis/.ivy2/local/org.scala-native/nir_2.10/0.3.9-SNAPSHOT/ivys/ivy.xml
[info] :: delivering :: org.scala-native#tools_2.10;0.3.9-SNAPSHOT :: 0.3.9-SNAPSHOT :: integration :: Thu Oct 11 23:09:42 CEST 2018
[info] Packaging /home/valdis/scala-native/tools/target/scala-2.10/tools_2.10-0.3.9-SNAPSHOT-sources.jar ...
[info] 	delivering ivy file to /home/valdis/scala-native/tools/target/scala-2.10/ivy-0.3.9-SNAPSHOT.xml
[info] Main Scala API documentation to /home/valdis/scala-native/tools/target/scala-2.10/api...
[info] Wrote /home/valdis/scala-native/tools/target/scala-2.10/tools_2.10-0.3.9-SNAPSHOT.pom
[info] Packaging /home/valdis/scala-native/tools/target/scala-2.10/tools_2.10-0.3.9-SNAPSHOT.jar ...
[info] Done packaging.
[info] Done packaging.
model contains 123 documentable templates
[info] Main Scala API documentation successful.
[info] Packaging /home/valdis/scala-native/tools/target/scala-2.10/tools_2.10-0.3.9-SNAPSHOT-javadoc.jar ...
[info] Done packaging.
[info] 	published tools_2.10 to /home/valdis/.ivy2/local/org.scala-native/tools_2.10/0.3.9-SNAPSHOT/poms/tools_2.10.pom
[info] 	published tools_2.10 to /home/valdis/.ivy2/local/org.scala-native/tools_2.10/0.3.9-SNAPSHOT/jars/tools_2.10.jar
[info] 	published tools_2.10 to /home/valdis/.ivy2/local/org.scala-native/tools_2.10/0.3.9-SNAPSHOT/srcs/tools_2.10-sources.jar
[info] 	published tools_2.10 to /home/valdis/.ivy2/local/org.scala-native/tools_2.10/0.3.9-SNAPSHOT/docs/tools_2.10-javadoc.jar
[info] 	published ivy to /home/valdis/.ivy2/local/org.scala-native/tools_2.10/0.3.9-SNAPSHOT/ivys/ivy.xml
[info] Packaging /home/valdis/scala-native/sbt-scala-native/target/scala-2.10/sbt-0.13/sbt-scala-native-0.3.9-SNAPSHOT-sources.jar ...
[info] Done packaging.
[info] Updating {file:/home/valdis/scala-native/}sbtScalaNative...
[info] Resolving org.scala-native#tools_2.10;0.3.9-SNAPSHOT ...
[info] Resolving org.scala-lang#scala-library;2.10.7 ...
[info] Resolving org.scala-native#nir_2.10;0.3.9-SNAPSHOT ...
[info] Resolving org.scala-native#util_2.10;0.3.9-SNAPSHOT ...
[info] Resolving org.scala-native#test-runner_2.10;0.3.9-SNAPSHOT ...
[info] Resolving org.scala-sbt#test-interface;1.0 ...
[info] Resolving org.portable-scala#sbt-platform-deps;1.0.0-M2 ...
[info] Resolving org.scala-sbt#sbt;0.13.17 ...
[info] Resolving org.scala-sbt#main;0.13.17 ...
[info] Resolving org.scala-sbt#actions;0.13.17 ...
[info] Resolving org.scala-sbt#classpath;0.13.17 ...
[info] Resolving org.scala-lang#scala-compiler;2.10.7 ...
[info] Resolving org.scala-lang#scala-reflect;2.10.7 ...
[info] Resolving org.scala-sbt#interface;0.13.17 ...
[info] Resolving org.scala-sbt#io;0.13.17 ...
[info] Resolving org.scala-sbt#control;0.13.17 ...
[info] Resolving org.scala-sbt#launcher-interface;1.0.1 ...
[info] Resolving org.scala-sbt#completion;0.13.17 ...
[info] Resolving org.scala-sbt#collections;0.13.17 ...
[info] Resolving jline#jline;2.14.5 ...
[info] Resolving org.scala-sbt#api;0.13.17 ...
[info] Resolving org.scala-sbt#classfile;0.13.17 ...
[info] Resolving org.scala-sbt#logging;0.13.17 ...
[info] Resolving org.scala-sbt#process;0.13.17 ...
[info] Resolving org.scala-sbt#compiler-integration;0.13.17 ...
[info] Resolving org.scala-sbt#incremental-compiler;0.13.17 ...
[info] Resolving org.scala-sbt#relation;0.13.17 ...
[info] Resolving org.scala-sbt#compile;0.13.17 ...
[info] Resolving org.scala-sbt#persist;0.13.17 ...
[info] Resolving org.scala-tools.sbinary#sbinary_2.10;0.4.2 ...
[info] Resolving org.scala-sbt#compiler-ivy-integration;0.13.17 ...
[info] Resolving org.scala-sbt#ivy;0.13.17 ...
[info] Resolving org.scala-sbt#cross;0.13.17 ...
[info] Resolving org.scala-sbt.ivy#ivy;2.3.0-sbt-b18f59ea3bc914a297bb6f1a4f7fb0ace399e310 ...
[info] Resolving com.jcraft#jsch;0.1.50 ...
[info] Resolving org.scala-sbt#serialization_2.10;0.1.2 ...
[info] Resolving org.scala-lang.modules#scala-pickling_2.10;0.10.1 ...
[info] Resolving org.scalamacros#quasiquotes_2.10;2.0.1 ...
[info] Resolving org.json4s#json4s-core_2.10;3.2.10 ...
[info] Resolving org.json4s#json4s-ast_2.10;3.2.10 ...
[info] Resolving com.thoughtworks.paranamer#paranamer;2.6 ...
[info] Resolving org.spire-math#jawn-parser_2.10;0.6.0 ...
[info] Resolving org.spire-math#json4s-support_2.10;0.6.0 ...
[info] Resolving org.scala-sbt#run;0.13.17 ...
[info] Resolving org.scala-sbt#task-system;0.13.17 ...
[info] Resolving org.scala-sbt#tasks;0.13.17 ...
[info] Resolving org.scala-sbt#tracking;0.13.17 ...
[info] Resolving org.scala-sbt#cache;0.13.17 ...
[info] Resolving org.scala-sbt#testing;0.13.17 ...
[info] Resolving org.scala-sbt#test-agent;0.13.17 ...
[info] Resolving org.scala-sbt#main-settings;0.13.17 ...
[info] Resolving org.scala-sbt#apply-macro;0.13.17 ...
[info] Resolving org.scala-sbt#command;0.13.17 ...
[info] Resolving org.scala-sbt#template-resolver;0.1 ...
[info] Resolving org.scala-sbt#logic;0.13.17 ...
[info] Resolving org.scala-sbt#compiler-interface;0.13.17 ...
[info] Resolving org.scala-lang#jline;2.10.7 ...
[info] Resolving org.fusesource.jansi#jansi;1.4 ...
[info] Resolving org.scala-sbt#scripted-sbt;0.13.17 ...
[info] Resolving org.scala-sbt#scripted-framework;0.13.17 ...
[info] Resolving org.scala-sbt#sbt-launch;0.13.17 ...
[info] Done updating.
[info] :: delivering :: org.scala-native#sbt-scala-native;0.3.9-SNAPSHOT :: 0.3.9-SNAPSHOT :: integration :: Thu Oct 11 23:09:46 CEST 2018
[info] 	delivering ivy file to /home/valdis/scala-native/sbt-scala-native/target/scala-2.10/sbt-0.13/ivy-0.3.9-SNAPSHOT.xml
[info] Main Scala API documentation to /home/valdis/scala-native/sbt-scala-native/target/scala-2.10/sbt-0.13/api...
[info] Compiling 14 Scala sources to /home/valdis/scala-native/sbt-scala-native/target/scala-2.10/sbt-0.13/classes...
model contains 47 documentable templates
[info] Main Scala API documentation successful.
[info] Packaging /home/valdis/scala-native/sbt-scala-native/target/scala-2.10/sbt-0.13/sbt-scala-native-0.3.9-SNAPSHOT-javadoc.jar ...
[info] Done packaging.
[info] Packaging /home/valdis/scala-native/sbt-scala-native/target/scala-2.10/sbt-0.13/sbt-scala-native-0.3.9-SNAPSHOT.jar ...
[info] Done packaging.
[info] 	published sbt-scala-native to /home/valdis/.ivy2/local/org.scala-native/sbt-scala-native/scala_2.10/sbt_0.13/0.3.9-SNAPSHOT/jars/sbt-scala-native.jar
[info] 	published sbt-scala-native to /home/valdis/.ivy2/local/org.scala-native/sbt-scala-native/scala_2.10/sbt_0.13/0.3.9-SNAPSHOT/srcs/sbt-scala-native-sources.jar
[info] 	published sbt-scala-native to /home/valdis/.ivy2/local/org.scala-native/sbt-scala-native/scala_2.10/sbt_0.13/0.3.9-SNAPSHOT/docs/sbt-scala-native-javadoc.jar
[info] 	published ivy to /home/valdis/.ivy2/local/org.scala-native/sbt-scala-native/scala_2.10/sbt_0.13/0.3.9-SNAPSHOT/ivys/ivy.xml
[success] Total time: 10 s, completed Oct 11, 2018 11:09:48 PM
[info] Packaging /home/valdis/scala-native/test-interface-sbt-defs/target/scala-2.11/test-interface-sbt-defs_native0.3.9-SNAPSHOT_2.11-0.3.9-SNAPSHOT-sources.jar ...
[info] Done packaging.
[info] Updating {file:/home/valdis/scala-native/}testInterfaceSbtDefs...
[info] Wrote /home/valdis/scala-native/test-interface-sbt-defs/target/scala-2.11/test-interface-sbt-defs_native0.3.9-SNAPSHOT_2.11-0.3.9-SNAPSHOT.pom
[info] Resolving org.scala-lang#scala-library;2.11.12 ...
[info] Resolving org.scala-native#nativelib_native0.3.9-SNAPSHOT_2.11;0.3.9-SNAPSHOT ...
[info] Resolving org.scala-native#nativelib_native0.3.9-SNAPSHOT_2.11;0.3.9-SNAPSHOT ...
[info] Resolving org.scala-lang#scala-reflect;2.11.12 ...
[info] Resolving org.scala-native#javalib_native0.3.9-SNAPSHOT_2.11;0.3.9-SNAPSHOT ...
[info] Resolving org.scala-native#javalib_native0.3.9-SNAPSHOT_2.11;0.3.9-SNAPSHOT ...
[info] Resolving org.scala-native#posixlib_native0.3.9-SNAPSHOT_2.11;0.3.9-SNAPSHOT ...
[info] Resolving org.scala-native#posixlib_native0.3.9-SNAPSHOT_2.11;0.3.9-SNAPSHOT ...
[info] Resolving org.scala-native#clib_native0.3.9-SNAPSHOT_2.11;0.3.9-SNAPSHOT ...
[info] Resolving org.scala-native#clib_native0.3.9-SNAPSHOT_2.11;0.3.9-SNAPSHOT ...
[info] Resolving org.scala-native#auxlib_native0.3.9-SNAPSHOT_2.11;0.3.9-SNAPSHOT ...
[info] Resolving org.scala-native#auxlib_native0.3.9-SNAPSHOT_2.11;0.3.9-SNAPSHOT ...
[info] Resolving org.scala-native#scalalib_native0.3.9-SNAPSHOT_2.11;0.3.9-SNAPSHOT ...
[info] Resolving org.scala-native#scalalib_native0.3.9-SNAPSHOT_2.11;0.3.9-SNAPSHOT ...
[info] Resolving org.scala-native#nscplugin_2.11.12;0.3.9-SNAPSHOT ...
[info] Resolving org.scala-native#nscplugin_2.11.12;0.3.9-SNAPSHOT ...
[info] Resolving org.scala-lang#scala-compiler;2.11.12 ...
[info] Resolving org.scala-lang.modules#scala-xml_2.11;1.0.5 ...
[info] Resolving org.scala-lang.modules#scala-parser-combinators_2.11;1.0.4 ...
[info] Resolving jline#jline;2.14.3 ...
[info] Done updating.
[info] :: delivering :: org.scala-native#test-interface-sbt-defs_native0.3.9-SNAPSHOT_2.11;0.3.9-SNAPSHOT :: 0.3.9-SNAPSHOT :: integration :: Thu Oct 11 23:09:48 CEST 2018
[info] 	delivering ivy file to /home/valdis/scala-native/test-interface-sbt-defs/target/scala-2.11/ivy-0.3.9-SNAPSHOT.xml
[info] Main Scala API documentation to /home/valdis/scala-native/test-interface-sbt-defs/target/scala-2.11/api...
[info] Compiling 11 Scala sources to /home/valdis/scala-native/test-interface-sbt-defs/target/scala-2.11/classes...
[warn] dropping dependency on node with no phase object: mixin
model contains 22 documentable templates
[warn] /home/valdis/scala-native/test-interface-sbt-defs/src/main/scala/sbt/testing/Runner.scala:17: Could not find any member to link for "java.lang.IllegalStateException".
[warn]   /** Returns an array of tasks that when executed will run tests and suites
[warn]   ^
[warn] /home/valdis/scala-native/test-interface-sbt-defs/src/main/scala/sbt/testing/OptionalThrowable.scala:25: Could not find any member to link for "java.lang.IllegalStateException".
[warn]   /** Returns the <code>Throwable</code> contained in this
[warn]   ^
[warn] /home/valdis/scala-native/test-interface-sbt-defs/src/main/scala/sbt/testing/Framework.scala:15: Could not find any member to link for "java.lang.IllegalStateException".
[warn]   /** Initiates a run.
[warn]   ^
[warn] three warnings found
[info] Main Scala API documentation successful.
[info] Packaging /home/valdis/scala-native/test-interface-sbt-defs/target/scala-2.11/test-interface-sbt-defs_native0.3.9-SNAPSHOT_2.11-0.3.9-SNAPSHOT-javadoc.jar ...
[info] Done packaging.
[info] Packaging /home/valdis/scala-native/test-interface-sbt-defs/target/scala-2.11/test-interface-sbt-defs_native0.3.9-SNAPSHOT_2.11-0.3.9-SNAPSHOT.jar ...
[info] Done packaging.
[info] 	published test-interface-sbt-defs_native0.3.9-SNAPSHOT_2.11 to /home/valdis/.ivy2/local/org.scala-native/test-interface-sbt-defs_native0.3.9-SNAPSHOT_2.11/0.3.9-SNAPSHOT/poms/test-interface-sbt-defs_native0.3.9-SNAPSHOT_2.11.pom
[info] 	published test-interface-sbt-defs_native0.3.9-SNAPSHOT_2.11 to /home/valdis/.ivy2/local/org.scala-native/test-interface-sbt-defs_native0.3.9-SNAPSHOT_2.11/0.3.9-SNAPSHOT/jars/test-interface-sbt-defs_native0.3.9-SNAPSHOT_2.11.jar
[info] 	published test-interface-sbt-defs_native0.3.9-SNAPSHOT_2.11 to /home/valdis/.ivy2/local/org.scala-native/test-interface-sbt-defs_native0.3.9-SNAPSHOT_2.11/0.3.9-SNAPSHOT/srcs/test-interface-sbt-defs_native0.3.9-SNAPSHOT_2.11-sources.jar
[info] 	published test-interface-sbt-defs_native0.3.9-SNAPSHOT_2.11 to /home/valdis/.ivy2/local/org.scala-native/test-interface-sbt-defs_native0.3.9-SNAPSHOT_2.11/0.3.9-SNAPSHOT/docs/test-interface-sbt-defs_native0.3.9-SNAPSHOT_2.11-javadoc.jar
[info] 	published ivy to /home/valdis/.ivy2/local/org.scala-native/test-interface-sbt-defs_native0.3.9-SNAPSHOT_2.11/0.3.9-SNAPSHOT/ivys/ivy.xml
[info] Packaging /home/valdis/scala-native/test-interface-serialization/target/scala-2.11/test-interface-serialization_native0.3.9-SNAPSHOT_2.11-0.3.9-SNAPSHOT-sources.jar ...
[info] Done packaging.
[info] Updating {file:/home/valdis/scala-native/}testInterfaceSerialization...
[info] Wrote /home/valdis/scala-native/test-interface-serialization/target/scala-2.11/test-interface-serialization_native0.3.9-SNAPSHOT_2.11-0.3.9-SNAPSHOT.pom
[info] Resolving org.scala-lang#scala-library;2.11.12 ...
[info] Resolving org.scala-native#test-interface-sbt-defs_native0.3.9-SNAPSHOT_2.11;0.3.9-SNAPSHOT ...
[info] Resolving org.scala-native#nativelib_native0.3.9-SNAPSHOT_2.11;0.3.9-SNAPSHOT ...
[info] Resolving org.scala-native#nativelib_native0.3.9-SNAPSHOT_2.11;0.3.9-SNAPSHOT ...
[info] Resolving org.scala-lang#scala-reflect;2.11.12 ...
[info] Resolving org.scala-native#javalib_native0.3.9-SNAPSHOT_2.11;0.3.9-SNAPSHOT ...
[info] Resolving org.scala-native#javalib_native0.3.9-SNAPSHOT_2.11;0.3.9-SNAPSHOT ...
[info] Resolving org.scala-native#posixlib_native0.3.9-SNAPSHOT_2.11;0.3.9-SNAPSHOT ...
[info] Resolving org.scala-native#posixlib_native0.3.9-SNAPSHOT_2.11;0.3.9-SNAPSHOT ...
[info] Resolving org.scala-native#clib_native0.3.9-SNAPSHOT_2.11;0.3.9-SNAPSHOT ...
[info] Resolving org.scala-native#clib_native0.3.9-SNAPSHOT_2.11;0.3.9-SNAPSHOT ...
[info] Resolving org.scala-native#auxlib_native0.3.9-SNAPSHOT_2.11;0.3.9-SNAPSHOT ...
[info] Resolving org.scala-native#auxlib_native0.3.9-SNAPSHOT_2.11;0.3.9-SNAPSHOT ...
[info] Resolving org.scala-native#scalalib_native0.3.9-SNAPSHOT_2.11;0.3.9-SNAPSHOT ...
[info] Resolving org.scala-native#scalalib_native0.3.9-SNAPSHOT_2.11;0.3.9-SNAPSHOT ...
[info] Resolving org.scala-native#nscplugin_2.11.12;0.3.9-SNAPSHOT ...
[info] Resolving org.scala-native#nscplugin_2.11.12;0.3.9-SNAPSHOT ...
[info] Resolving org.scala-lang#scala-compiler;2.11.12 ...
[info] Resolving org.scala-lang.modules#scala-xml_2.11;1.0.5 ...
[info] Resolving org.scala-lang.modules#scala-parser-combinators_2.11;1.0.4 ...
[info] Resolving jline#jline;2.14.3 ...
[info] Done updating.
[info] :: delivering :: org.scala-native#test-interface-serialization_native0.3.9-SNAPSHOT_2.11;0.3.9-SNAPSHOT :: 0.3.9-SNAPSHOT :: integration :: Thu Oct 11 23:09:50 CEST 2018
[info] 	delivering ivy file to /home/valdis/scala-native/test-interface-serialization/target/scala-2.11/ivy-0.3.9-SNAPSHOT.xml
[info] Main Scala API documentation to /home/valdis/scala-native/test-interface-serialization/target/scala-2.11/api...
[info] Compiling 8 Scala sources to /home/valdis/scala-native/test-interface-serialization/target/scala-2.11/classes...
[warn] dropping dependency on node with no phase object: mixin
model contains 35 documentable templates
[info] Main Scala API documentation successful.
[info] Packaging /home/valdis/scala-native/test-interface-serialization/target/scala-2.11/test-interface-serialization_native0.3.9-SNAPSHOT_2.11-0.3.9-SNAPSHOT-javadoc.jar ...
[info] Done packaging.
[info] Packaging /home/valdis/scala-native/test-interface-serialization/target/scala-2.11/test-interface-serialization_native0.3.9-SNAPSHOT_2.11-0.3.9-SNAPSHOT.jar ...
[info] Done packaging.
[info] 	published test-interface-serialization_native0.3.9-SNAPSHOT_2.11 to /home/valdis/.ivy2/local/org.scala-native/test-interface-serialization_native0.3.9-SNAPSHOT_2.11/0.3.9-SNAPSHOT/poms/test-interface-serialization_native0.3.9-SNAPSHOT_2.11.pom
[info] 	published test-interface-serialization_native0.3.9-SNAPSHOT_2.11 to /home/valdis/.ivy2/local/org.scala-native/test-interface-serialization_native0.3.9-SNAPSHOT_2.11/0.3.9-SNAPSHOT/jars/test-interface-serialization_native0.3.9-SNAPSHOT_2.11.jar
[info] 	published test-interface-serialization_native0.3.9-SNAPSHOT_2.11 to /home/valdis/.ivy2/local/org.scala-native/test-interface-serialization_native0.3.9-SNAPSHOT_2.11/0.3.9-SNAPSHOT/srcs/test-interface-serialization_native0.3.9-SNAPSHOT_2.11-sources.jar
[info] 	published test-interface-serialization_native0.3.9-SNAPSHOT_2.11 to /home/valdis/.ivy2/local/org.scala-native/test-interface-serialization_native0.3.9-SNAPSHOT_2.11/0.3.9-SNAPSHOT/docs/test-interface-serialization_native0.3.9-SNAPSHOT_2.11-javadoc.jar
[info] 	published ivy to /home/valdis/.ivy2/local/org.scala-native/test-interface-serialization_native0.3.9-SNAPSHOT_2.11/0.3.9-SNAPSHOT/ivys/ivy.xml
[info] Packaging /home/valdis/scala-native/test-interface/target/scala-2.11/test-interface_native0.3.9-SNAPSHOT_2.11-0.3.9-SNAPSHOT-sources.jar ...
[info] Done packaging.
[info] Updating {file:/home/valdis/scala-native/}testInterface...
[info] Wrote /home/valdis/scala-native/test-interface/target/scala-2.11/test-interface_native0.3.9-SNAPSHOT_2.11-0.3.9-SNAPSHOT.pom
[info] Resolving org.scala-lang#scala-library;2.11.12 ...
[info] Resolving org.scala-native#test-interface-serialization_native0.3.9-SNAPSHOT_2.11;0.3.9-SNAPSHOT ...
[info] Resolving org.scala-native#test-interface-sbt-defs_native0.3.9-SNAPSHOT_2.11;0.3.9-SNAPSHOT ...
[info] Resolving org.scala-native#nativelib_native0.3.9-SNAPSHOT_2.11;0.3.9-SNAPSHOT ...
[info] Resolving org.scala-native#nativelib_native0.3.9-SNAPSHOT_2.11;0.3.9-SNAPSHOT ...
[info] Resolving org.scala-lang#scala-reflect;2.11.12 ...
[info] Resolving org.scala-native#javalib_native0.3.9-SNAPSHOT_2.11;0.3.9-SNAPSHOT ...
[info] Resolving org.scala-native#javalib_native0.3.9-SNAPSHOT_2.11;0.3.9-SNAPSHOT ...
[info] Resolving org.scala-native#posixlib_native0.3.9-SNAPSHOT_2.11;0.3.9-SNAPSHOT ...
[info] Resolving org.scala-native#posixlib_native0.3.9-SNAPSHOT_2.11;0.3.9-SNAPSHOT ...
[info] Resolving org.scala-native#clib_native0.3.9-SNAPSHOT_2.11;0.3.9-SNAPSHOT ...
[info] Resolving org.scala-native#clib_native0.3.9-SNAPSHOT_2.11;0.3.9-SNAPSHOT ...
[info] Resolving org.scala-native#auxlib_native0.3.9-SNAPSHOT_2.11;0.3.9-SNAPSHOT ...
[info] Resolving org.scala-native#auxlib_native0.3.9-SNAPSHOT_2.11;0.3.9-SNAPSHOT ...
[info] Resolving org.scala-native#scalalib_native0.3.9-SNAPSHOT_2.11;0.3.9-SNAPSHOT ...
[info] Resolving org.scala-native#scalalib_native0.3.9-SNAPSHOT_2.11;0.3.9-SNAPSHOT ...
[info] Resolving org.scala-sbt#test-interface;1.0 ...
[info] Resolving org.scala-native#nscplugin_2.11.12;0.3.9-SNAPSHOT ...
[info] Resolving org.scala-native#nscplugin_2.11.12;0.3.9-SNAPSHOT ...
[info] Resolving org.scala-lang#scala-compiler;2.11.12 ...
[info] Resolving org.scala-lang.modules#scala-xml_2.11;1.0.5 ...
[info] Resolving org.scala-lang.modules#scala-parser-combinators_2.11;1.0.4 ...
[info] Resolving jline#jline;2.14.3 ...
[info] Done updating.
[info] :: delivering :: org.scala-native#test-interface_native0.3.9-SNAPSHOT_2.11;0.3.9-SNAPSHOT :: 0.3.9-SNAPSHOT :: integration :: Thu Oct 11 23:09:51 CEST 2018
[info] 	delivering ivy file to /home/valdis/scala-native/test-interface/target/scala-2.11/ivy-0.3.9-SNAPSHOT.xml
[info] Main Scala API documentation to /home/valdis/scala-native/test-interface/target/scala-2.11/api...
[info] Compiling 6 Scala sources to /home/valdis/scala-native/test-interface/target/scala-2.11/classes...
[warn] dropping dependency on node with no phase object: mixin
model contains 18 documentable templates
[warn] /home/valdis/scala-native/test-interface/src/main/scala/scala/scalajs/reflect/annotation/EnableReflectiveInstantiation.scala:5: Could not find any member to link for "scala.scalajs.reflect.Reflect".
[warn] /** Enables reflective instantiation for the annotated class, trait or object,
[warn] ^
[warn] one warning found
[info] Main Scala API documentation successful.
[info] Packaging /home/valdis/scala-native/test-interface/target/scala-2.11/test-interface_native0.3.9-SNAPSHOT_2.11-0.3.9-SNAPSHOT-javadoc.jar ...
[info] Done packaging.
[info] Packaging /home/valdis/scala-native/test-interface/target/scala-2.11/test-interface_native0.3.9-SNAPSHOT_2.11-0.3.9-SNAPSHOT.jar ...
[info] Done packaging.
[info] 	published test-interface_native0.3.9-SNAPSHOT_2.11 to /home/valdis/.ivy2/local/org.scala-native/test-interface_native0.3.9-SNAPSHOT_2.11/0.3.9-SNAPSHOT/poms/test-interface_native0.3.9-SNAPSHOT_2.11.pom
[info] 	published test-interface_native0.3.9-SNAPSHOT_2.11 to /home/valdis/.ivy2/local/org.scala-native/test-interface_native0.3.9-SNAPSHOT_2.11/0.3.9-SNAPSHOT/jars/test-interface_native0.3.9-SNAPSHOT_2.11.jar
[info] 	published test-interface_native0.3.9-SNAPSHOT_2.11 to /home/valdis/.ivy2/local/org.scala-native/test-interface_native0.3.9-SNAPSHOT_2.11/0.3.9-SNAPSHOT/srcs/test-interface_native0.3.9-SNAPSHOT_2.11-sources.jar
[info] 	published test-interface_native0.3.9-SNAPSHOT_2.11 to /home/valdis/.ivy2/local/org.scala-native/test-interface_native0.3.9-SNAPSHOT_2.11/0.3.9-SNAPSHOT/docs/test-interface_native0.3.9-SNAPSHOT_2.11-javadoc.jar
[info] 	published ivy to /home/valdis/.ivy2/local/org.scala-native/test-interface_native0.3.9-SNAPSHOT_2.11/0.3.9-SNAPSHOT/ivys/ivy.xml
[success] Total time: 4 s, completed Oct 11, 2018 11:09:52 PM
[info] Updating {file:/home/valdis/scala-native/}sandbox...
[info] Resolving org.scala-lang#scala-library;2.11.12 ...
[info] Resolving org.scala-native#nativelib_native0.3.9-SNAPSHOT_2.11;0.3.9-SNAPSHOT ...
[info] Resolving org.scala-native#nativelib_native0.3.9-SNAPSHOT_2.11;0.3.9-SNAPSHOT ...
[info] Resolving org.scala-lang#scala-reflect;2.11.12 ...
[info] Resolving org.scala-native#javalib_native0.3.9-SNAPSHOT_2.11;0.3.9-SNAPSHOT ...
[info] Resolving org.scala-native#javalib_native0.3.9-SNAPSHOT_2.11;0.3.9-SNAPSHOT ...
[info] Resolving org.scala-native#posixlib_native0.3.9-SNAPSHOT_2.11;0.3.9-SNAPSHOT ...
[info] Resolving org.scala-native#posixlib_native0.3.9-SNAPSHOT_2.11;0.3.9-SNAPSHOT ...
[info] Resolving org.scala-native#clib_native0.3.9-SNAPSHOT_2.11;0.3.9-SNAPSHOT ...
[info] Resolving org.scala-native#clib_native0.3.9-SNAPSHOT_2.11;0.3.9-SNAPSHOT ...
[info] Resolving org.scala-native#auxlib_native0.3.9-SNAPSHOT_2.11;0.3.9-SNAPSHOT ...
[info] Resolving org.scala-native#auxlib_native0.3.9-SNAPSHOT_2.11;0.3.9-SNAPSHOT ...
[info] Resolving org.scala-native#scalalib_native0.3.9-SNAPSHOT_2.11;0.3.9-SNAPSHOT ...
[info] Resolving org.scala-native#scalalib_native0.3.9-SNAPSHOT_2.11;0.3.9-SNAPSHOT ...
[info] Resolving org.scala-native#test-interface_native0.3.9-SNAPSHOT_2.11;0.3.9-SNAPSHOT ...
[info] Resolving org.scala-native#test-interface_native0.3.9-SNAPSHOT_2.11;0.3.9-SNAPSHOT ...
[info] Resolving org.scala-native#test-interface-serialization_native0.3.9-SNAPSHOT_2.11;0.3.9-SNAPSHOT ...
[info] Resolving org.scala-native#test-interface-serialization_native0.3.9-SNAPSHOT_2.11;0.3.9-SNAPSHOT ...
[info] Resolving org.scala-native#test-interface-sbt-defs_native0.3.9-SNAPSHOT_2.11;0.3.9-SNAPSHOT ...
[info] Resolving org.scala-native#test-interface-sbt-defs_native0.3.9-SNAPSHOT_2.11;0.3.9-SNAPSHOT ...
[info] Resolving org.scala-sbt#test-interface;1.0 ...
[info] Resolving org.scala-native#nscplugin_2.11.12;0.3.9-SNAPSHOT ...
[info] Resolving org.scala-native#nscplugin_2.11.12;0.3.9-SNAPSHOT ...
[info] Resolving org.scala-lang#scala-compiler;2.11.12 ...
[info] Resolving org.scala-lang.modules#scala-xml_2.11;1.0.5 ...
[info] Resolving org.scala-lang.modules#scala-parser-combinators_2.11;1.0.4 ...
[info] Resolving jline#jline;2.14.3 ...
[info] Done updating.
[info] Compiling 1 Scala source to /home/valdis/scala-native/sandbox/target/scala-2.11/classes...
[info] Linking (949 ms)
[info] Discovered 551 classes and 3290 methods
[info] Optimizing (debug mode) (333 ms)
[info] Generating intermediate code (774 ms)
[info] Produced 32 files
[info] Compiling to native code (903 ms)
[info] Linking native code (immix gc, none lto) (106 ms)
[info] Total (3217 ms)
Hello, World!
[success] Total time: 4 s, completed Oct 11, 2018 11:09:56 PM
[info] Updating {file:/home/valdis/scala-native/}tests...
[info] Resolving org.scala-lang#scala-library;2.11.12 ...
[info] Resolving org.scala-native#nativelib_native0.3.9-SNAPSHOT_2.11;0.3.9-SNAPSHOT ...
[info] Resolving org.scala-native#nativelib_native0.3.9-SNAPSHOT_2.11;0.3.9-SNAPSHOT ...
[info] Resolving org.scala-lang#scala-reflect;2.11.12 ...
[info] Resolving org.scala-native#javalib_native0.3.9-SNAPSHOT_2.11;0.3.9-SNAPSHOT ...
[info] Resolving org.scala-native#javalib_native0.3.9-SNAPSHOT_2.11;0.3.9-SNAPSHOT ...
[info] Resolving org.scala-native#posixlib_native0.3.9-SNAPSHOT_2.11;0.3.9-SNAPSHOT ...
[info] Resolving org.scala-native#posixlib_native0.3.9-SNAPSHOT_2.11;0.3.9-SNAPSHOT ...
[info] Resolving org.scala-native#clib_native0.3.9-SNAPSHOT_2.11;0.3.9-SNAPSHOT ...
[info] Resolving org.scala-native#clib_native0.3.9-SNAPSHOT_2.11;0.3.9-SNAPSHOT ...
[info] Resolving org.scala-native#auxlib_native0.3.9-SNAPSHOT_2.11;0.3.9-SNAPSHOT ...
[info] Resolving org.scala-native#auxlib_native0.3.9-SNAPSHOT_2.11;0.3.9-SNAPSHOT ...
[info] Resolving org.scala-native#scalalib_native0.3.9-SNAPSHOT_2.11;0.3.9-SNAPSHOT ...
[info] Resolving org.scala-native#scalalib_native0.3.9-SNAPSHOT_2.11;0.3.9-SNAPSHOT ...
[info] Resolving org.scala-native#test-interface_native0.3.9-SNAPSHOT_2.11;0.3.9-SNAPSHOT ...
[info] Resolving org.scala-native#test-interface_native0.3.9-SNAPSHOT_2.11;0.3.9-SNAPSHOT ...
[info] Resolving org.scala-native#test-interface-serialization_native0.3.9-SNAPSHOT_2.11;0.3.9-SNAPSHOT ...
[info] Resolving org.scala-native#test-interface-serialization_native0.3.9-SNAPSHOT_2.11;0.3.9-SNAPSHOT ...
[info] Resolving org.scala-native#test-interface-sbt-defs_native0.3.9-SNAPSHOT_2.11;0.3.9-SNAPSHOT ...
[info] Resolving org.scala-native#test-interface-sbt-defs_native0.3.9-SNAPSHOT_2.11;0.3.9-SNAPSHOT ...
[info] Resolving org.scala-sbt#test-interface;1.0 ...
[info] Resolving org.scala-native#nscplugin_2.11.12;0.3.9-SNAPSHOT ...
[info] Resolving org.scala-native#nscplugin_2.11.12;0.3.9-SNAPSHOT ...
[info] Resolving org.scala-lang#scala-compiler;2.11.12 ...
[info] Resolving org.scala-lang.modules#scala-xml_2.11;1.0.5 ...
[info] Resolving org.scala-lang.modules#scala-parser-combinators_2.11;1.0.4 ...
[info] Resolving jline#jline;2.14.3 ...
[info] Done updating.
[info] Compiling 6 Scala sources to /home/valdis/scala-native/unit-tests/target/scala-2.11/classes...
[info] Compiling 124 Scala sources to /home/valdis/scala-native/unit-tests/target/scala-2.11/test-classes...
[warn] there were three deprecation warnings; re-run with -deprecation for details
[warn] there were 53 feature warnings; re-run with -feature for details
[warn] two warnings found
[info] Compiling 1 Scala source to /home/valdis/scala-native/unit-tests/target/scala-2.11/test-classes...
[info] Linking (1653 ms)
[info] Discovered 4754 classes and 26743 methods
[info] Optimizing (debug mode) (990 ms)
[info] Generating intermediate code (2528 ms)
[info] Produced 32 files
[info] Compiling to native code (1532 ms)
[info] Linking native code (immix gc, none lto) (344 ms)
[info] Total (7131 ms)
[info] Starting process '/home/valdis/scala-native/unit-tests/target/scala-2.11/tests-out' on port '44405'.
[info] (lldb) target create "/home/valdis/scala-native/unit-tests/target/scala-2.11/tests-out"
[info] Current executable set to '/home/valdis/scala-native/unit-tests/target/scala-2.11/tests-out' (x86_64).
[info] (lldb) settings set -- target.run-args  "44405"
[info] (lldb) r
[info] * java.util.ArraysSuite$
[info]   [ok] asList
[info] * java.util.zip.CheckedOutputStreamSuite$
[info]   [ok] Constructor()
[info]   [ok] getChecksum()
[info]   [ok] write(Int)
[info]   [ok] write(Array[Byte], Int, Int)
[info] * scala.FloatComparisonSuite$
[info]   [ok] fcmp
[info] * java.net.Inet6AddressSuite$
[info]   [ok] isMulticastAddress
[info]   [ok] isAnyLocalAddress
[info]   [ok] isLoopbackAddress
[info]   [ok] isLinkLocalAddress
[info]   [ok] isSiteLocalAddress
[info]   [ok] isIPv4CompatibleAddress
[info]   [ok] getByAddress
[info] * java.util.LinkedHashMapInsertionOrderLimitedSuite$
[info]   [ok] should store strings
[info]   [ok] should store integers
[info]   [ok] should store doubles also in corner cases
[info]   [ok] should store custom objects
[info]   [ok] should remove stored elements
[info]   [ok] should remove stored elements on double corner cases
[info]   [ok] should put or fail on null keys
[info]   [ok] should put or fail on null values
[info]   [ok] should be cleared with one operation
[info]   [ok] should check contained key presence
[info]   [ok] should check contained value presence
[info]   [ok] should give proper Collection over values
[info]   [ok] should give proper EntrySet over key value pairs
[info]   [ok] should give proper KeySet over keys
[info]   [ok] should put a whole map into
[info]   [ok] values should mirror the related map size
[info]   [ok] values should check single and multiple objects presence
[info]   [ok] values should side effect clear remove retain on the related map
[info]   [ok] keySet should mirror the related map size
[info]   [ok] keySet should check single and multiple objects presence
[info]   [ok] keySet should side effect clear remove retain on the related map
[info]   [ok] should iterate in insertion order after building
[info]   [ok] should iterate in the same order after removal of elements
[info]   [ok] should iterate in order after adding elements
[info]   [ok] should iterate in after accessing elements
[info] * java.util.LinkedHashMapAccessOrderSuite$
[info]   [ok] should store strings
[info]   [ok] should store integers
[info]   [ok] should store doubles also in corner cases
[info]   [ok] should store custom objects
[info]   [ok] should remove stored elements
[info]   [ok] should remove stored elements on double corner cases
[info]   [ok] should put or fail on null keys
[info]   [ok] should put or fail on null values
[info]   [ok] should be cleared with one operation
[info]   [ok] should check contained key presence
[info]   [ok] should check contained value presence
[info]   [ok] should give proper Collection over values
[info]   [ok] should give proper EntrySet over key value pairs
[info]   [ok] should give proper KeySet over keys
[info]   [ok] should put a whole map into
[info]   [ok] values should mirror the related map size
[info]   [ok] values should check single and multiple objects presence
[info]   [ok] values should side effect clear remove retain on the related map
[info]   [ok] keySet should mirror the related map size
[info]   [ok] keySet should check single and multiple objects presence
[info]   [ok] keySet should side effect clear remove retain on the related map
[info]   [ok] should iterate in insertion order after building
[info]   [ok] should iterate in the same order after removal of elements
[info]   [ok] should iterate in order after adding elements
[info]   [ok] should iterate in after accessing elements
[info] * java.util.LinkedHashMapAccessOrderLimitedSuite$
[info] M>0x7ff807f58000 M>0x7ff807f58008 M>0x7ff807f58010 M>0x7ff807f58028 M>0x7ff807f58030 M>0x7ff807f58038 M>0x7ff807f58040 M>0x7ff807f58058 M>0x7ff807f58060 M>0x7ff807f58068 M>0x7ff807f580a0 M>0x7ff807f580a8 M>0x7ff807f580c0 M>0x7ff807f580c8 
[info] 0x7ff807f58000 0x7ff807f58008 0x7ff807f58010 0x7ff807f58028 0x7ff807f58030 0x7ff807f58038 0x7ff807f58040 0x7ff807f58058 0x7ff807f58060 0x7ff807f58068 0x7ff807f580a0 0x7ff807f580a8 0x7ff807f580c0 0x7ff807f580c8 
[info] M>0x7ff807f58110 M>0x7ff807f58120 M>0x7ff807f58128 A>0x7ff807f58130 A>0x7ff807f58150 M>0x7ff807f58170 M>0x7ff807f58178 M>0x7ff807f58180 M>0x7ff807f58188 M>0x7ff807f58190 M>0x7ff807f58198 M>0x7ff807f581a0 M>0x7ff807f581a8 M>0x7ff807f581b0 M>0x7ff807f581b8 M>0x7ff807f581c0 M>0x7ff807f581c8 M>0x7ff807f581d0 M>0x7ff807f581d8 M>0x7ff807f581e0 M>0x7ff807f581e8 M>0x7ff807f581f0 M>0x7ff807f581f8 
[info] 0x7ff807f58110 0x7ff807f58120 0x7ff807f58128 0x7ff807f58130 0x7ff807f58150 0x7ff807f58170 0x7ff807f58178 0x7ff807f58180 0x7ff807f58188 0x7ff807f58190 0x7ff807f58198 0x7ff807f581a0 0x7ff807f581a8 0x7ff807f581b0 0x7ff807f581b8 0x7ff807f581c0 0x7ff807f581c8 0x7ff807f581d0 0x7ff807f581d8 0x7ff807f581e0 0x7ff807f581e8 0x7ff807f581f0 0x7ff807f581f8 
[info] M>0x7ff807f58200 M>0x7ff807f58208 M>0x7ff807f58210 M>0x7ff807f58218 M>0x7ff807f58220 M>0x7ff807f58228 M>0x7ff807f58230 M>0x7ff807f58238 M>0x7ff807f58240 A>0x7ff807f58248 M>0x7ff807f58258 A>0x7ff807f58260 M>0x7ff807f58270 M>0x7ff807f58280 
[info] 0x7ff807f58200 0x7ff807f58208 0x7ff807f58210 0x7ff807f58218 0x7ff807f58220 0x7ff807f58228 0x7ff807f58230 0x7ff807f58238 0x7ff807f58240 0x7ff807f58248 0x7ff807f58258 0x7ff807f58260 0x7ff807f58270 0x7ff807f58280 
[info] 
[info] 
[info] 
[info] 
[info] 
[info] 
[info] 
[info] 
[info] 
[info] 
[info] 
[info] 
[info] 
[info] 
[info] A>0x7ff807f58a90 M>0x7ff807f58aa0 A>0x7ff807f58af8 
[info] 0x7ff807f58a90 0x7ff807f58aa0 0x7ff807f58af8 
[info] M>0x7ff807f58b08 A>0x7ff807f58b18 A>0x7ff807f58b50 M>0x7ff807f58b60 M>0x7ff807f58b98 M>0x7ff807f58bd0 M>0x7ff807f58be8 
[info] 0x7ff807f58b08 0x7ff807f58b18 0x7ff807f58b50 0x7ff807f58b60 0x7ff807f58b98 0x7ff807f58bd0 0x7ff807f58be8 
[info] M>0x7ff807f58c08 M>0x7ff807f58c18 M>0x7ff807f58c20 M>0x7ff807f58c30 M>0x7ff807f58c40 M>0x7ff807f58c48 M>0x7ff807f58c50 M>0x7ff807f58c88 M>0x7ff807f58ca0 M>0x7ff807f58ca8 M>0x7ff807f58ce0 M>0x7ff807f58cf8 
[info] 0x7ff807f58c08 0x7ff807f58c18 0x7ff807f58c20 0x7ff807f58c30 0x7ff807f58c40 0x7ff807f58c48 0x7ff807f58c50 0x7ff807f58c88 0x7ff807f58ca0 0x7ff807f58ca8 0x7ff807f58ce0 0x7ff807f58cf8 
[info] M>0x7ff807f58d10 M>0x7ff807f58d18 M>0x7ff807f58d40 M>0x7ff807f58d48 M>0x7ff807f58d50 M>0x7ff807f58d58 M>0x7ff807f58d60 M>0x7ff807f58d68 M>0x7ff807f58d70 M>0x7ff807f58d78 M>0x7ff807f58d80 M>0x7ff807f58d88 M>0x7ff807f58d90 M>0x7ff807f58d98 A>0x7ff807f58da0 
[info] 0x7ff807f58d10 0x7ff807f58d18 0x7ff807f58d40 0x7ff807f58d48 0x7ff807f58d50 0x7ff807f58d58 0x7ff807f58d60 0x7ff807f58d68 0x7ff807f58d70 0x7ff807f58d78 0x7ff807f58d80 0x7ff807f58d88 0x7ff807f58d90 0x7ff807f58d98 0x7ff807f58da0 
[info] M>0x7ff807f58e30 M>0x7ff807f58e38 M>0x7ff807f58e48 M>0x7ff807f58e50 M>0x7ff807f58e70 A>0x7ff807f58e78 M>0x7ff807f58e80 M>0x7ff807f58e88 M>0x7ff807f58e98 A>0x7ff807f58eb8 M>0x7ff807f58ec0 M>0x7ff807f58ed0 A>0x7ff807f58ef0 M>0x7ff807f58ef8 
[info] 0x7ff807f58e30 0x7ff807f58e38 0x7ff807f58e48 0x7ff807f58e50 0x7ff807f58e70 0x7ff807f58e78 0x7ff807f58e80 0x7ff807f58e88 0x7ff807f58e98 0x7ff807f58eb8 0x7ff807f58ec0 0x7ff807f58ed0 0x7ff807f58ef0 0x7ff807f58ef8 
[info] M>0x7ff807f58f08 A>0x7ff807f58f28 M>0x7ff807f58f30 M>0x7ff807f58f40 A>0x7ff807f58f60 M>0x7ff807f58f68 M>0x7ff807f58f78 A>0x7ff807f58f98 M>0x7ff807f58fa0 M>0x7ff807f58fb0 A>0x7ff807f58fd0 M>0x7ff807f58fd8 M>0x7ff807f58fe8 
[info] 0x7ff807f58f08 0x7ff807f58f28 0x7ff807f58f30 0x7ff807f58f40 0x7ff807f58f60 0x7ff807f58f68 0x7ff807f58f78 0x7ff807f58f98 0x7ff807f58fa0 0x7ff807f58fb0 0x7ff807f58fd0 0x7ff807f58fd8 0x7ff807f58fe8 
[info] A>0x7ff807f59008 M>0x7ff807f59010 M>0x7ff807f59018 M>0x7ff807f59028 A>0x7ff807f59048 M>0x7ff807f59050 M>0x7ff807f59060 M>0x7ff807f59068 M>0x7ff807f59070 A>0x7ff807f59090 M>0x7ff807f59098 M>0x7ff807f590a8 A>0x7ff807f590c8 M>0x7ff807f590d0 A>0x7ff807f590d8 M>0x7ff807f590e0 M>0x7ff807f590f8 
[info] 0x7ff807f59008 0x7ff807f59010 0x7ff807f59018 0x7ff807f59028 0x7ff807f59048 0x7ff807f59050 0x7ff807f59060 0x7ff807f59068 0x7ff807f59070 0x7ff807f59090 0x7ff807f59098 0x7ff807f590a8 0x7ff807f590c8 0x7ff807f590d0 0x7ff807f590d8 0x7ff807f590e0 0x7ff807f590f8 
[info] M>0x7ff807f59108 M>0x7ff807f59118 M>0x7ff807f59128 M>0x7ff807f59138 M>0x7ff807f59140 A>0x7ff807f59178 A>0x7ff807f591c8 
[info] 0x7ff807f59108 0x7ff807f59118 0x7ff807f59128 0x7ff807f59138 0x7ff807f59140 0x7ff807f59178 0x7ff807f591c8 
[info] A>0x7ff807f59258 M>0x7ff807f592e8 A>0x7ff807f592f0 
[info] 0x7ff807f59258 0x7ff807f592e8 0x7ff807f592f0 
[info] A>0x7ff807f59318 A>0x7ff807f59338 M>0x7ff807f59348 M>0x7ff807f59350 M>0x7ff807f59358 M>0x7ff807f59360 M>0x7ff807f59368 A>0x7ff807f59370 A>0x7ff807f593a0 M>0x7ff807f593a8 M>0x7ff807f593e0 
[info] 0x7ff807f59318 0x7ff807f59338 0x7ff807f59348 0x7ff807f59350 0x7ff807f59358 0x7ff807f59360 0x7ff807f59368 0x7ff807f59370 0x7ff807f593a0 0x7ff807f593a8 0x7ff807f593e0 
[info] M>0x7ff807f59400 M>0x7ff807f59410 M>0x7ff807f59420 M>0x7ff807f59430 M>0x7ff807f59438 M>0x7ff807f59478 M>0x7ff807f59480 A>0x7ff807f59488 M>0x7ff807f594b8 M>0x7ff807f594c0 
[info] 0x7ff807f59400 0x7ff807f59410 0x7ff807f59420 0x7ff807f59430 0x7ff807f59438 0x7ff807f59478 0x7ff807f59480 0x7ff807f59488 0x7ff807f594b8 0x7ff807f594c0 
[info] M>0x7ff807f59528 M>0x7ff807f59538 M>0x7ff807f59548 M>0x7ff807f59558 M>0x7ff807f59568 M>0x7ff807f59578 M>0x7ff807f59588 M>0x7ff807f59590 M>0x7ff807f595b8 
[info] 0x7ff807f59528 0x7ff807f59538 0x7ff807f59548 0x7ff807f59558 0x7ff807f59568 0x7ff807f59578 0x7ff807f59588 0x7ff807f59590 0x7ff807f595b8 
[info] M>0x7ff807f59648 M>0x7ff807f59658 M>0x7ff807f59668 M>0x7ff807f59678 M>0x7ff807f59688 M>0x7ff807f596b0 
[info] 0x7ff807f59648 0x7ff807f59658 0x7ff807f59668 0x7ff807f59678 0x7ff807f59688 0x7ff807f596b0 
[info] A>0x7ff807f59740 M>0x7ff807f59750 M>0x7ff807f59758 A>0x7ff807f59760 M>0x7ff807f59768 M>0x7ff807f59770 M>0x7ff807f59780 
[info] 0x7ff807f59740 0x7ff807f59750 0x7ff807f59758 0x7ff807f59760 0x7ff807f59768 0x7ff807f59770 0x7ff807f59780 
[info] 
[info] 
[info] 
[info] 
[info] 
[info] 
[info] M>0x7ff807f59b90 M>0x7ff807f59ba0 M>0x7ff807f59bb0 M>0x7ff807f59bc0 M>0x7ff807f59bd0 M>0x7ff807f59be0 M>0x7ff807f59bf0 
[info] 0x7ff807f59b90 0x7ff807f59ba0 0x7ff807f59bb0 0x7ff807f59bc0 0x7ff807f59bd0 0x7ff807f59be0 0x7ff807f59bf0 
[info] M>0x7ff807f59c00 M>0x7ff807f59c10 M>0x7ff807f59c20 M>0x7ff807f59c30 M>0x7ff807f59c40 M>0x7ff807f59c50 A>0x7ff807f59c70 M>0x7ff807f59c80 A>0x7ff807f59ca0 A>0x7ff807f59cb0 A>0x7ff807f59cb8 A>0x7ff807f59ce0 
[info] 0x7ff807f59c00 0x7ff807f59c10 0x7ff807f59c20 0x7ff807f59c30 0x7ff807f59c40 0x7ff807f59c50 0x7ff807f59c70 0x7ff807f59c80 0x7ff807f59ca0 0x7ff807f59cb0 0x7ff807f59cb8 0x7ff807f59ce0 
[info] A>0x7ff807f59d00 A>0x7ff807f59d10 M>0x7ff807f59d40 A>0x7ff807f59d78 A>0x7ff807f59da8 A>0x7ff807f59db8 M>0x7ff807f59dc0 A>0x7ff807f59de0 M>0x7ff807f59df0 
[info] 0x7ff807f59d00 0x7ff807f59d10 0x7ff807f59d40 0x7ff807f59d78 0x7ff807f59da8 0x7ff807f59db8 0x7ff807f59dc0 0x7ff807f59de0 0x7ff807f59df0 
[info] A>0x7ff807f59e10 A>0x7ff807f59e20 A>0x7ff807f59e28 A>0x7ff807f59e70 A>0x7ff807f59e90 A>0x7ff807f59ea0 M>0x7ff807f59ed0 
[info] 0x7ff807f59e10 0x7ff807f59e20 0x7ff807f59e28 0x7ff807f59e70 0x7ff807f59e90 0x7ff807f59ea0 0x7ff807f59ed0 
[info] A>0x7ff807f59f50 A>0x7ff807f59f80 A>0x7ff807f59f90 M>0x7ff807f59f98 M>0x7ff807f59fa8 M>0x7ff807f59fb8 M>0x7ff807f59fc8 M>0x7ff807f59fd8 A>0x7ff807f59ff8 
[info] 0x7ff807f59f50 0x7ff807f59f80 0x7ff807f59f90 0x7ff807f59f98 0x7ff807f59fa8 0x7ff807f59fb8 0x7ff807f59fc8 0x7ff807f59fd8 0x7ff807f59ff8 
[info] M>0x7ff807f5a008 A>0x7ff807f5a028 A>0x7ff807f5a038 A>0x7ff807f5a040 A>0x7ff807f5a088 A>0x7ff807f5a0a8 A>0x7ff807f5a0b8 M>0x7ff807f5a0e8 
[info] 0x7ff807f5a008 0x7ff807f5a028 0x7ff807f5a038 0x7ff807f5a040 0x7ff807f5a088 0x7ff807f5a0a8 0x7ff807f5a0b8 0x7ff807f5a0e8 
[info] A>0x7ff807f5a160 A>0x7ff807f5a190 A>0x7ff807f5a1a0 M>0x7ff807f5a1a8 M>0x7ff807f5a1b8 M>0x7ff807f5a1c8 M>0x7ff807f5a1d8 A>0x7ff807f5a1f8 
[info] 0x7ff807f5a160 0x7ff807f5a190 0x7ff807f5a1a0 0x7ff807f5a1a8 0x7ff807f5a1b8 0x7ff807f5a1c8 0x7ff807f5a1d8 0x7ff807f5a1f8 
[info] M>0x7ff807f5a208 A>0x7ff807f5a228 A>0x7ff807f5a238 A>0x7ff807f5a240 A>0x7ff807f5a278 A>0x7ff807f5a298 A>0x7ff807f5a2a8 M>0x7ff807f5a2d8 
[info] 0x7ff807f5a208 0x7ff807f5a228 0x7ff807f5a238 0x7ff807f5a240 0x7ff807f5a278 0x7ff807f5a298 0x7ff807f5a2a8 0x7ff807f5a2d8 
[info] A>0x7ff807f5a338 A>0x7ff807f5a368 A>0x7ff807f5a378 M>0x7ff807f5a380 M>0x7ff807f5a390 A>0x7ff807f5a3b0 M>0x7ff807f5a3c0 A>0x7ff807f5a3e0 A>0x7ff807f5a3f0 A>0x7ff807f5a3f8 
[info] 0x7ff807f5a338 0x7ff807f5a368 0x7ff807f5a378 0x7ff807f5a380 0x7ff807f5a390 0x7ff807f5a3b0 0x7ff807f5a3c0 0x7ff807f5a3e0 0x7ff807f5a3f0 0x7ff807f5a3f8 
[info] A>0x7ff807f5a450 A>0x7ff807f5a470 A>0x7ff807f5a480 M>0x7ff807f5a4b0 
[info] 0x7ff807f5a450 0x7ff807f5a470 0x7ff807f5a480 0x7ff807f5a4b0 
[info] A>0x7ff807f5a548 A>0x7ff807f5a578 A>0x7ff807f5a588 M>0x7ff807f5a590 M>0x7ff807f5a5a0 A>0x7ff807f5a5c0 M>0x7ff807f5a5d0 A>0x7ff807f5a5f0 
[info] 0x7ff807f5a548 0x7ff807f5a578 0x7ff807f5a588 0x7ff807f5a590 0x7ff807f5a5a0 0x7ff807f5a5c0 0x7ff807f5a5d0 0x7ff807f5a5f0 
[info] A>0x7ff807f5a600 A>0x7ff807f5a608 A>0x7ff807f5a630 A>0x7ff807f5a650 A>0x7ff807f5a660 M>0x7ff807f5a690 A>0x7ff807f5a6d0 
[info] 0x7ff807f5a600 0x7ff807f5a608 0x7ff807f5a630 0x7ff807f5a650 0x7ff807f5a660 0x7ff807f5a690 0x7ff807f5a6d0 
[info] A>0x7ff807f5a700 A>0x7ff807f5a710 M>0x7ff807f5a718 A>0x7ff807f5a738 M>0x7ff807f5a748 A>0x7ff807f5a768 A>0x7ff807f5a778 A>0x7ff807f5a780 A>0x7ff807f5a7a0 A>0x7ff807f5a7c0 A>0x7ff807f5a7d0 
[info] 0x7ff807f5a700 0x7ff807f5a710 0x7ff807f5a718 0x7ff807f5a738 0x7ff807f5a748 0x7ff807f5a768 0x7ff807f5a778 0x7ff807f5a780 0x7ff807f5a7a0 0x7ff807f5a7c0 0x7ff807f5a7d0 
[info] M>0x7ff807f5a800 A>0x7ff807f5a828 A>0x7ff807f5a858 A>0x7ff807f5a868 M>0x7ff807f5a870 A>0x7ff807f5a890 M>0x7ff807f5a8a0 A>0x7ff807f5a8c0 A>0x7ff807f5a8d0 
[info] 0x7ff807f5a800 0x7ff807f5a828 0x7ff807f5a858 0x7ff807f5a868 0x7ff807f5a870 0x7ff807f5a890 0x7ff807f5a8a0 0x7ff807f5a8c0 0x7ff807f5a8d0 
[info] M>0x7ff807f5ac10 A>0x7ff807f5ac48 A>0x7ff807f5ac78 A>0x7ff807f5ac88 M>0x7ff807f5ac90 M>0x7ff807f5aca0 A>0x7ff807f5acc0 M>0x7ff807f5acd0 A>0x7ff807f5acf0 
[info] 0x7ff807f5ac10 0x7ff807f5ac48 0x7ff807f5ac78 0x7ff807f5ac88 0x7ff807f5ac90 0x7ff807f5aca0 0x7ff807f5acc0 0x7ff807f5acd0 0x7ff807f5acf0 
[info] A>0x7ff807f5ad00 A>0x7ff807f5ad08 A>0x7ff807f5ad70 A>0x7ff807f5ad90 A>0x7ff807f5ada0 M>0x7ff807f5add0 
[info] 0x7ff807f5ad00 0x7ff807f5ad08 0x7ff807f5ad70 0x7ff807f5ad90 0x7ff807f5ada0 0x7ff807f5add0 
[info] A>0x7ff807f5ae90 A>0x7ff807f5aec0 A>0x7ff807f5aed0 M>0x7ff807f5aed8 A>0x7ff807f5aef8 
[info] 0x7ff807f5ae90 0x7ff807f5aec0 0x7ff807f5aed0 0x7ff807f5aed8 0x7ff807f5aef8 
[info] M>0x7ff807f5af08 A>0x7ff807f5af28 A>0x7ff807f5af38 A>0x7ff807f5af40 A>0x7ff807f5af78 A>0x7ff807f5af98 A>0x7ff807f5afa8 M>0x7ff807f5afd8 
[info] 0x7ff807f5af08 0x7ff807f5af28 0x7ff807f5af38 0x7ff807f5af40 0x7ff807f5af78 0x7ff807f5af98 0x7ff807f5afa8 0x7ff807f5afd8 
[info] A>0x7ff807f5b030 A>0x7ff807f5b060 A>0x7ff807f5b070 M>0x7ff807f5b078 A>0x7ff807f5b098 M>0x7ff807f5b0a8 A>0x7ff807f5b0c8 A>0x7ff807f5b0d8 A>0x7ff807f5b0e0 
[info] 0x7ff807f5b030 0x7ff807f5b060 0x7ff807f5b070 0x7ff807f5b078 0x7ff807f5b098 0x7ff807f5b0a8 0x7ff807f5b0c8 0x7ff807f5b0d8 0x7ff807f5b0e0 
[info] A>0x7ff807f5b120 A>0x7ff807f5b140 A>0x7ff807f5b150 M>0x7ff807f5b180 A>0x7ff807f5b1e8 
[info] 0x7ff807f5b120 0x7ff807f5b140 0x7ff807f5b150 0x7ff807f5b180 0x7ff807f5b1e8 
[info] A>0x7ff807f5b218 A>0x7ff807f5b228 M>0x7ff807f5b230 A>0x7ff807f5b250 M>0x7ff807f5b260 A>0x7ff807f5b280 A>0x7ff807f5b290 A>0x7ff807f5b298 A>0x7ff807f5b2c8 A>0x7ff807f5b2e8 A>0x7ff807f5b2f8 
[info] 0x7ff807f5b218 0x7ff807f5b228 0x7ff807f5b230 0x7ff807f5b250 0x7ff807f5b260 0x7ff807f5b280 0x7ff807f5b290 0x7ff807f5b298 0x7ff807f5b2c8 0x7ff807f5b2e8 0x7ff807f5b2f8 
[info] M>0x7ff807f5b328 A>0x7ff807f5b378 A>0x7ff807f5b3a8 A>0x7ff807f5b3b8 M>0x7ff807f5b3c0 A>0x7ff807f5b3e0 M>0x7ff807f5b3f0 
[info] 0x7ff807f5b328 0x7ff807f5b378 0x7ff807f5b3a8 0x7ff807f5b3b8 0x7ff807f5b3c0 0x7ff807f5b3e0 0x7ff807f5b3f0 
[info] A>0x7ff807f5b410 A>0x7ff807f5b420 A>0x7ff807f5b428 A>0x7ff807f5b470 A>0x7ff807f5b490 A>0x7ff807f5b4a0 M>0x7ff807f5b4d0 
[info] 0x7ff807f5b410 0x7ff807f5b420 0x7ff807f5b428 0x7ff807f5b470 0x7ff807f5b490 0x7ff807f5b4a0 0x7ff807f5b4d0 
[info] A>0x7ff807f5b548 A>0x7ff807f5b578 A>0x7ff807f5b588 M>0x7ff807f5b590 A>0x7ff807f5b5b0 M>0x7ff807f5b5c0 A>0x7ff807f5b5e0 A>0x7ff807f5b5f0 A>0x7ff807f5b5f8 
[info] 0x7ff807f5b548 0x7ff807f5b578 0x7ff807f5b588 0x7ff807f5b590 0x7ff807f5b5b0 0x7ff807f5b5c0 0x7ff807f5b5e0 0x7ff807f5b5f0 0x7ff807f5b5f8 
[info] A>0x7ff807f5b620 A>0x7ff807f5b640 A>0x7ff807f5b650 M>0x7ff807f5b680 A>0x7ff807f5b6b8 A>0x7ff807f5b6e8 A>0x7ff807f5b6f8 
[info] 0x7ff807f5b620 0x7ff807f5b640 0x7ff807f5b650 0x7ff807f5b680 0x7ff807f5b6b8 0x7ff807f5b6e8 0x7ff807f5b6f8 
[info] M>0x7ff807f5b700 A>0x7ff807f5b720 M>0x7ff807f5b730 A>0x7ff807f5b750 A>0x7ff807f5b760 A>0x7ff807f5b768 A>0x7ff807f5b798 A>0x7ff807f5b7b8 A>0x7ff807f5b7c8 M>0x7ff807f5b7f8 
[info] 0x7ff807f5b700 0x7ff807f5b720 0x7ff807f5b730 0x7ff807f5b750 0x7ff807f5b760 0x7ff807f5b768 0x7ff807f5b798 0x7ff807f5b7b8 0x7ff807f5b7c8 0x7ff807f5b7f8 
[info] A>0x7ff807f5b840 A>0x7ff807f5b870 A>0x7ff807f5b880 M>0x7ff807f5b888 A>0x7ff807f5b8a8 M>0x7ff807f5b8b8 A>0x7ff807f5b8d8 A>0x7ff807f5b8e8 
[info] 0x7ff807f5b840 0x7ff807f5b870 0x7ff807f5b880 0x7ff807f5b888 0x7ff807f5b8a8 0x7ff807f5b8b8 0x7ff807f5b8d8 0x7ff807f5b8e8 
[info] A>0x7ff807f5be18 A>0x7ff807f5be20 A>0x7ff807f5be60 A>0x7ff807f5be80 A>0x7ff807f5be90 M>0x7ff807f5bec0 
[info] 0x7ff807f5be18 0x7ff807f5be20 0x7ff807f5be60 0x7ff807f5be80 0x7ff807f5be90 0x7ff807f5bec0 
[info] A>0x7ff807f5bf28 A>0x7ff807f5bf58 A>0x7ff807f5bf68 M>0x7ff807f5bf70 A>0x7ff807f5bf90 M>0x7ff807f5bfa0 A>0x7ff807f5bfc0 A>0x7ff807f5bfd0 A>0x7ff807f5bfd8 
[info] 0x7ff807f5bf28 0x7ff807f5bf58 0x7ff807f5bf68 0x7ff807f5bf70 0x7ff807f5bf90 0x7ff807f5bfa0 0x7ff807f5bfc0 0x7ff807f5bfd0 0x7ff807f5bfd8 
[info] A>0x7ff807f5c000 A>0x7ff807f5c020 A>0x7ff807f5c030 M>0x7ff807f5c060 A>0x7ff807f5c098 A>0x7ff807f5c0c8 A>0x7ff807f5c0d8 M>0x7ff807f5c0e0 
[info] 0x7ff807f5c000 0x7ff807f5c020 0x7ff807f5c030 0x7ff807f5c060 0x7ff807f5c098 0x7ff807f5c0c8 0x7ff807f5c0d8 0x7ff807f5c0e0 
[info] A>0x7ff807f5c100 M>0x7ff807f5c110 A>0x7ff807f5c130 A>0x7ff807f5c140 A>0x7ff807f5c148 A>0x7ff807f5c180 A>0x7ff807f5c1a0 A>0x7ff807f5c1b0 M>0x7ff807f5c1e0 
[info] 0x7ff807f5c100 0x7ff807f5c110 0x7ff807f5c130 0x7ff807f5c140 0x7ff807f5c148 0x7ff807f5c180 0x7ff807f5c1a0 0x7ff807f5c1b0 0x7ff807f5c1e0 
[info] A>0x7ff807f5c240 A>0x7ff807f5c270 A>0x7ff807f5c280 M>0x7ff807f5c288 M>0x7ff807f5c298 M>0x7ff807f5c2a8 A>0x7ff807f5c2c8 M>0x7ff807f5c2d8 A>0x7ff807f5c2f8 
[info] 0x7ff807f5c240 0x7ff807f5c270 0x7ff807f5c280 0x7ff807f5c288 0x7ff807f5c298 0x7ff807f5c2a8 0x7ff807f5c2c8 0x7ff807f5c2d8 0x7ff807f5c2f8 
[info] A>0x7ff807f5c308 A>0x7ff807f5c310 A>0x7ff807f5c348 A>0x7ff807f5c368 A>0x7ff807f5c378 M>0x7ff807f5c3a8 
[info] 0x7ff807f5c308 0x7ff807f5c310 0x7ff807f5c348 0x7ff807f5c368 0x7ff807f5c378 0x7ff807f5c3a8 
[info] A>0x7ff807f5c400 A>0x7ff807f5c430 A>0x7ff807f5c440 M>0x7ff807f5c448 A>0x7ff807f5c468 M>0x7ff807f5c478 A>0x7ff807f5c498 A>0x7ff807f5c4a8 A>0x7ff807f5c4b0 A>0x7ff807f5c4e8 
[info] 0x7ff807f5c400 0x7ff807f5c430 0x7ff807f5c440 0x7ff807f5c448 0x7ff807f5c468 0x7ff807f5c478 0x7ff807f5c498 0x7ff807f5c4a8 0x7ff807f5c4b0 0x7ff807f5c4e8 
[info] A>0x7ff807f5c508 A>0x7ff807f5c518 M>0x7ff807f5c548 A>0x7ff807f5c5a0 A>0x7ff807f5c5d0 A>0x7ff807f5c5e0 M>0x7ff807f5c5e8 M>0x7ff807f5c5f8 
[info] 0x7ff807f5c508 0x7ff807f5c518 0x7ff807f5c548 0x7ff807f5c5a0 0x7ff807f5c5d0 0x7ff807f5c5e0 0x7ff807f5c5e8 0x7ff807f5c5f8 
[info] A>0x7ff807f5c618 M>0x7ff807f5c628 A>0x7ff807f5c648 A>0x7ff807f5c658 A>0x7ff807f5c660 A>0x7ff807f5c680 A>0x7ff807f5c6a0 A>0x7ff807f5c6b0 M>0x7ff807f5c6e0 
[info] 0x7ff807f5c618 0x7ff807f5c628 0x7ff807f5c648 0x7ff807f5c658 0x7ff807f5c660 0x7ff807f5c680 0x7ff807f5c6a0 0x7ff807f5c6b0 0x7ff807f5c6e0 
[info] A>0x7ff807f5c710 A>0x7ff807f5c740 A>0x7ff807f5c750 M>0x7ff807f5c758 A>0x7ff807f5c778 M>0x7ff807f5c788 A>0x7ff807f5c7a8 A>0x7ff807f5c7b8 A>0x7ff807f5c7c0 A>0x7ff807f5c7e8 
[info] 0x7ff807f5c710 0x7ff807f5c740 0x7ff807f5c750 0x7ff807f5c758 0x7ff807f5c778 0x7ff807f5c788 0x7ff807f5c7a8 0x7ff807f5c7b8 0x7ff807f5c7c0 0x7ff807f5c7e8 
[info] A>0x7ff807f5c808 A>0x7ff807f5c818 M>0x7ff807f5c848 A>0x7ff807f5c888 A>0x7ff807f5c8b8 A>0x7ff807f5c8c8 M>0x7ff807f5c8d0 A>0x7ff807f5c8f0 
[info] 0x7ff807f5c808 0x7ff807f5c818 0x7ff807f5c848 0x7ff807f5c888 0x7ff807f5c8b8 0x7ff807f5c8c8 0x7ff807f5c8d0 0x7ff807f5c8f0 
[info] M>0x7ff807f5c900 A>0x7ff807f5c920 A>0x7ff807f5c930 A>0x7ff807f5c938 A>0x7ff807f5c968 A>0x7ff807f5c988 A>0x7ff807f5c998 M>0x7ff807f5c9c8 
[info] 0x7ff807f5c900 0x7ff807f5c920 0x7ff807f5c930 0x7ff807f5c938 0x7ff807f5c968 0x7ff807f5c988 0x7ff807f5c998 0x7ff807f5c9c8 
[info] A>0x7ff807f5ca18 A>0x7ff807f5ca48 A>0x7ff807f5ca58 M>0x7ff807f5ca60 A>0x7ff807f5ca80 M>0x7ff807f5ca90 A>0x7ff807f5cab0 A>0x7ff807f5cac0 A>0x7ff807f5cac8 A>0x7ff807f5caf8 
[info] 0x7ff807f5ca18 0x7ff807f5ca48 0x7ff807f5ca58 0x7ff807f5ca60 0x7ff807f5ca80 0x7ff807f5ca90 0x7ff807f5cab0 0x7ff807f5cac0 0x7ff807f5cac8 0x7ff807f5caf8 
[info] A>0x7ff807f5cb18 A>0x7ff807f5cb28 M>0x7ff807f5cb58 A>0x7ff807f5cba0 A>0x7ff807f5cbd0 A>0x7ff807f5cbe0 M>0x7ff807f5cbe8 
[info] 0x7ff807f5cb18 0x7ff807f5cb28 0x7ff807f5cb58 0x7ff807f5cba0 0x7ff807f5cbd0 0x7ff807f5cbe0 0x7ff807f5cbe8 
[info] A>0x7ff807f5cc08 M>0x7ff807f5cc18 A>0x7ff807f5cc38 A>0x7ff807f5cc48 A>0x7ff807f5cc50 A>0x7ff807f5cc78 A>0x7ff807f5cc98 A>0x7ff807f5cca8 M>0x7ff807f5ccd8 
[info] 0x7ff807f5cc08 0x7ff807f5cc18 0x7ff807f5cc38 0x7ff807f5cc48 0x7ff807f5cc50 0x7ff807f5cc78 0x7ff807f5cc98 0x7ff807f5cca8 0x7ff807f5ccd8 
[info] A>0x7ff807f5cd18 A>0x7ff807f5cd48 A>0x7ff807f5cd58 M>0x7ff807f5cd60 A>0x7ff807f5cd80 M>0x7ff807f5cd90 A>0x7ff807f5cdb0 A>0x7ff807f5cdc0 A>0x7ff807f5cdc8 A>0x7ff807f5cdf0 
[info] 0x7ff807f5cd18 0x7ff807f5cd48 0x7ff807f5cd58 0x7ff807f5cd60 0x7ff807f5cd80 0x7ff807f5cd90 0x7ff807f5cdb0 0x7ff807f5cdc0 0x7ff807f5cdc8 0x7ff807f5cdf0 
[info] A>0x7ff807f5ce10 A>0x7ff807f5ce20 M>0x7ff807f5ce50 A>0x7ff807f5ce88 A>0x7ff807f5ceb8 A>0x7ff807f5cec8 M>0x7ff807f5ced0 A>0x7ff807f5cef0 
[info] 0x7ff807f5ce10 0x7ff807f5ce20 0x7ff807f5ce50 0x7ff807f5ce88 0x7ff807f5ceb8 0x7ff807f5cec8 0x7ff807f5ced0 0x7ff807f5cef0 
[info] M>0x7ff807f5cf00 A>0x7ff807f5cf20 A>0x7ff807f5cf30 A>0x7ff807f5cf38 A>0x7ff807f5cf60 A>0x7ff807f5cf80 A>0x7ff807f5cf90 M>0x7ff807f5cfc0 
[info] 0x7ff807f5cf00 0x7ff807f5cf20 0x7ff807f5cf30 0x7ff807f5cf38 0x7ff807f5cf60 0x7ff807f5cf80 0x7ff807f5cf90 0x7ff807f5cfc0 
[info] A>0x7ff807f5d000 A>0x7ff807f5d030 A>0x7ff807f5d040 M>0x7ff807f5d048 A>0x7ff807f5d068 M>0x7ff807f5d078 A>0x7ff807f5d098 A>0x7ff807f5d0a8 A>0x7ff807f5d0b0 A>0x7ff807f5d0d8 A>0x7ff807f5d0f8 
[info] 0x7ff807f5d000 0x7ff807f5d030 0x7ff807f5d040 0x7ff807f5d048 0x7ff807f5d068 0x7ff807f5d078 0x7ff807f5d098 0x7ff807f5d0a8 0x7ff807f5d0b0 0x7ff807f5d0d8 0x7ff807f5d0f8 
[info] A>0x7ff807f5d108 M>0x7ff807f5d138 A>0x7ff807f5d170 A>0x7ff807f5d1a0 A>0x7ff807f5d1b0 M>0x7ff807f5d1b8 A>0x7ff807f5d1d8 M>0x7ff807f5d1e8 
[info] 0x7ff807f5d108 0x7ff807f5d138 0x7ff807f5d170 0x7ff807f5d1a0 0x7ff807f5d1b0 0x7ff807f5d1b8 0x7ff807f5d1d8 0x7ff807f5d1e8 
[info] A>0x7ff807f5d208 A>0x7ff807f5d218 A>0x7ff807f5d220 A>0x7ff807f5d248 A>0x7ff807f5d268 A>0x7ff807f5d278 M>0x7ff807f5d2a8 A>0x7ff807f5d2e8 
[info] 0x7ff807f5d208 0x7ff807f5d218 0x7ff807f5d220 0x7ff807f5d248 0x7ff807f5d268 0x7ff807f5d278 0x7ff807f5d2a8 0x7ff807f5d2e8 
[info] A>0x7ff807f5d318 A>0x7ff807f5d328 M>0x7ff807f5d330 A>0x7ff807f5d350 M>0x7ff807f5d360 A>0x7ff807f5d380 A>0x7ff807f5d390 A>0x7ff807f5d398 A>0x7ff807f5d3c0 A>0x7ff807f5d3e0 A>0x7ff807f5d3f0 
[info] 0x7ff807f5d318 0x7ff807f5d328 0x7ff807f5d330 0x7ff807f5d350 0x7ff807f5d360 0x7ff807f5d380 0x7ff807f5d390 0x7ff807f5d398 0x7ff807f5d3c0 0x7ff807f5d3e0 0x7ff807f5d3f0 
[info] M>0x7ff807f5d420 A>0x7ff807f5d458 A>0x7ff807f5d488 A>0x7ff807f5d498 M>0x7ff807f5d4a0 A>0x7ff807f5d4c0 M>0x7ff807f5d4d0 A>0x7ff807f5d4f0 
[info] 0x7ff807f5d420 0x7ff807f5d458 0x7ff807f5d488 0x7ff807f5d498 0x7ff807f5d4a0 0x7ff807f5d4c0 0x7ff807f5d4d0 0x7ff807f5d4f0 
[info] A>0x7ff807f5d500 A>0x7ff807f5d508 A>0x7ff807f5d540 A>0x7ff807f5d560 A>0x7ff807f5d570 M>0x7ff807f5d5a0 A>0x7ff807f5d5f8 
[info] 0x7ff807f5d500 0x7ff807f5d508 0x7ff807f5d540 0x7ff807f5d560 0x7ff807f5d570 0x7ff807f5d5a0 0x7ff807f5d5f8 
[info] A>0x7ff807f5d628 A>0x7ff807f5d638 M>0x7ff807f5d640 A>0x7ff807f5d660 M>0x7ff807f5d670 A>0x7ff807f5d690 A>0x7ff807f5d6a0 
[info] 0x7ff807f5d628 0x7ff807f5d638 0x7ff807f5d640 0x7ff807f5d660 0x7ff807f5d670 0x7ff807f5d690 0x7ff807f5d6a0 
[info] A>0x7ff807f5e108 A>0x7ff807f5e128 A>0x7ff807f5e138 M>0x7ff807f5e168 A>0x7ff807f5e1b8 A>0x7ff807f5e1e8 A>0x7ff807f5e1f8 
[info] 0x7ff807f5e108 0x7ff807f5e128 0x7ff807f5e138 0x7ff807f5e168 0x7ff807f5e1b8 0x7ff807f5e1e8 0x7ff807f5e1f8 
[info] M>0x7ff807f5e200 A>0x7ff807f5e220 M>0x7ff807f5e230 A>0x7ff807f5e250 A>0x7ff807f5e260 A>0x7ff807f5e268 A>0x7ff807f5e288 A>0x7ff807f5e2a8 A>0x7ff807f5e2b8 M>0x7ff807f5e2e8 
[info] 0x7ff807f5e200 0x7ff807f5e220 0x7ff807f5e230 0x7ff807f5e250 0x7ff807f5e260 0x7ff807f5e268 0x7ff807f5e288 0x7ff807f5e2a8 0x7ff807f5e2b8 0x7ff807f5e2e8 
[info] A>0x7ff807f5e318 A>0x7ff807f5e348 A>0x7ff807f5e358 M>0x7ff807f5e360 A>0x7ff807f5e380 M>0x7ff807f5e390 A>0x7ff807f5e3b0 A>0x7ff807f5e3c0 A>0x7ff807f5e3c8 
[info] 0x7ff807f5e318 0x7ff807f5e348 0x7ff807f5e358 0x7ff807f5e360 0x7ff807f5e380 0x7ff807f5e390 0x7ff807f5e3b0 0x7ff807f5e3c0 0x7ff807f5e3c8 
[info] M>0x7ff807f5ea28 
[info] 0x7ff807f5ea28 
[info] 
[info] 
[info] 
[info] 
[info] 
[info] 
[info] 
[info] 
[info] 
[info] 
[info] 
[info] 
[info] 
[info] 
[info] 
[info] 
[info] 
[info] 
[info] 
[info] 
[info] 
[info] 
[info] A>0x7ff807f5f610 A>0x7ff807f5f640 A>0x7ff807f5f650 M>0x7ff807f5f658 A>0x7ff807f5f678 M>0x7ff807f5f688 A>0x7ff807f5f6a8 A>0x7ff807f5f6b8 A>0x7ff807f5f6c0 
[info] 0x7ff807f5f610 0x7ff807f5f640 0x7ff807f5f650 0x7ff807f5f658 0x7ff807f5f678 0x7ff807f5f688 0x7ff807f5f6a8 0x7ff807f5f6b8 0x7ff807f5f6c0 
[info] A>0x7ff807f5f708 A>0x7ff807f5f728 A>0x7ff807f5f738 M>0x7ff807f5f768 A>0x7ff807f5f7e8 
[info] 0x7ff807f5f708 0x7ff807f5f728 0x7ff807f5f738 0x7ff807f5f768 0x7ff807f5f7e8 
[info] A>0x7ff807f5f818 A>0x7ff807f5f828 M>0x7ff807f5f830 A>0x7ff807f5f850 M>0x7ff807f5f860 A>0x7ff807f5f880 A>0x7ff807f5f890 A>0x7ff807f5f898 A>0x7ff807f5f8c0 A>0x7ff807f5f8e0 A>0x7ff807f5f8f0 
[info] 0x7ff807f5f818 0x7ff807f5f828 0x7ff807f5f830 0x7ff807f5f850 0x7ff807f5f860 0x7ff807f5f880 0x7ff807f5f890 0x7ff807f5f898 0x7ff807f5f8c0 0x7ff807f5f8e0 0x7ff807f5f8f0 
[info] M>0x7ff807f5f920 A>0x7ff807f5f958 A>0x7ff807f5f988 A>0x7ff807f5f998 M>0x7ff807f5f9a0 M>0x7ff807f5f9b0 A>0x7ff807f5f9d0 M>0x7ff807f5f9e0 
[info] 0x7ff807f5f920 0x7ff807f5f958 0x7ff807f5f988 0x7ff807f5f998 0x7ff807f5f9a0 0x7ff807f5f9b0 0x7ff807f5f9d0 0x7ff807f5f9e0 
[info] A>0x7ff807f5fa00 A>0x7ff807f5fa10 A>0x7ff807f5fa18 A>0x7ff807f5fa38 A>0x7ff807f5fa58 A>0x7ff807f5fa68 M>0x7ff807f5fa98 A>0x7ff807f5fac8 A>0x7ff807f5faf8 
[info] 0x7ff807f5fa00 0x7ff807f5fa10 0x7ff807f5fa18 0x7ff807f5fa38 0x7ff807f5fa58 0x7ff807f5fa68 0x7ff807f5fa98 0x7ff807f5fac8 0x7ff807f5faf8 
[info] A>0x7ff807f5fb08 M>0x7ff807f5fb10 M>0x7ff807f5fb20 A>0x7ff807f5fb40 M>0x7ff807f5fb50 A>0x7ff807f5fb70 A>0x7ff807f5fb80 A>0x7ff807f5fb88 
[info] 0x7ff807f5fb08 0x7ff807f5fb10 0x7ff807f5fb20 0x7ff807f5fb40 0x7ff807f5fb50 0x7ff807f5fb70 0x7ff807f5fb80 0x7ff807f5fb88 
[info] A>0x7ff807f5fc90 A>0x7ff807f5fcb0 A>0x7ff807f5fcc0 M>0x7ff807f5fcf0 
[info] 0x7ff807f5fc90 0x7ff807f5fcb0 0x7ff807f5fcc0 0x7ff807f5fcf0 
[info] 
[info] 
[info] A>0x7ff807f5fee8 
[info] 0x7ff807f5fee8 
[info] A>0x7ff807f5ff18 A>0x7ff807f5ff28 M>0x7ff807f5ff30 A>0x7ff807f5ff50 M>0x7ff807f5ff60 A>0x7ff807f5ff80 A>0x7ff807f5ff90 A>0x7ff807f5ff98 A>0x7ff807f5ffc8 A>0x7ff807f5ffe8 
[info] 0x7ff807f5ff18 0x7ff807f5ff28 0x7ff807f5ff30 0x7ff807f5ff50 0x7ff807f5ff60 0x7ff807f5ff80 0x7ff807f5ff90 0x7ff807f5ff98 0x7ff807f5ffc8 0x7ff807f5ffe8 0x7ff807f5fff8 tests-out: /home/valdis/scala-native/unit-tests/target/scala-2.11/native/lib/gc/immix/Block.c:42: void Block_recycleMarkedLine(Bytemap *, word_t *, int): Assertion `!Bytemap_IsFree(bytemap, (word_t *) object)' failed.
[info]   [ok] should store strings
[info]   [ok] should store integers
[info]   [ok] should store doubles also in corner cases
[info]   [ok] should store custom objects
[info]   [ok] should remove stored elements
[info]   [ok] should remove stored elements on double corner cases
[info]   [ok] should put or fail on null keys
[info]   [ok] should put or fail on null values
[info]   [ok] should be cleared with one operation
[info]   [ok] should check contained key presence
[info]   [ok] should check contained value presence
[info]   [ok] should give proper Collection over values
[info]   [ok] should give proper EntrySet over key value pairs
[info]   [ok] should give proper KeySet over keys
[info]   [ok] should put a whole map into
[info]   [ok] values should mirror the related map size
[info]   [ok] values should check single and multiple objects presence
[info] Process 64900 stopped
[info]   [ok] values should side effect clear remove retain on the related map
[info] * thread #1, name = 'tests-out', stop reason = signal SIGABRT
[info]   [ok] keySet should mirror the related map size
[info]     frame #0: 0x00007ffff660fe97 libc.so.6`__GI_raise(sig=2) at raise.c:51
[info] 
[info]   [ok] keySet should check single and multiple objects presence
[info] Process 64900 launched: '/home/valdis/scala-native/unit-tests/target/scala-2.11/tests-out' (x86_64)
[info] (lldb) bt
[info]   [ok] keySet should side effect clear remove retain on the related map
[info] * thread #1, name = 'tests-out', stop reason = signal SIGABRT
[info]   * frame #0: 0x00007ffff660fe97 libc.so.6`__GI_raise(sig=2) at raise.c:51
[info]     frame #1: 0x00007ffff6611801 libc.so.6`__GI_abort at abort.c:79
[info]     frame #2: 0x00007ffff660139a libc.so.6`__assert_fail_base(fmt="%s%s%s:%u: %s%sAssertion `%s' failed.\n%n", assertion="!Bytemap_IsFree(bytemap, (word_t *) object)", file="/home/valdis/scala-native/unit-tests/target/scala-2.11/native/lib/gc/immix/Block.c", line=42, function=<unavailable>) at assert.c:92
[info]     frame #3: 0x00007ffff6601412 libc.so.6`__GI___assert_fail(assertion=<unavailable>, file=<unavailable>, line=<unavailable>, function=<unavailable>) at assert.c:101
[info]     frame #4: 0x0000000000b599a4 tests-out`Block_Recycle + 1156
[info]     frame #5: 0x0000000000b58f13 tests-out`Heap_Recycle + 115
[info]     frame #6: 0x0000000000b5875a tests-out`Heap_Collect + 74
[info]     frame #7: 0x0000000000b58ac8 tests-out`Heap_allocSmallSlow + 40
[info]     frame #8: 0x0000000000b591e4 tests-out`scalanative_alloc_small + 20
[info]     frame #9: 0x0000000000ab91e0 tests-out`scala.collection.mutable.LinkedHashMap::createNewEntry_java.lang.Object_java.lang.Object_scala.collection.mutable.LinkedEntry + 48
[info]     frame #10: 0x0000000000b4a906 tests-out`scala.collection.mutable.LinkedHashMap::createNewEntry_java.lang.Object_java.lang.Object_scala.collection.mutable.HashEntry + 6
[info]     frame #11: 0x0000000000ae9f37 tests-out`scala.collection.mutable.HashTable$class::findOrAddEntry_scala.collection.mutable.HashTable_java.lang.Object_java.lang.Object_scala.collection.mutable.HashEntry + 167
[info]     frame #12: 0x00000000009e4981 tests-out`scala.collection.mutable.LinkedHashMap::findOrAddEntry_java.lang.Object_java.lang.Object_scala.collection.mutable.HashEntry + 49
[info]     frame #13: 0x000000000073276e tests-out`scala.collection.mutable.LinkedHashMap::put_java.lang.Object_java.lang.Object_scala.Option + 14
[info]     frame #14: 0x000000000087d521 tests-out`java.util.HashMap::put_java.lang.Object_java.lang.Object_java.lang.Object + 65
[info]     frame #15: 0x0000000000790259 tests-out`java.util.LinkedHashMap::put_java.lang.Object_java.lang.Object_java.lang.Object + 297
[info]     frame #16: 0x00000000008a0bf3 tests-out`java.util.LinkedHashMapSuite$$anonfun$1$$anonfun$apply$mcV$sp$1::apply_i32_java.lang.String + 275
[info]     frame #17: 0x0000000000b42958 tests-out`java.util.LinkedHashMapSuite$$anonfun$1$$anonfun$apply$mcV$sp$1::apply_java.lang.Object_java.lang.Object + 24
[info]     frame #18: 0x000000000096995e tests-out`scala.collection.immutable.Range::foreach_scala.Function1_unit + 110
[info]     frame #19: 0x0000000000823415 tests-out`java.util.LinkedHashMapSuite$$anonfun$1::apply$mcV$sp_unit + 389
[info]     frame #20: 0x000000000082d9cb tests-out`tests.Suite$$anonfun$test$1::apply$mcZ$sp_bool + 43
[info]     frame #21: 0x000000000096e002 tests-out`tests.Suite$$anonfun$run$2::apply_tests.Test_unit + 50
[info]     frame #22: 0x000000000088c026 tests-out`tests.Suite$$anonfun$run$2::apply_java.lang.Object_java.lang.Object + 6
[info]     frame #23: 0x0000000000943a95 tests-out`scala.collection.mutable.UnrolledBuffer$Unrolled::foreach_scala.Function1_unit + 213
[info]     frame #24: 0x0000000000928f16 tests-out`scala.collection.mutable.UnrolledBuffer::foreach_scala.Function1_unit + 22
[info]     frame #25: 0x0000000000b30b60 tests-out`tests.Suite::run_sbt.testing.EventHandler_arr.sbt.testing.Logger_bool + 240
[info]     frame #26: 0x0000000000783603 tests-out`tests.NativeTask::execute_sbt.testing.EventHandler_arr.sbt.testing.Logger_arr.sbt.testing.Task + 67
[info]     frame #27: 0x0000000000b30844 tests-out`scala.scalanative.testinterface.TestMainBase$$anonfun$3::apply_sbt.testing.Task_arr.sbt.testing.Task + 20
[info]     frame #28: 0x0000000000989926 tests-out`scala.scalanative.testinterface.TestMainBase$$anonfun$3::apply_java.lang.Object_java.lang.Object + 6
[info]     frame #29: 0x00000000008cdd70 tests-out`scala.Option::map_scala.Function1_scala.Option + 112
[info]     frame #30: 0x0000000000aed645 tests-out`scala.scalanative.testinterface.TestMainBase::testRunner_arr.sbt.testing.Task_sbt.testing.Runner_java.net.Socket_unit + 1461
[info]     frame #31: 0x0000000000989a6d tests-out`scala.scalanative.testinterface.TestMainBase::testMain_arr.java.lang.String_unit + 317
[info]     frame #32: 0x0000000000b30826 tests-out`scala.scalanative.testinterface.TestMain$::main_arr.java.lang.String_unit + 6
[info]     frame #33: 0x00000000007032cd tests-out`main + 109
[info]     frame #34: 0x00007ffff65f2b97 libc.so.6`__libc_start_main(main=(tests-out`main), argc=2, argv=0x00007fffffffdb68, init=<unavailable>, fini=<unavailable>, rtld_fini=<unavailable>, stack_end=0x00007fffffffdb58) at libc-start.c:310
[info]     frame #35: 0x00000000006f3dca tests-out`_start + 42
[info] (lldb) q
java.net.SocketException: Socket is closed
	at java.net.Socket.setSoTimeout(Socket.java:1137)
	at scala.scalanative.testinterface.ComRunner.receive(ComRunner.scala:107)
	at scala.scalanative.testinterface.ScalaNativeRunner.receive(ScalaNativeRunner.scala:36)
	at scala.scalanative.testinterface.ScalaNativeTask.receive$1(ScalaNativeTask.scala:31)
	at scala.scalanative.testinterface.ScalaNativeTask.execute(ScalaNativeTask.scala:42)
	at sbt.TestRunner.runTest$1(TestFramework.scala:76)
	at sbt.TestRunner.run(TestFramework.scala:85)
	at sbt.TestFramework$$anon$2$$anonfun$$init$$1$$anonfun$apply$8.apply(TestFramework.scala:202)
	at sbt.TestFramework$$anon$2$$anonfun$$init$$1$$anonfun$apply$8.apply(TestFramework.scala:202)
	at sbt.TestFramework$.sbt$TestFramework$$withContextLoader(TestFramework.scala:185)
	at sbt.TestFramework$$anon$2$$anonfun$$init$$1.apply(TestFramework.scala:202)
	at sbt.TestFramework$$anon$2$$anonfun$$init$$1.apply(TestFramework.scala:202)
	at sbt.TestFunction.apply(TestFramework.scala:207)
	at sbt.Tests$.sbt$Tests$$processRunnable$1(Tests.scala:239)
	at sbt.Tests$$anonfun$makeSerial$1.apply(Tests.scala:245)
	at sbt.Tests$$anonfun$makeSerial$1.apply(Tests.scala:245)
	at sbt.std.Transform$$anon$3$$anonfun$apply$2.apply(System.scala:44)
	at sbt.std.Transform$$anon$3$$anonfun$apply$2.apply(System.scala:44)
	at sbt.std.Transform$$anon$4.work(System.scala:63)
	at sbt.Execute$$anonfun$submit$1$$anonfun$apply$1.apply(Execute.scala:228)
	at sbt.Execute$$anonfun$submit$1$$anonfun$apply$1.apply(Execute.scala:228)
	at sbt.ErrorHandling$.wideConvert(ErrorHandling.scala:17)
	at sbt.Execute.work(Execute.scala:237)
	at sbt.Execute$$anonfun$submit$1.apply(Execute.scala:228)
	at sbt.Execute$$anonfun$submit$1.apply(Execute.scala:228)
	at sbt.ConcurrentRestrictions$$anon$4$$anonfun$1.apply(ConcurrentRestrictions.scala:159)
	at sbt.CompletionService$$anon$2.call(CompletionService.scala:28)
	at java.util.concurrent.FutureTask.run(FutureTask.java:266)
	at java.util.concurrent.Executors$RunnableAdapter.call(Executors.java:511)
	at java.util.concurrent.FutureTask.run(FutureTask.java:266)
	at java.util.concurrent.ThreadPoolExecutor.runWorker(ThreadPoolExecutor.java:1149)
	at java.util.concurrent.ThreadPoolExecutor$Worker.run(ThreadPoolExecutor.java:624)
	at java.lang.Thread.run(Thread.java:748)
[error] Could not run test java.util.LinkedHashMapAccessOrderLimitedSuite: java.net.SocketException: Socket is closed
java.lang.NullPointerException
	at sbt.JUnitXmlTestsListener$TestSuite$$anonfun$2.apply(JUnitXmlTestsListener.scala:78)
	at sbt.JUnitXmlTestsListener$TestSuite$$anonfun$2.apply(JUnitXmlTestsListener.scala:71)
	at scala.collection.TraversableLike$$anonfun$map$1.apply(TraversableLike.scala:244)
	at scala.collection.TraversableLike$$anonfun$map$1.apply(TraversableLike.scala:244)
	at scala.collection.immutable.List.foreach(List.scala:318)
	at scala.collection.generic.TraversableForwarder$class.foreach(TraversableForwarder.scala:32)
	at scala.collection.mutable.ListBuffer.foreach(ListBuffer.scala:45)
	at scala.collection.TraversableLike$class.map(TraversableLike.scala:244)
	at scala.collection.AbstractTraversable.map(Traversable.scala:105)
	at sbt.JUnitXmlTestsListener$TestSuite.stop(JUnitXmlTestsListener.scala:71)
	at sbt.JUnitXmlTestsListener.writeSuite(JUnitXmlTestsListener.scala:180)
	at sbt.JUnitXmlTestsListener.endGroup(JUnitXmlTestsListener.scala:161)
	at sbt.TestRunner$$anonfun$run$4.apply(TestFramework.scala:90)
	at sbt.TestRunner$$anonfun$run$4.apply(TestFramework.scala:90)
	at sbt.TestFramework$$anonfun$safeForeach$1.apply(TestFramework.scala:107)
	at sbt.TestFramework$$anonfun$safeForeach$1.apply(TestFramework.scala:107)
	at scala.collection.immutable.List.foreach(List.scala:318)
	at sbt.TestFramework$.safeForeach(TestFramework.scala:107)
	at sbt.TestRunner.safeListenersCall(TestFramework.scala:96)
	at sbt.TestRunner.run(TestFramework.scala:90)
	at sbt.TestFramework$$anon$2$$anonfun$$init$$1$$anonfun$apply$8.apply(TestFramework.scala:202)
	at sbt.TestFramework$$anon$2$$anonfun$$init$$1$$anonfun$apply$8.apply(TestFramework.scala:202)
	at sbt.TestFramework$.sbt$TestFramework$$withContextLoader(TestFramework.scala:185)
	at sbt.TestFramework$$anon$2$$anonfun$$init$$1.apply(TestFramework.scala:202)
	at sbt.TestFramework$$anon$2$$anonfun$$init$$1.apply(TestFramework.scala:202)
	at sbt.TestFunction.apply(TestFramework.scala:207)
	at sbt.Tests$.sbt$Tests$$processRunnable$1(Tests.scala:239)
	at sbt.Tests$$anonfun$makeSerial$1.apply(Tests.scala:245)
	at sbt.Tests$$anonfun$makeSerial$1.apply(Tests.scala:245)
	at sbt.std.Transform$$anon$3$$anonfun$apply$2.apply(System.scala:44)
	at sbt.std.Transform$$anon$3$$anonfun$apply$2.apply(System.scala:44)
	at sbt.std.Transform$$anon$4.work(System.scala:63)
	at sbt.Execute$$anonfun$submit$1$$anonfun$apply$1.apply(Execute.scala:228)
	at sbt.Execute$$anonfun$submit$1$$anonfun$apply$1.apply(Execute.scala:228)
	at sbt.ErrorHandling$.wideConvert(ErrorHandling.scala:17)
	at sbt.Execute.work(Execute.scala:237)
	at sbt.Execute$$anonfun$submit$1.apply(Execute.scala:228)
	at sbt.Execute$$anonfun$submit$1.apply(Execute.scala:228)
	at sbt.ConcurrentRestrictions$$anon$4$$anonfun$1.apply(ConcurrentRestrictions.scala:159)
	at sbt.CompletionService$$anon$2.call(CompletionService.scala:28)
	at java.util.concurrent.FutureTask.run(FutureTask.java:266)
	at java.util.concurrent.Executors$RunnableAdapter.call(Executors.java:511)
	at java.util.concurrent.FutureTask.run(FutureTask.java:266)
	at java.util.concurrent.ThreadPoolExecutor.runWorker(ThreadPoolExecutor.java:1149)
	at java.util.concurrent.ThreadPoolExecutor$Worker.run(ThreadPoolExecutor.java:624)
	at java.lang.Thread.run(Thread.java:748)
[error] java.lang.NullPointerException
scala.scalanative.build.BuildException: Test runner not running.
	at scala.scalanative.testinterface.ComRunner.send(ComRunner.scala:69)
	at scala.scalanative.testinterface.ScalaNativeRunner.send(ScalaNativeRunner.scala:33)
	at scala.scalanative.testinterface.ScalaNativeTask.execute(ScalaNativeTask.scala:27)
	at sbt.TestRunner.runTest$1(TestFramework.scala:76)
	at sbt.TestRunner.run(TestFramework.scala:85)
	at sbt.TestFramework$$anon$2$$anonfun$$init$$1$$anonfun$apply$8.apply(TestFramework.scala:202)
	at sbt.TestFramework$$anon$2$$anonfun$$init$$1$$anonfun$apply$8.apply(TestFramework.scala:202)
	at sbt.TestFramework$.sbt$TestFramework$$withContextLoader(TestFramework.scala:185)
	at sbt.TestFramework$$anon$2$$anonfun$$init$$1.apply(TestFramework.scala:202)
	at sbt.TestFramework$$anon$2$$anonfun$$init$$1.apply(TestFramework.scala:202)
	at sbt.TestFunction.apply(TestFramework.scala:207)
	at sbt.Tests$.sbt$Tests$$processRunnable$1(Tests.scala:239)
	at sbt.Tests$$anonfun$makeSerial$1.apply(Tests.scala:245)
	at sbt.Tests$$anonfun$makeSerial$1.apply(Tests.scala:245)
	at sbt.std.Transform$$anon$3$$anonfun$apply$2.apply(System.scala:44)
	at sbt.std.Transform$$anon$3$$anonfun$apply$2.apply(System.scala:44)
	at sbt.std.Transform$$anon$4.work(System.scala:63)
	at sbt.Execute$$anonfun$submit$1$$anonfun$apply$1.apply(Execute.scala:228)
	at sbt.Execute$$anonfun$submit$1$$anonfun$apply$1.apply(Execute.scala:228)
	at sbt.ErrorHandling$.wideConvert(ErrorHandling.scala:17)
	at sbt.Execute.work(Execute.scala:237)
	at sbt.Execute$$anonfun$submit$1.apply(Execute.scala:228)
	at sbt.Execute$$anonfun$submit$1.apply(Execute.scala:228)
	at sbt.ConcurrentRestrictions$$anon$4$$anonfun$1.apply(ConcurrentRestrictions.scala:159)
	at sbt.CompletionService$$anon$2.call(CompletionService.scala:28)
	at java.util.concurrent.FutureTask.run(FutureTask.java:266)
	at java.util.concurrent.Executors$RunnableAdapter.call(Executors.java:511)
	at java.util.concurrent.FutureTask.run(FutureTask.java:266)
	at java.util.concurrent.ThreadPoolExecutor.runWorker(ThreadPoolExecutor.java:1149)
	at java.util.concurrent.ThreadPoolExecutor$Worker.run(ThreadPoolExecutor.java:624)
	at java.lang.Thread.run(Thread.java:748)
